{"/home/gmsas95/Blytz/src/components/AuctionCard.tsx": {"path":"/home/gmsas95/Blytz/src/components/AuctionCard.tsx","statementMap":{"0":{"start":{"line":37,"column":26},"end":{"line":73,"column":3}},"1":{"start":{"line":40,"column":4},"end":{"line":40,"column":30}},"2":{"start":{"line":40,"column":20},"end":{"line":40,"column":30}},"3":{"start":{"line":42,"column":16},"end":{"line":42,"column":26}},"4":{"start":{"line":43,"column":24},"end":{"line":43,"column":42}},"5":{"start":{"line":44,"column":21},"end":{"line":44,"column":58}},"6":{"start":{"line":46,"column":4},"end":{"line":51,"column":5}},"7":{"start":{"line":47,"column":6},"end":{"line":50,"column":9}},"8":{"start":{"line":53,"column":21},"end":{"line":53,"column":65}},"9":{"start":{"line":55,"column":4},"end":{"line":72,"column":5}},"10":{"start":{"line":56,"column":24},"end":{"line":56,"column":63}},"11":{"start":{"line":57,"column":6},"end":{"line":61,"column":7}},"12":{"start":{"line":58,"column":28},"end":{"line":58,"column":62}},"13":{"start":{"line":59,"column":8},"end":{"line":59,"column":50}},"14":{"start":{"line":59,"column":30},"end":{"line":59,"column":50}},"15":{"start":{"line":60,"column":8},"end":{"line":60,"column":73}},"16":{"start":{"line":62,"column":6},"end":{"line":62,"column":65}},"17":{"start":{"line":63,"column":11},"end":{"line":72,"column":5}},"18":{"start":{"line":64,"column":6},"end":{"line":64,"column":24}},"19":{"start":{"line":65,"column":11},"end":{"line":72,"column":5}},"20":{"start":{"line":66,"column":6},"end":{"line":66,"column":35}},"21":{"start":{"line":68,"column":6},"end":{"line":71,"column":9}},"22":{"start":{"line":75,"column":2},"end":{"line":132,"column":4}}},"fnMap":{"0":{"name":"AuctionCard","decl":{"start":{"line":32,"column":24},"end":{"line":32,"column":35}},"loc":{"start":{"line":36,"column":21},"end":{"line":133,"column":1}},"line":36},"1":{"name":"(anonymous_1)","decl":{"start":{"line":37,"column":26},"end":{"line":37,"column":27}},"loc":{"start":{"line":39,"column":15},"end":{"line":73,"column":3}},"line":39}},"branchMap":{"0":{"loc":{"start":{"line":40,"column":4},"end":{"line":40,"column":30}},"type":"if","locations":[{"start":{"line":40,"column":4},"end":{"line":40,"column":30}},{"start":{},"end":{}}],"line":40},"1":{"loc":{"start":{"line":46,"column":4},"end":{"line":51,"column":5}},"type":"if","locations":[{"start":{"line":46,"column":4},"end":{"line":51,"column":5}},{"start":{},"end":{}}],"line":46},"2":{"loc":{"start":{"line":55,"column":4},"end":{"line":72,"column":5}},"type":"if","locations":[{"start":{"line":55,"column":4},"end":{"line":72,"column":5}},{"start":{"line":63,"column":11},"end":{"line":72,"column":5}}],"line":55},"3":{"loc":{"start":{"line":57,"column":6},"end":{"line":61,"column":7}},"type":"if","locations":[{"start":{"line":57,"column":6},"end":{"line":61,"column":7}},{"start":{},"end":{}}],"line":57},"4":{"loc":{"start":{"line":59,"column":8},"end":{"line":59,"column":50}},"type":"if","locations":[{"start":{"line":59,"column":8},"end":{"line":59,"column":50}},{"start":{},"end":{}}],"line":59},"5":{"loc":{"start":{"line":60,"column":42},"end":{"line":60,"column":70}},"type":"cond-expr","locations":[{"start":{"line":60,"column":62},"end":{"line":60,"column":65}},{"start":{"line":60,"column":68},"end":{"line":60,"column":70}}],"line":60},"6":{"loc":{"start":{"line":62,"column":36},"end":{"line":62,"column":62}},"type":"cond-expr","locations":[{"start":{"line":62,"column":54},"end":{"line":62,"column":57}},{"start":{"line":62,"column":60},"end":{"line":62,"column":62}}],"line":62},"7":{"loc":{"start":{"line":63,"column":11},"end":{"line":72,"column":5}},"type":"if","locations":[{"start":{"line":63,"column":11},"end":{"line":72,"column":5}},{"start":{"line":65,"column":11},"end":{"line":72,"column":5}}],"line":63},"8":{"loc":{"start":{"line":65,"column":11},"end":{"line":72,"column":5}},"type":"if","locations":[{"start":{"line":65,"column":11},"end":{"line":72,"column":5}},{"start":{"line":67,"column":11},"end":{"line":72,"column":5}}],"line":65},"9":{"loc":{"start":{"line":85,"column":17},"end":{"line":85,"column":74}},"type":"binary-expr","locations":[{"start":{"line":85,"column":17},"end":{"line":85,"column":37}},{"start":{"line":85,"column":41},"end":{"line":85,"column":74}}],"line":85},"10":{"loc":{"start":{"line":92,"column":9},"end":{"line":94,"column":9}},"type":"binary-expr","locations":[{"start":{"line":92,"column":9},"end":{"line":92,"column":34}},{"start":{"line":93,"column":10},"end":{"line":93,"column":57}}],"line":92},"11":{"loc":{"start":{"line":96,"column":9},"end":{"line":102,"column":9}},"type":"binary-expr","locations":[{"start":{"line":96,"column":9},"end":{"line":96,"column":38}},{"start":{"line":96,"column":42},"end":{"line":96,"column":59}},{"start":{"line":97,"column":10},"end":{"line":101,"column":17}}],"line":96},"12":{"loc":{"start":{"line":104,"column":9},"end":{"line":110,"column":9}},"type":"binary-expr","locations":[{"start":{"line":104,"column":9},"end":{"line":104,"column":35}},{"start":{"line":105,"column":10},"end":{"line":109,"column":17}}],"line":104}},"s":{"0":0,"1":0,"2":0,"3":0,"4":0,"5":0,"6":0,"7":0,"8":0,"9":0,"10":0,"11":0,"12":0,"13":0,"14":0,"15":0,"16":0,"17":0,"18":0,"19":0,"20":0,"21":0,"22":0},"f":{"0":0,"1":0},"b":{"0":[0,0],"1":[0,0],"2":[0,0],"3":[0,0],"4":[0,0],"5":[0,0],"6":[0,0],"7":[0,0],"8":[0,0],"9":[0,0],"10":[0,0],"11":[0,0,0],"12":[0,0]}}
,"/home/gmsas95/Blytz/src/components/LiveBadge.tsx": {"path":"/home/gmsas95/Blytz/src/components/LiveBadge.tsx","statementMap":{"0":{"start":{"line":19,"column":2},"end":{"line":25,"column":4}}},"fnMap":{"0":{"name":"LiveBadge","decl":{"start":{"line":18,"column":24},"end":{"line":18,"column":33}},"loc":{"start":{"line":18,"column":63},"end":{"line":26,"column":1}},"line":18}},"branchMap":{},"s":{"0":0},"f":{"0":0},"b":{}}
,"/home/gmsas95/Blytz/src/components/Auth/SocialButton.tsx": {"path":"/home/gmsas95/Blytz/src/components/Auth/SocialButton.tsx","statementMap":{"0":{"start":{"line":11,"column":50},"end":{"line":34,"column":1}},"1":{"start":{"line":12,"column":19},"end":{"line":12,"column":40}},"2":{"start":{"line":13,"column":19},"end":{"line":13,"column":58}},"3":{"start":{"line":14,"column":21},"end":{"line":14,"column":78}},"4":{"start":{"line":16,"column":2},"end":{"line":33,"column":4}},"5":{"start":{"line":36,"column":15},"end":{"line":62,"column":2}}},"fnMap":{"0":{"name":"(anonymous_0)","decl":{"start":{"line":11,"column":50},"end":{"line":11,"column":51}},"loc":{"start":{"line":11,"column":75},"end":{"line":34,"column":1}},"line":11}},"branchMap":{"0":{"loc":{"start":{"line":13,"column":19},"end":{"line":13,"column":58}},"type":"cond-expr","locations":[{"start":{"line":13,"column":30},"end":{"line":13,"column":43}},{"start":{"line":13,"column":46},"end":{"line":13,"column":58}}],"line":13},"1":{"loc":{"start":{"line":14,"column":21},"end":{"line":14,"column":78}},"type":"cond-expr","locations":[{"start":{"line":14,"column":32},"end":{"line":14,"column":54}},{"start":{"line":14,"column":57},"end":{"line":14,"column":78}}],"line":14}},"s":{"0":0,"1":0,"2":0,"3":0,"4":0,"5":0},"f":{"0":0},"b":{"0":[0,0],"1":[0,0]}}
,"/home/gmsas95/Blytz/src/components/Home/BidPrice.tsx": {"path":"/home/gmsas95/Blytz/src/components/Home/BidPrice.tsx","statementMap":{"0":{"start":{"line":10,"column":2},"end":{"line":12,"column":3}},"1":{"start":{"line":11,"column":4},"end":{"line":11,"column":16}},"2":{"start":{"line":14,"column":2},"end":{"line":20,"column":4}},"3":{"start":{"line":23,"column":15},"end":{"line":39,"column":2}}},"fnMap":{"0":{"name":"BidPrice","decl":{"start":{"line":9,"column":24},"end":{"line":9,"column":32}},"loc":{"start":{"line":9,"column":62},"end":{"line":21,"column":1}},"line":9}},"branchMap":{"0":{"loc":{"start":{"line":10,"column":2},"end":{"line":12,"column":3}},"type":"if","locations":[{"start":{"line":10,"column":2},"end":{"line":12,"column":3}},{"start":{},"end":{}}],"line":10}},"s":{"0":0,"1":0,"2":0,"3":0},"f":{"0":0},"b":{"0":[0,0]}}
,"/home/gmsas95/Blytz/src/components/Home/LiveBadge.tsx": {"path":"/home/gmsas95/Blytz/src/components/Home/LiveBadge.tsx","statementMap":{"0":{"start":{"line":6,"column":2},"end":{"line":11,"column":4}},"1":{"start":{"line":14,"column":15},"end":{"line":37,"column":2}}},"fnMap":{"0":{"name":"LiveBadge","decl":{"start":{"line":5,"column":24},"end":{"line":5,"column":33}},"loc":{"start":{"line":5,"column":36},"end":{"line":12,"column":1}},"line":5}},"branchMap":{},"s":{"0":0,"1":0},"f":{"0":0},"b":{}}
,"/home/gmsas95/Blytz/src/components/Home/LiveStreamItem.tsx": {"path":"/home/gmsas95/Blytz/src/components/Home/LiveStreamItem.tsx","statementMap":{"0":{"start":{"line":11,"column":18},"end":{"line":11,"column":42}},"1":{"start":{"line":38,"column":2},"end":{"line":60,"column":4}},"2":{"start":{"line":63,"column":15},"end":{"line":91,"column":2}}},"fnMap":{"0":{"name":"LiveStreamItem","decl":{"start":{"line":27,"column":24},"end":{"line":27,"column":38}},"loc":{"start":{"line":37,"column":24},"end":{"line":61,"column":1}},"line":37}},"branchMap":{"0":{"loc":{"start":{"line":33,"column":2},"end":{"line":33,"column":18}},"type":"default-arg","locations":[{"start":{"line":33,"column":13},"end":{"line":33,"column":18}}],"line":33}},"s":{"0":0,"1":0,"2":0},"f":{"0":0},"b":{"0":[0]}}
,"/home/gmsas95/Blytz/src/components/Home/SellerInfo.tsx": {"path":"/home/gmsas95/Blytz/src/components/Home/SellerInfo.tsx","statementMap":{"0":{"start":{"line":12,"column":2},"end":{"line":20,"column":4}},"1":{"start":{"line":23,"column":15},"end":{"line":51,"column":2}}},"fnMap":{"0":{"name":"SellerInfo","decl":{"start":{"line":11,"column":24},"end":{"line":11,"column":34}},"loc":{"start":{"line":11,"column":77},"end":{"line":21,"column":1}},"line":11}},"branchMap":{},"s":{"0":0,"1":0},"f":{"0":0},"b":{}}
,"/home/gmsas95/Blytz/src/components/Home/ViewerCount.tsx": {"path":"/home/gmsas95/Blytz/src/components/Home/ViewerCount.tsx","statementMap":{"0":{"start":{"line":10,"column":2},"end":{"line":14,"column":4}},"1":{"start":{"line":17,"column":15},"end":{"line":28,"column":2}}},"fnMap":{"0":{"name":"ViewerCount","decl":{"start":{"line":9,"column":24},"end":{"line":9,"column":35}},"loc":{"start":{"line":9,"column":65},"end":{"line":15,"column":1}},"line":9}},"branchMap":{},"s":{"0":0,"1":0},"f":{"0":0},"b":{}}
,"/home/gmsas95/Blytz/src/components/Home/ViewerStats.tsx": {"path":"/home/gmsas95/Blytz/src/components/Home/ViewerStats.tsx","statementMap":{"0":{"start":{"line":12,"column":2},"end":{"line":31,"column":4}},"1":{"start":{"line":34,"column":15},"end":{"line":51,"column":2}}},"fnMap":{"0":{"name":"ViewerStats","decl":{"start":{"line":11,"column":24},"end":{"line":11,"column":35}},"loc":{"start":{"line":11,"column":79},"end":{"line":32,"column":1}},"line":11}},"branchMap":{},"s":{"0":0,"1":0},"f":{"0":0},"b":{}}
,"/home/gmsas95/Blytz/src/components/LiveStream/viewer/BidOverlayComponent.tsx": {"path":"/home/gmsas95/Blytz/src/components/LiveStream/viewer/BidOverlayComponent.tsx","statementMap":{"0":{"start":{"line":4,"column":28},"end":{"line":13,"column":1}},"1":{"start":{"line":5,"column":2},"end":{"line":12,"column":4}},"2":{"start":{"line":15,"column":15},"end":{"line":39,"column":2}}},"fnMap":{"0":{"name":"(anonymous_0)","decl":{"start":{"line":4,"column":28},"end":{"line":4,"column":29}},"loc":{"start":{"line":4,"column":34},"end":{"line":13,"column":1}},"line":4}},"branchMap":{},"s":{"0":0,"1":0,"2":0},"f":{"0":0},"b":{}}
,"/home/gmsas95/Blytz/src/components/LiveStream/viewer/BiddingComponent.tsx": {"path":"/home/gmsas95/Blytz/src/components/LiveStream/viewer/BiddingComponent.tsx","statementMap":{"0":{"start":{"line":12,"column":58},"end":{"line":34,"column":1}},"1":{"start":{"line":17,"column":21},"end":{"line":17,"column":43}},"2":{"start":{"line":18,"column":24},"end":{"line":18,"column":38}},"3":{"start":{"line":20,"column":25},"end":{"line":22,"column":3}},"4":{"start":{"line":21,"column":4},"end":{"line":21,"column":30}},"5":{"start":{"line":24,"column":2},"end":{"line":33,"column":4}},"6":{"start":{"line":36,"column":15},"end":{"line":64,"column":2}}},"fnMap":{"0":{"name":"(anonymous_0)","decl":{"start":{"line":12,"column":58},"end":{"line":12,"column":59}},"loc":{"start":{"line":16,"column":6},"end":{"line":34,"column":1}},"line":16},"1":{"name":"(anonymous_1)","decl":{"start":{"line":20,"column":25},"end":{"line":20,"column":26}},"loc":{"start":{"line":20,"column":31},"end":{"line":22,"column":3}},"line":20}},"branchMap":{"0":{"loc":{"start":{"line":17,"column":21},"end":{"line":17,"column":43}},"type":"binary-expr","locations":[{"start":{"line":17,"column":21},"end":{"line":17,"column":38}},{"start":{"line":17,"column":42},"end":{"line":17,"column":43}}],"line":17}},"s":{"0":0,"1":0,"2":0,"3":0,"4":0,"5":0,"6":0},"f":{"0":0,"1":0},"b":{"0":[0,0]}}
,"/home/gmsas95/Blytz/src/components/LiveStream/viewer/LiveChatComponent.tsx": {"path":"/home/gmsas95/Blytz/src/components/LiveStream/viewer/LiveChatComponent.tsx","statementMap":{"0":{"start":{"line":4,"column":26},"end":{"line":12,"column":1}},"1":{"start":{"line":5,"column":2},"end":{"line":11,"column":4}},"2":{"start":{"line":14,"column":15},"end":{"line":28,"column":2}}},"fnMap":{"0":{"name":"(anonymous_0)","decl":{"start":{"line":4,"column":26},"end":{"line":4,"column":27}},"loc":{"start":{"line":4,"column":32},"end":{"line":12,"column":1}},"line":4}},"branchMap":{},"s":{"0":0,"1":0,"2":0},"f":{"0":0},"b":{}}
,"/home/gmsas95/Blytz/src/components/LiveStream/viewer/LiveStreamItem.tsx": {"path":"/home/gmsas95/Blytz/src/components/LiveStream/viewer/LiveStreamItem.tsx","statementMap":{"0":{"start":{"line":11,"column":19},"end":{"line":11,"column":43}},"1":{"start":{"line":13,"column":23},"end":{"line":115,"column":1}},"2":{"start":{"line":14,"column":19},"end":{"line":14,"column":38}},"3":{"start":{"line":16,"column":25},"end":{"line":20,"column":3}},"4":{"start":{"line":17,"column":4},"end":{"line":17,"column":68}},"5":{"start":{"line":22,"column":28},"end":{"line":25,"column":3}},"6":{"start":{"line":23,"column":4},"end":{"line":23,"column":37}},"7":{"start":{"line":27,"column":2},"end":{"line":114,"column":4}},"8":{"start":{"line":35,"column":26},"end":{"line":35,"column":58}},"9":{"start":{"line":117,"column":15},"end":{"line":251,"column":2}}},"fnMap":{"0":{"name":"(anonymous_0)","decl":{"start":{"line":13,"column":23},"end":{"line":13,"column":24}},"loc":{"start":{"line":13,"column":88},"end":{"line":115,"column":1}},"line":13},"1":{"name":"(anonymous_1)","decl":{"start":{"line":16,"column":25},"end":{"line":16,"column":26}},"loc":{"start":{"line":16,"column":45},"end":{"line":20,"column":3}},"line":16},"2":{"name":"(anonymous_2)","decl":{"start":{"line":22,"column":28},"end":{"line":22,"column":29}},"loc":{"start":{"line":22,"column":34},"end":{"line":25,"column":3}},"line":22},"3":{"name":"(anonymous_3)","decl":{"start":{"line":35,"column":19},"end":{"line":35,"column":20}},"loc":{"start":{"line":35,"column":26},"end":{"line":35,"column":58}},"line":35}},"branchMap":{"0":{"loc":{"start":{"line":29,"column":7},"end":{"line":39,"column":7}},"type":"binary-expr","locations":[{"start":{"line":29,"column":7},"end":{"line":29,"column":23}},{"start":{"line":30,"column":8},"end":{"line":38,"column":10}}],"line":29}},"s":{"0":0,"1":0,"2":0,"3":0,"4":0,"5":0,"6":0,"7":0,"8":0,"9":0},"f":{"0":0,"1":0,"2":0,"3":0},"b":{"0":[0,0]}}
,"/home/gmsas95/Blytz/src/components/LiveStream/viewer/ProductCarouselComponent.tsx": {"path":"/home/gmsas95/Blytz/src/components/LiveStream/viewer/ProductCarouselComponent.tsx","statementMap":{"0":{"start":{"line":4,"column":33},"end":{"line":28,"column":1}},"1":{"start":{"line":5,"column":2},"end":{"line":27,"column":4}},"2":{"start":{"line":30,"column":15},"end":{"line":56,"column":2}}},"fnMap":{"0":{"name":"(anonymous_0)","decl":{"start":{"line":4,"column":33},"end":{"line":4,"column":34}},"loc":{"start":{"line":4,"column":39},"end":{"line":28,"column":1}},"line":4}},"branchMap":{},"s":{"0":0,"1":0,"2":0},"f":{"0":0},"b":{}}
,"/home/gmsas95/Blytz/src/components/LiveStream/viewer/ReactionComponent.tsx": {"path":"/home/gmsas95/Blytz/src/components/LiveStream/viewer/ReactionComponent.tsx","statementMap":{"0":{"start":{"line":4,"column":26},"end":{"line":18,"column":1}},"1":{"start":{"line":5,"column":2},"end":{"line":17,"column":4}},"2":{"start":{"line":20,"column":15},"end":{"line":31,"column":2}}},"fnMap":{"0":{"name":"(anonymous_0)","decl":{"start":{"line":4,"column":26},"end":{"line":4,"column":27}},"loc":{"start":{"line":4,"column":32},"end":{"line":18,"column":1}},"line":4}},"branchMap":{},"s":{"0":0,"1":0,"2":0},"f":{"0":0},"b":{}}
,"/home/gmsas95/Blytz/src/components/LiveStream/viewer/components/ActionRowComponent.tsx": {"path":"/home/gmsas95/Blytz/src/components/LiveStream/viewer/components/ActionRowComponent.tsx","statementMap":{"0":{"start":{"line":15,"column":62},"end":{"line":37,"column":1}},"1":{"start":{"line":22,"column":2},"end":{"line":36,"column":4}},"2":{"start":{"line":39,"column":15},"end":{"line":53,"column":2}}},"fnMap":{"0":{"name":"(anonymous_0)","decl":{"start":{"line":15,"column":62},"end":{"line":15,"column":63}},"loc":{"start":{"line":21,"column":6},"end":{"line":37,"column":1}},"line":21}},"branchMap":{"0":{"loc":{"start":{"line":16,"column":2},"end":{"line":16,"column":43}},"type":"default-arg","locations":[{"start":{"line":16,"column":25},"end":{"line":16,"column":43}}],"line":16}},"s":{"0":0,"1":0,"2":0},"f":{"0":0},"b":{"0":[0]}}
,"/home/gmsas95/Blytz/src/components/LiveStream/viewer/components/ChatSectionComponent.tsx": {"path":"/home/gmsas95/Blytz/src/components/LiveStream/viewer/components/ChatSectionComponent.tsx","statementMap":{"0":{"start":{"line":14,"column":66},"end":{"line":29,"column":1}},"1":{"start":{"line":20,"column":2},"end":{"line":28,"column":4}},"2":{"start":{"line":23,"column":8},"end":{"line":25,"column":15}},"3":{"start":{"line":31,"column":15},"end":{"line":46,"column":2}}},"fnMap":{"0":{"name":"(anonymous_0)","decl":{"start":{"line":14,"column":66},"end":{"line":14,"column":67}},"loc":{"start":{"line":19,"column":6},"end":{"line":29,"column":1}},"line":19},"1":{"name":"(anonymous_1)","decl":{"start":{"line":22,"column":20},"end":{"line":22,"column":21}},"loc":{"start":{"line":23,"column":8},"end":{"line":25,"column":15}},"line":23}},"branchMap":{"0":{"loc":{"start":{"line":15,"column":2},"end":{"line":18,"column":3}},"type":"default-arg","locations":[{"start":{"line":15,"column":13},"end":{"line":18,"column":3}}],"line":15}},"s":{"0":0,"1":0,"2":0,"3":0},"f":{"0":0,"1":0},"b":{"0":[0]}}
,"/home/gmsas95/Blytz/src/components/LiveStream/viewer/components/HeaderComponent.tsx": {"path":"/home/gmsas95/Blytz/src/components/LiveStream/viewer/components/HeaderComponent.tsx","statementMap":{"0":{"start":{"line":15,"column":56},"end":{"line":46,"column":1}},"1":{"start":{"line":23,"column":2},"end":{"line":45,"column":4}},"2":{"start":{"line":48,"column":15},"end":{"line":103,"column":2}}},"fnMap":{"0":{"name":"(anonymous_0)","decl":{"start":{"line":15,"column":56},"end":{"line":15,"column":57}},"loc":{"start":{"line":22,"column":6},"end":{"line":46,"column":1}},"line":22}},"branchMap":{"0":{"loc":{"start":{"line":17,"column":2},"end":{"line":17,"column":37}},"type":"default-arg","locations":[{"start":{"line":17,"column":11},"end":{"line":17,"column":37}}],"line":17},"1":{"loc":{"start":{"line":18,"column":2},"end":{"line":18,"column":14}},"type":"default-arg","locations":[{"start":{"line":18,"column":11},"end":{"line":18,"column":14}}],"line":18},"2":{"loc":{"start":{"line":19,"column":2},"end":{"line":19,"column":22}},"type":"default-arg","locations":[{"start":{"line":19,"column":16},"end":{"line":19,"column":22}}],"line":19}},"s":{"0":0,"1":0,"2":0},"f":{"0":0},"b":{"0":[0],"1":[0],"2":[0]}}
,"/home/gmsas95/Blytz/src/components/LiveStream/viewer/components/ProductInfoComponent.tsx": {"path":"/home/gmsas95/Blytz/src/components/LiveStream/viewer/components/ProductInfoComponent.tsx","statementMap":{"0":{"start":{"line":11,"column":66},"end":{"line":31,"column":1}},"1":{"start":{"line":17,"column":2},"end":{"line":30,"column":4}},"2":{"start":{"line":33,"column":15},"end":{"line":59,"column":2}}},"fnMap":{"0":{"name":"(anonymous_0)","decl":{"start":{"line":11,"column":66},"end":{"line":11,"column":67}},"loc":{"start":{"line":16,"column":6},"end":{"line":31,"column":1}},"line":16}},"branchMap":{},"s":{"0":0,"1":0,"2":0},"f":{"0":0},"b":{}}
,"/home/gmsas95/Blytz/src/components/LiveStream/viewer/components/SideToolbarComponent.tsx": {"path":"/home/gmsas95/Blytz/src/components/LiveStream/viewer/components/SideToolbarComponent.tsx","statementMap":{"0":{"start":{"line":11,"column":66},"end":{"line":32,"column":1}},"1":{"start":{"line":16,"column":2},"end":{"line":31,"column":4}},"2":{"start":{"line":34,"column":15},"end":{"line":49,"column":2}}},"fnMap":{"0":{"name":"(anonymous_0)","decl":{"start":{"line":11,"column":66},"end":{"line":11,"column":67}},"loc":{"start":{"line":15,"column":6},"end":{"line":32,"column":1}},"line":15}},"branchMap":{},"s":{"0":0,"1":0,"2":0},"f":{"0":0},"b":{}}
,"/home/gmsas95/Blytz/src/components/Payment/FiuuPaymentButton.tsx": {"path":"/home/gmsas95/Blytz/src/components/Payment/FiuuPaymentButton.tsx","statementMap":{"0":{"start":{"line":16,"column":67},"end":{"line":80,"column":1}},"1":{"start":{"line":26,"column":32},"end":{"line":26,"column":47}},"2":{"start":{"line":28,"column":24},"end":{"line":63,"column":3}},"3":{"start":{"line":29,"column":4},"end":{"line":29,"column":21}},"4":{"start":{"line":31,"column":4},"end":{"line":62,"column":5}},"5":{"start":{"line":32,"column":26},"end":{"line":41,"column":7}},"6":{"start":{"line":43,"column":23},"end":{"line":43,"column":74}},"7":{"start":{"line":45,"column":6},"end":{"line":57,"column":7}},"8":{"start":{"line":47,"column":8},"end":{"line":54,"column":9}},"9":{"start":{"line":49,"column":10},"end":{"line":53,"column":12}},"10":{"start":{"line":52,"column":42},"end":{"line":52,"column":82}},"11":{"start":{"line":56,"column":8},"end":{"line":56,"column":59}},"12":{"start":{"line":59,"column":6},"end":{"line":59,"column":67}},"13":{"start":{"line":61,"column":6},"end":{"line":61,"column":24}},"14":{"start":{"line":65,"column":2},"end":{"line":79,"column":4}}},"fnMap":{"0":{"name":"(anonymous_0)","decl":{"start":{"line":16,"column":67},"end":{"line":16,"column":68}},"loc":{"start":{"line":25,"column":6},"end":{"line":80,"column":1}},"line":25},"1":{"name":"(anonymous_1)","decl":{"start":{"line":28,"column":24},"end":{"line":28,"column":25}},"loc":{"start":{"line":28,"column":36},"end":{"line":63,"column":3}},"line":28},"2":{"name":"(anonymous_2)","decl":{"start":{"line":52,"column":36},"end":{"line":52,"column":37}},"loc":{"start":{"line":52,"column":42},"end":{"line":52,"column":82}},"line":52}},"branchMap":{"0":{"loc":{"start":{"line":45,"column":6},"end":{"line":57,"column":7}},"type":"if","locations":[{"start":{"line":45,"column":6},"end":{"line":57,"column":7}},{"start":{"line":55,"column":13},"end":{"line":57,"column":7}}],"line":45},"1":{"loc":{"start":{"line":47,"column":8},"end":{"line":54,"column":9}},"type":"if","locations":[{"start":{"line":47,"column":8},"end":{"line":54,"column":9}},{"start":{},"end":{}}],"line":47},"2":{"loc":{"start":{"line":56,"column":23},"end":{"line":56,"column":57}},"type":"binary-expr","locations":[{"start":{"line":56,"column":23},"end":{"line":56,"column":37}},{"start":{"line":56,"column":41},"end":{"line":56,"column":57}}],"line":56},"3":{"loc":{"start":{"line":59,"column":21},"end":{"line":59,"column":65}},"type":"binary-expr","locations":[{"start":{"line":59,"column":21},"end":{"line":59,"column":34}},{"start":{"line":59,"column":38},"end":{"line":59,"column":65}}],"line":59},"4":{"loc":{"start":{"line":71,"column":7},"end":{"line":77,"column":7}},"type":"cond-expr","locations":[{"start":{"line":72,"column":8},"end":{"line":72,"column":43}},{"start":{"line":74,"column":8},"end":{"line":76,"column":15}}],"line":71}},"s":{"0":0,"1":0,"2":0,"3":0,"4":0,"5":0,"6":0,"7":0,"8":0,"9":0,"10":0,"11":0,"12":0,"13":0,"14":0},"f":{"0":0,"1":0,"2":0},"b":{"0":[0,0],"1":[0,0],"2":[0,0],"3":[0,0],"4":[0,0]}}
,"/home/gmsas95/Blytz/src/components/UserProfile/ProfileHeader.tsx": {"path":"/home/gmsas95/Blytz/src/components/UserProfile/ProfileHeader.tsx","statementMap":{"0":{"start":{"line":20,"column":21},"end":{"line":20,"column":36}},"1":{"start":{"line":22,"column":2},"end":{"line":59,"column":4}},"2":{"start":{"line":28,"column":27},"end":{"line":28,"column":46}},"3":{"start":{"line":62,"column":15},"end":{"line":111,"column":2}}},"fnMap":{"0":{"name":"ProfileHeader","decl":{"start":{"line":14,"column":24},"end":{"line":14,"column":37}},"loc":{"start":{"line":19,"column":23},"end":{"line":60,"column":1}},"line":19},"1":{"name":"(anonymous_1)","decl":{"start":{"line":28,"column":21},"end":{"line":28,"column":22}},"loc":{"start":{"line":28,"column":27},"end":{"line":28,"column":46}},"line":28}},"branchMap":{"0":{"loc":{"start":{"line":16,"column":2},"end":{"line":16,"column":23}},"type":"default-arg","locations":[{"start":{"line":16,"column":19},"end":{"line":16,"column":23}}],"line":16},"1":{"loc":{"start":{"line":25,"column":9},"end":{"line":39,"column":9}},"type":"cond-expr","locations":[{"start":{"line":26,"column":10},"end":{"line":36,"column":29}},{"start":{"line":38,"column":10},"end":{"line":38,"column":40}}],"line":25},"2":{"loc":{"start":{"line":47,"column":9},"end":{"line":56,"column":9}},"type":"cond-expr","locations":[{"start":{"line":48,"column":10},"end":{"line":53,"column":29}},{"start":{"line":55,"column":10},"end":{"line":55,"column":40}}],"line":47}},"s":{"0":0,"1":0,"2":0,"3":0},"f":{"0":0,"1":0},"b":{"0":[0],"1":[0,0],"2":[0,0]}}
,"/home/gmsas95/Blytz/src/components/debug/EnvVerification.tsx": {"path":"/home/gmsas95/Blytz/src/components/debug/EnvVerification.tsx","statementMap":{"0":{"start":{"line":5,"column":24},"end":{"line":42,"column":1}},"1":{"start":{"line":6,"column":2},"end":{"line":19,"column":9}},"2":{"start":{"line":7,"column":4},"end":{"line":7,"column":52}},"3":{"start":{"line":8,"column":4},"end":{"line":8,"column":79}},"4":{"start":{"line":9,"column":4},"end":{"line":12,"column":6}},"5":{"start":{"line":13,"column":4},"end":{"line":13,"column":69}},"6":{"start":{"line":14,"column":4},"end":{"line":17,"column":6}},"7":{"start":{"line":18,"column":4},"end":{"line":18,"column":44}},"8":{"start":{"line":21,"column":2},"end":{"line":41,"column":4}}},"fnMap":{"0":{"name":"(anonymous_0)","decl":{"start":{"line":5,"column":24},"end":{"line":5,"column":25}},"loc":{"start":{"line":5,"column":30},"end":{"line":42,"column":1}},"line":5},"1":{"name":"(anonymous_1)","decl":{"start":{"line":6,"column":12},"end":{"line":6,"column":13}},"loc":{"start":{"line":6,"column":18},"end":{"line":19,"column":3}},"line":6}},"branchMap":{},"s":{"0":0,"1":0,"2":0,"3":0,"4":0,"5":0,"6":0,"7":0,"8":0},"f":{"0":0,"1":0},"b":{}}
,"/home/gmsas95/Blytz/src/components/shared/Button.tsx": {"path":"/home/gmsas95/Blytz/src/components/shared/Button.tsx","statementMap":{"0":{"start":{"line":10,"column":38},"end":{"line":16,"column":1}},"1":{"start":{"line":11,"column":2},"end":{"line":15,"column":4}},"2":{"start":{"line":18,"column":15},"end":{"line":29,"column":2}}},"fnMap":{"0":{"name":"(anonymous_0)","decl":{"start":{"line":10,"column":38},"end":{"line":10,"column":39}},"loc":{"start":{"line":10,"column":62},"end":{"line":16,"column":1}},"line":10}},"branchMap":{},"s":{"0":1,"1":2,"2":1},"f":{"0":2},"b":{},"_coverageSchema":"1a1c01bbd47fc00a2c39e90264f33305004495a9","hash":"74f1e96b42ba81dd1533e8259d40c5271d07d12b"}
,"/home/gmsas95/Blytz/src/components/shared/ScreenWrapper.tsx": {"path":"/home/gmsas95/Blytz/src/components/shared/ScreenWrapper.tsx","statementMap":{"0":{"start":{"line":9,"column":52},"end":{"line":15,"column":1}},"1":{"start":{"line":10,"column":2},"end":{"line":14,"column":4}},"2":{"start":{"line":17,"column":15},"end":{"line":23,"column":2}}},"fnMap":{"0":{"name":"(anonymous_0)","decl":{"start":{"line":9,"column":52},"end":{"line":9,"column":53}},"loc":{"start":{"line":9,"column":87},"end":{"line":15,"column":1}},"line":9}},"branchMap":{},"s":{"0":0,"1":0,"2":0},"f":{"0":0},"b":{}}
,"/home/gmsas95/Blytz/src/config/constants.ts": {"path":"/home/gmsas95/Blytz/src/config/constants.ts","statementMap":{"0":{"start":{"line":1,"column":57},"end":{"line":12,"column":1}},"1":{"start":{"line":14,"column":33},"end":{"line":16,"column":1}},"2":{"start":{"line":15,"column":2},"end":{"line":15,"column":70}}},"fnMap":{"0":{"name":"(anonymous_0)","decl":{"start":{"line":14,"column":33},"end":{"line":14,"column":34}},"loc":{"start":{"line":14,"column":67},"end":{"line":16,"column":1}},"line":14}},"branchMap":{"0":{"loc":{"start":{"line":15,"column":9},"end":{"line":15,"column":69}},"type":"binary-expr","locations":[{"start":{"line":15,"column":9},"end":{"line":15,"column":53}},{"start":{"line":15,"column":57},"end":{"line":15,"column":69}}],"line":15}},"s":{"0":0,"1":0,"2":0},"f":{"0":0},"b":{"0":[0,0]}}
,"/home/gmsas95/Blytz/src/config/env.ts": {"path":"/home/gmsas95/Blytz/src/config/env.ts","statementMap":{"0":{"start":{"line":15,"column":26},"end":{"line":26,"column":1}}},"fnMap":{},"branchMap":{"0":{"loc":{"start":{"line":16,"column":18},"end":{"line":16,"column":64}},"type":"binary-expr","locations":[{"start":{"line":16,"column":18},"end":{"line":16,"column":58}},{"start":{"line":16,"column":62},"end":{"line":16,"column":64}}],"line":16},"1":{"loc":{"start":{"line":17,"column":22},"end":{"line":17,"column":72}},"type":"binary-expr","locations":[{"start":{"line":17,"column":22},"end":{"line":17,"column":66}},{"start":{"line":17,"column":70},"end":{"line":17,"column":72}}],"line":17},"2":{"loc":{"start":{"line":18,"column":21},"end":{"line":18,"column":70}},"type":"binary-expr","locations":[{"start":{"line":18,"column":21},"end":{"line":18,"column":64}},{"start":{"line":18,"column":68},"end":{"line":18,"column":70}}],"line":18},"3":{"loc":{"start":{"line":19,"column":25},"end":{"line":19,"column":78}},"type":"binary-expr","locations":[{"start":{"line":19,"column":25},"end":{"line":19,"column":72}},{"start":{"line":19,"column":76},"end":{"line":19,"column":78}}],"line":19},"4":{"loc":{"start":{"line":21,"column":4},"end":{"line":21,"column":62}},"type":"binary-expr","locations":[{"start":{"line":21,"column":4},"end":{"line":21,"column":56}},{"start":{"line":21,"column":60},"end":{"line":21,"column":62}}],"line":21},"5":{"loc":{"start":{"line":22,"column":17},"end":{"line":22,"column":62}},"type":"binary-expr","locations":[{"start":{"line":22,"column":17},"end":{"line":22,"column":56}},{"start":{"line":22,"column":60},"end":{"line":22,"column":62}}],"line":22},"6":{"loc":{"start":{"line":23,"column":25},"end":{"line":23,"column":78}},"type":"binary-expr","locations":[{"start":{"line":23,"column":25},"end":{"line":23,"column":72}},{"start":{"line":23,"column":76},"end":{"line":23,"column":78}}],"line":23},"7":{"loc":{"start":{"line":24,"column":16},"end":{"line":24,"column":60}},"type":"binary-expr","locations":[{"start":{"line":24,"column":16},"end":{"line":24,"column":54}},{"start":{"line":24,"column":58},"end":{"line":24,"column":60}}],"line":24},"8":{"loc":{"start":{"line":25,"column":19},"end":{"line":25,"column":66}},"type":"binary-expr","locations":[{"start":{"line":25,"column":19},"end":{"line":25,"column":60}},{"start":{"line":25,"column":64},"end":{"line":25,"column":66}}],"line":25}},"s":{"0":0},"f":{},"b":{"0":[0,0],"1":[0,0],"2":[0,0],"3":[0,0],"4":[0,0],"5":[0,0],"6":[0,0],"7":[0,0],"8":[0,0]}}
,"/home/gmsas95/Blytz/src/config/i18n.ts": {"path":"/home/gmsas95/Blytz/src/config/i18n.ts","statementMap":{"0":{"start":{"line":5,"column":0},"end":{"line":16,"column":3}}},"fnMap":{},"branchMap":{},"s":{"0":0},"f":{},"b":{}}
,"/home/gmsas95/Blytz/src/config/theme.ts": {"path":"/home/gmsas95/Blytz/src/config/theme.ts","statementMap":{"0":{"start":{"line":1,"column":15},"end":{"line":14,"column":1}},"1":{"start":{"line":16,"column":16},"end":{"line":22,"column":1}},"2":{"start":{"line":24,"column":19},"end":{"line":92,"column":1}},"3":{"start":{"line":94,"column":15},"end":{"line":100,"column":1}},"4":{"start":{"line":102,"column":21},"end":{"line":107,"column":1}}},"fnMap":{},"branchMap":{},"s":{"0":0,"1":0,"2":0,"3":0,"4":0},"f":{},"b":{}}
,"/home/gmsas95/Blytz/src/context/AuctionContext.tsx": {"path":"/home/gmsas95/Blytz/src/context/AuctionContext.tsx","statementMap":{"0":{"start":{"line":46,"column":23},"end":{"line":46,"column":79}},"1":{"start":{"line":48,"column":70},"end":{"line":130,"column":1}},"2":{"start":{"line":51,"column":25},"end":{"line":66,"column":8}},"3":{"start":{"line":52,"column":4},"end":{"line":65,"column":5}},"4":{"start":{"line":53,"column":25},"end":{"line":56,"column":14}},"5":{"start":{"line":57,"column":6},"end":{"line":61,"column":7}},"6":{"start":{"line":58,"column":8},"end":{"line":58,"column":68}},"7":{"start":{"line":60,"column":8},"end":{"line":60,"column":20}},"8":{"start":{"line":63,"column":6},"end":{"line":63,"column":59}},"9":{"start":{"line":64,"column":6},"end":{"line":64,"column":18}},"10":{"start":{"line":68,"column":19},"end":{"line":91,"column":3}},"11":{"start":{"line":70,"column":6},"end":{"line":88,"column":7}},"12":{"start":{"line":71,"column":23},"end":{"line":71,"column":74}},"13":{"start":{"line":72,"column":8},"end":{"line":76,"column":11}},"14":{"start":{"line":78,"column":8},"end":{"line":81,"column":42}},"15":{"start":{"line":82,"column":8},"end":{"line":84,"column":10}},"16":{"start":{"line":86,"column":8},"end":{"line":86,"column":51}},"17":{"start":{"line":87,"column":8},"end":{"line":87,"column":20}},"18":{"start":{"line":93,"column":23},"end":{"line":119,"column":3}},"19":{"start":{"line":99,"column":25},"end":{"line":99,"column":64}},"20":{"start":{"line":100,"column":28},"end":{"line":115,"column":7}},"21":{"start":{"line":103,"column":10},"end":{"line":110,"column":11}},"22":{"start":{"line":104,"column":25},"end":{"line":104,"column":39}},"23":{"start":{"line":107,"column":12},"end":{"line":107,"column":62}},"24":{"start":{"line":109,"column":12},"end":{"line":109,"column":73}},"25":{"start":{"line":113,"column":10},"end":{"line":113,"column":34}},"26":{"start":{"line":116,"column":6},"end":{"line":116,"column":58}},"27":{"start":{"line":116,"column":19},"end":{"line":116,"column":57}},"28":{"start":{"line":121,"column":16},"end":{"line":125,"column":3}},"29":{"start":{"line":127,"column":2},"end":{"line":129,"column":4}},"30":{"start":{"line":132,"column":26},"end":{"line":138,"column":1}},"31":{"start":{"line":133,"column":18},"end":{"line":133,"column":44}},"32":{"start":{"line":134,"column":2},"end":{"line":136,"column":3}},"33":{"start":{"line":135,"column":4},"end":{"line":135,"column":73}},"34":{"start":{"line":137,"column":2},"end":{"line":137,"column":17}}},"fnMap":{"0":{"name":"(anonymous_0)","decl":{"start":{"line":48,"column":70},"end":{"line":48,"column":71}},"loc":{"start":{"line":50,"column":6},"end":{"line":130,"column":1}},"line":50},"1":{"name":"(anonymous_1)","decl":{"start":{"line":51,"column":37},"end":{"line":51,"column":38}},"loc":{"start":{"line":51,"column":66},"end":{"line":66,"column":3}},"line":51},"2":{"name":"(anonymous_2)","decl":{"start":{"line":69,"column":4},"end":{"line":69,"column":5}},"loc":{"start":{"line":69,"column":65},"end":{"line":89,"column":5}},"line":69},"3":{"name":"(anonymous_3)","decl":{"start":{"line":94,"column":4},"end":{"line":94,"column":5}},"loc":{"start":{"line":98,"column":9},"end":{"line":117,"column":5}},"line":98},"4":{"name":"(anonymous_4)","decl":{"start":{"line":102,"column":8},"end":{"line":102,"column":9}},"loc":{"start":{"line":102,"column":20},"end":{"line":111,"column":9}},"line":102},"5":{"name":"(anonymous_5)","decl":{"start":{"line":112,"column":8},"end":{"line":112,"column":9}},"loc":{"start":{"line":112,"column":17},"end":{"line":114,"column":9}},"line":112},"6":{"name":"(anonymous_6)","decl":{"start":{"line":116,"column":13},"end":{"line":116,"column":14}},"loc":{"start":{"line":116,"column":19},"end":{"line":116,"column":57}},"line":116},"7":{"name":"(anonymous_7)","decl":{"start":{"line":132,"column":26},"end":{"line":132,"column":27}},"loc":{"start":{"line":132,"column":32},"end":{"line":138,"column":1}},"line":132}},"branchMap":{"0":{"loc":{"start":{"line":57,"column":6},"end":{"line":61,"column":7}},"type":"if","locations":[{"start":{"line":57,"column":6},"end":{"line":61,"column":7}},{"start":{"line":59,"column":13},"end":{"line":61,"column":7}}],"line":57},"1":{"loc":{"start":{"line":103,"column":10},"end":{"line":110,"column":11}},"type":"if","locations":[{"start":{"line":103,"column":10},"end":{"line":110,"column":11}},{"start":{"line":108,"column":17},"end":{"line":110,"column":11}}],"line":103},"2":{"loc":{"start":{"line":134,"column":2},"end":{"line":136,"column":3}},"type":"if","locations":[{"start":{"line":134,"column":2},"end":{"line":136,"column":3}},{"start":{},"end":{}}],"line":134}},"s":{"0":0,"1":0,"2":0,"3":0,"4":0,"5":0,"6":0,"7":0,"8":0,"9":0,"10":0,"11":0,"12":0,"13":0,"14":0,"15":0,"16":0,"17":0,"18":0,"19":0,"20":0,"21":0,"22":0,"23":0,"24":0,"25":0,"26":0,"27":0,"28":0,"29":0,"30":0,"31":0,"32":0,"33":0,"34":0},"f":{"0":0,"1":0,"2":0,"3":0,"4":0,"5":0,"6":0,"7":0},"b":{"0":[0,0],"1":[0,0],"2":[0,0]}}
,"/home/gmsas95/Blytz/src/context/AuthContext.tsx": {"path":"/home/gmsas95/Blytz/src/context/AuthContext.tsx","statementMap":{"0":{"start":{"line":34,"column":20},"end":{"line":34,"column":73}},"1":{"start":{"line":35,"column":11},"end":{"line":35,"column":25}},"2":{"start":{"line":37,"column":69},"end":{"line":323,"column":1}},"3":{"start":{"line":40,"column":26},"end":{"line":40,"column":53}},"4":{"start":{"line":41,"column":32},"end":{"line":41,"column":46}},"5":{"start":{"line":42,"column":34},"end":{"line":42,"column":49}},"6":{"start":{"line":43,"column":44},"end":{"line":43,"column":80}},"7":{"start":{"line":45,"column":2},"end":{"line":110,"column":29}},"8":{"start":{"line":46,"column":22},"end":{"line":57,"column":5}},"9":{"start":{"line":47,"column":6},"end":{"line":56,"column":7}},"10":{"start":{"line":48,"column":25},"end":{"line":48,"column":59}},"11":{"start":{"line":49,"column":8},"end":{"line":51,"column":9}},"12":{"start":{"line":50,"column":10},"end":{"line":50,"column":40}},"13":{"start":{"line":53,"column":8},"end":{"line":53,"column":65}},"14":{"start":{"line":55,"column":8},"end":{"line":55,"column":26}},"15":{"start":{"line":59,"column":4},"end":{"line":59,"column":16}},"16":{"start":{"line":61,"column":24},"end":{"line":107,"column":6}},"17":{"start":{"line":62,"column":6},"end":{"line":105,"column":7}},"18":{"start":{"line":63,"column":8},"end":{"line":99,"column":9}},"19":{"start":{"line":65,"column":29},"end":{"line":65,"column":63}},"20":{"start":{"line":66,"column":26},"end":{"line":66,"column":50}},"21":{"start":{"line":69,"column":10},"end":{"line":81,"column":11}},"22":{"start":{"line":70,"column":12},"end":{"line":70,"column":46}},"23":{"start":{"line":71,"column":12},"end":{"line":71,"column":44}},"24":{"start":{"line":73,"column":12},"end":{"line":79,"column":14}},"25":{"start":{"line":80,"column":12},"end":{"line":80,"column":47}},"26":{"start":{"line":83,"column":10},"end":{"line":83,"column":28}},"27":{"start":{"line":84,"column":10},"end":{"line":84,"column":71}},"28":{"start":{"line":87,"column":10},"end":{"line":87,"column":39}},"29":{"start":{"line":89,"column":10},"end":{"line":89,"column":75}},"30":{"start":{"line":90,"column":37},"end":{"line":96,"column":11}},"31":{"start":{"line":97,"column":10},"end":{"line":97,"column":32}},"32":{"start":{"line":98,"column":10},"end":{"line":98,"column":75}},"33":{"start":{"line":101,"column":8},"end":{"line":101,"column":22}},"34":{"start":{"line":102,"column":8},"end":{"line":102,"column":27}},"35":{"start":{"line":103,"column":8},"end":{"line":103,"column":31}},"36":{"start":{"line":104,"column":8},"end":{"line":104,"column":46}},"37":{"start":{"line":106,"column":6},"end":{"line":106,"column":24}},"38":{"start":{"line":109,"column":4},"end":{"line":109,"column":31}},"39":{"start":{"line":109,"column":17},"end":{"line":109,"column":30}},"40":{"start":{"line":112,"column":25},"end":{"line":119,"column":8}},"41":{"start":{"line":113,"column":4},"end":{"line":113,"column":21}},"42":{"start":{"line":114,"column":4},"end":{"line":118,"column":5}},"43":{"start":{"line":115,"column":6},"end":{"line":115,"column":63}},"44":{"start":{"line":117,"column":6},"end":{"line":117,"column":24}},"45":{"start":{"line":121,"column":28},"end":{"line":152,"column":3}},"46":{"start":{"line":123,"column":6},"end":{"line":123,"column":23}},"47":{"start":{"line":124,"column":6},"end":{"line":149,"column":7}},"48":{"start":{"line":125,"column":31},"end":{"line":128,"column":9}},"49":{"start":{"line":130,"column":8},"end":{"line":145,"column":9}},"50":{"start":{"line":131,"column":10},"end":{"line":133,"column":11}},"51":{"start":{"line":132,"column":12},"end":{"line":132,"column":69}},"52":{"start":{"line":135,"column":32},"end":{"line":141,"column":11}},"53":{"start":{"line":143,"column":29},"end":{"line":143,"column":70}},"54":{"start":{"line":144,"column":10},"end":{"line":144,"column":44}},"55":{"start":{"line":147,"column":8},"end":{"line":147,"column":26}},"56":{"start":{"line":148,"column":8},"end":{"line":148,"column":20}},"57":{"start":{"line":154,"column":27},"end":{"line":209,"column":3}},"58":{"start":{"line":156,"column":6},"end":{"line":156,"column":23}},"59":{"start":{"line":157,"column":6},"end":{"line":206,"column":7}},"60":{"start":{"line":158,"column":31},"end":{"line":161,"column":9}},"61":{"start":{"line":163,"column":8},"end":{"line":202,"column":9}},"62":{"start":{"line":165,"column":32},"end":{"line":171,"column":11}},"63":{"start":{"line":173,"column":29},"end":{"line":173,"column":70}},"64":{"start":{"line":174,"column":10},"end":{"line":174,"column":44}},"65":{"start":{"line":177,"column":47},"end":{"line":195,"column":11}},"66":{"start":{"line":197,"column":31},"end":{"line":197,"column":74}},"67":{"start":{"line":198,"column":10},"end":{"line":198,"column":52}},"68":{"start":{"line":201,"column":10},"end":{"line":201,"column":53}},"69":{"start":{"line":204,"column":8},"end":{"line":204,"column":26}},"70":{"start":{"line":205,"column":8},"end":{"line":205,"column":20}},"71":{"start":{"line":211,"column":17},"end":{"line":220,"column":8}},"72":{"start":{"line":212,"column":4},"end":{"line":212,"column":21}},"73":{"start":{"line":213,"column":4},"end":{"line":219,"column":5}},"74":{"start":{"line":214,"column":6},"end":{"line":214,"column":29}},"75":{"start":{"line":215,"column":6},"end":{"line":215,"column":25}},"76":{"start":{"line":216,"column":6},"end":{"line":216,"column":29}},"77":{"start":{"line":218,"column":6},"end":{"line":218,"column":24}},"78":{"start":{"line":222,"column":31},"end":{"line":241,"column":12}},"79":{"start":{"line":223,"column":4},"end":{"line":223,"column":22}},"80":{"start":{"line":223,"column":15},"end":{"line":223,"column":22}},"81":{"start":{"line":225,"column":4},"end":{"line":240,"column":5}},"82":{"start":{"line":227,"column":20},"end":{"line":227,"column":64}},"83":{"start":{"line":228,"column":6},"end":{"line":228,"column":50}},"84":{"start":{"line":230,"column":6},"end":{"line":237,"column":7}},"85":{"start":{"line":232,"column":29},"end":{"line":232,"column":57}},"86":{"start":{"line":233,"column":26},"end":{"line":233,"column":52}},"87":{"start":{"line":234,"column":8},"end":{"line":236,"column":9}},"88":{"start":{"line":235,"column":10},"end":{"line":235,"column":62}},"89":{"start":{"line":239,"column":6},"end":{"line":239,"column":63}},"90":{"start":{"line":243,"column":24},"end":{"line":267,"column":3}},"91":{"start":{"line":245,"column":6},"end":{"line":245,"column":23}},"92":{"start":{"line":246,"column":6},"end":{"line":264,"column":7}},"93":{"start":{"line":247,"column":28},"end":{"line":247,"column":46}},"94":{"start":{"line":248,"column":8},"end":{"line":261,"column":9}},"95":{"start":{"line":249,"column":10},"end":{"line":249,"column":51}},"96":{"start":{"line":250,"column":29},"end":{"line":250,"column":62}},"97":{"start":{"line":251,"column":10},"end":{"line":251,"column":47}},"98":{"start":{"line":253,"column":10},"end":{"line":260,"column":13}},"99":{"start":{"line":254,"column":12},"end":{"line":254,"column":39}},"100":{"start":{"line":254,"column":27},"end":{"line":254,"column":39}},"101":{"start":{"line":255,"column":12},"end":{"line":259,"column":14}},"102":{"start":{"line":263,"column":8},"end":{"line":263,"column":26}},"103":{"start":{"line":269,"column":25},"end":{"line":281,"column":3}},"104":{"start":{"line":271,"column":6},"end":{"line":271,"column":23}},"105":{"start":{"line":272,"column":6},"end":{"line":278,"column":7}},"106":{"start":{"line":273,"column":8},"end":{"line":275,"column":9}},"107":{"start":{"line":274,"column":10},"end":{"line":274,"column":77}},"108":{"start":{"line":277,"column":8},"end":{"line":277,"column":26}},"109":{"start":{"line":283,"column":25},"end":{"line":292,"column":8}},"110":{"start":{"line":284,"column":4},"end":{"line":284,"column":21}},"111":{"start":{"line":285,"column":4},"end":{"line":291,"column":5}},"112":{"start":{"line":286,"column":6},"end":{"line":288,"column":7}},"113":{"start":{"line":287,"column":8},"end":{"line":287,"column":59}},"114":{"start":{"line":290,"column":6},"end":{"line":290,"column":24}},"115":{"start":{"line":294,"column":33},"end":{"line":301,"column":8}},"116":{"start":{"line":295,"column":4},"end":{"line":295,"column":21}},"117":{"start":{"line":296,"column":4},"end":{"line":300,"column":5}},"118":{"start":{"line":297,"column":6},"end":{"line":297,"column":49}},"119":{"start":{"line":299,"column":6},"end":{"line":299,"column":24}},"120":{"start":{"line":303,"column":2},"end":{"line":322,"column":4}},"121":{"start":{"line":325,"column":23},"end":{"line":331,"column":1}},"122":{"start":{"line":326,"column":18},"end":{"line":326,"column":41}},"123":{"start":{"line":327,"column":2},"end":{"line":329,"column":3}},"124":{"start":{"line":328,"column":4},"end":{"line":328,"column":67}},"125":{"start":{"line":330,"column":2},"end":{"line":330,"column":17}}},"fnMap":{"0":{"name":"(anonymous_0)","decl":{"start":{"line":37,"column":69},"end":{"line":37,"column":70}},"loc":{"start":{"line":39,"column":6},"end":{"line":323,"column":1}},"line":39},"1":{"name":"(anonymous_1)","decl":{"start":{"line":45,"column":12},"end":{"line":45,"column":13}},"loc":{"start":{"line":45,"column":18},"end":{"line":110,"column":3}},"line":45},"2":{"name":"(anonymous_2)","decl":{"start":{"line":46,"column":22},"end":{"line":46,"column":23}},"loc":{"start":{"line":46,"column":34},"end":{"line":57,"column":5}},"line":46},"3":{"name":"(anonymous_3)","decl":{"start":{"line":61,"column":50},"end":{"line":61,"column":51}},"loc":{"start":{"line":61,"column":105},"end":{"line":107,"column":5}},"line":61},"4":{"name":"(anonymous_4)","decl":{"start":{"line":109,"column":11},"end":{"line":109,"column":12}},"loc":{"start":{"line":109,"column":17},"end":{"line":109,"column":30}},"line":109},"5":{"name":"(anonymous_5)","decl":{"start":{"line":112,"column":37},"end":{"line":112,"column":38}},"loc":{"start":{"line":112,"column":80},"end":{"line":119,"column":3}},"line":112},"6":{"name":"(anonymous_6)","decl":{"start":{"line":122,"column":4},"end":{"line":122,"column":5}},"loc":{"start":{"line":122,"column":69},"end":{"line":150,"column":5}},"line":122},"7":{"name":"(anonymous_7)","decl":{"start":{"line":155,"column":4},"end":{"line":155,"column":5}},"loc":{"start":{"line":155,"column":50},"end":{"line":207,"column":5}},"line":155},"8":{"name":"(anonymous_8)","decl":{"start":{"line":211,"column":29},"end":{"line":211,"column":30}},"loc":{"start":{"line":211,"column":41},"end":{"line":220,"column":3}},"line":211},"9":{"name":"(anonymous_9)","decl":{"start":{"line":222,"column":43},"end":{"line":222,"column":44}},"loc":{"start":{"line":222,"column":55},"end":{"line":241,"column":3}},"line":222},"10":{"name":"(anonymous_10)","decl":{"start":{"line":244,"column":4},"end":{"line":244,"column":5}},"loc":{"start":{"line":244,"column":83},"end":{"line":265,"column":5}},"line":244},"11":{"name":"(anonymous_11)","decl":{"start":{"line":253,"column":18},"end":{"line":253,"column":19}},"loc":{"start":{"line":253,"column":30},"end":{"line":260,"column":11}},"line":253},"12":{"name":"(anonymous_12)","decl":{"start":{"line":270,"column":4},"end":{"line":270,"column":5}},"loc":{"start":{"line":270,"column":60},"end":{"line":279,"column":5}},"line":270},"13":{"name":"(anonymous_13)","decl":{"start":{"line":283,"column":37},"end":{"line":283,"column":38}},"loc":{"start":{"line":283,"column":65},"end":{"line":292,"column":3}},"line":283},"14":{"name":"(anonymous_14)","decl":{"start":{"line":294,"column":45},"end":{"line":294,"column":46}},"loc":{"start":{"line":294,"column":70},"end":{"line":301,"column":3}},"line":294},"15":{"name":"(anonymous_15)","decl":{"start":{"line":325,"column":23},"end":{"line":325,"column":24}},"loc":{"start":{"line":325,"column":29},"end":{"line":331,"column":1}},"line":325}},"branchMap":{"0":{"loc":{"start":{"line":49,"column":8},"end":{"line":51,"column":9}},"type":"if","locations":[{"start":{"line":49,"column":8},"end":{"line":51,"column":9}},{"start":{},"end":{}}],"line":49},"1":{"loc":{"start":{"line":62,"column":6},"end":{"line":105,"column":7}},"type":"if","locations":[{"start":{"line":62,"column":6},"end":{"line":105,"column":7}},{"start":{"line":100,"column":13},"end":{"line":105,"column":7}}],"line":62},"2":{"loc":{"start":{"line":69,"column":10},"end":{"line":81,"column":11}},"type":"if","locations":[{"start":{"line":69,"column":10},"end":{"line":81,"column":11}},{"start":{"line":72,"column":17},"end":{"line":81,"column":11}}],"line":69},"3":{"loc":{"start":{"line":75,"column":21},"end":{"line":75,"column":45}},"type":"binary-expr","locations":[{"start":{"line":75,"column":21},"end":{"line":75,"column":39}},{"start":{"line":75,"column":43},"end":{"line":75,"column":45}}],"line":75},"4":{"loc":{"start":{"line":76,"column":27},"end":{"line":76,"column":57}},"type":"binary-expr","locations":[{"start":{"line":76,"column":27},"end":{"line":76,"column":51}},{"start":{"line":76,"column":55},"end":{"line":76,"column":57}}],"line":76},"5":{"loc":{"start":{"line":77,"column":24},"end":{"line":77,"column":51}},"type":"binary-expr","locations":[{"start":{"line":77,"column":24},"end":{"line":77,"column":45}},{"start":{"line":77,"column":49},"end":{"line":77,"column":51}}],"line":77},"6":{"loc":{"start":{"line":78,"column":27},"end":{"line":78,"column":57}},"type":"binary-expr","locations":[{"start":{"line":78,"column":27},"end":{"line":78,"column":51}},{"start":{"line":78,"column":55},"end":{"line":78,"column":57}}],"line":78},"7":{"loc":{"start":{"line":92,"column":19},"end":{"line":92,"column":43}},"type":"binary-expr","locations":[{"start":{"line":92,"column":19},"end":{"line":92,"column":37}},{"start":{"line":92,"column":41},"end":{"line":92,"column":43}}],"line":92},"8":{"loc":{"start":{"line":93,"column":25},"end":{"line":93,"column":55}},"type":"binary-expr","locations":[{"start":{"line":93,"column":25},"end":{"line":93,"column":49}},{"start":{"line":93,"column":53},"end":{"line":93,"column":55}}],"line":93},"9":{"loc":{"start":{"line":94,"column":22},"end":{"line":94,"column":49}},"type":"binary-expr","locations":[{"start":{"line":94,"column":22},"end":{"line":94,"column":43}},{"start":{"line":94,"column":47},"end":{"line":94,"column":49}}],"line":94},"10":{"loc":{"start":{"line":95,"column":25},"end":{"line":95,"column":55}},"type":"binary-expr","locations":[{"start":{"line":95,"column":25},"end":{"line":95,"column":49}},{"start":{"line":95,"column":53},"end":{"line":95,"column":55}}],"line":95},"11":{"loc":{"start":{"line":130,"column":8},"end":{"line":145,"column":9}},"type":"if","locations":[{"start":{"line":130,"column":8},"end":{"line":145,"column":9}},{"start":{},"end":{}}],"line":130},"12":{"loc":{"start":{"line":131,"column":10},"end":{"line":133,"column":11}},"type":"if","locations":[{"start":{"line":131,"column":10},"end":{"line":133,"column":11}},{"start":{},"end":{}}],"line":131},"13":{"loc":{"start":{"line":137,"column":19},"end":{"line":137,"column":50}},"type":"binary-expr","locations":[{"start":{"line":137,"column":19},"end":{"line":137,"column":44}},{"start":{"line":137,"column":48},"end":{"line":137,"column":50}}],"line":137},"14":{"loc":{"start":{"line":138,"column":25},"end":{"line":138,"column":42}},"type":"binary-expr","locations":[{"start":{"line":138,"column":25},"end":{"line":138,"column":36}},{"start":{"line":138,"column":40},"end":{"line":138,"column":42}}],"line":138},"15":{"loc":{"start":{"line":139,"column":22},"end":{"line":139,"column":56}},"type":"binary-expr","locations":[{"start":{"line":139,"column":22},"end":{"line":139,"column":50}},{"start":{"line":139,"column":54},"end":{"line":139,"column":56}}],"line":139},"16":{"loc":{"start":{"line":140,"column":25},"end":{"line":140,"column":62}},"type":"binary-expr","locations":[{"start":{"line":140,"column":25},"end":{"line":140,"column":56}},{"start":{"line":140,"column":60},"end":{"line":140,"column":62}}],"line":140},"17":{"loc":{"start":{"line":163,"column":8},"end":{"line":202,"column":9}},"type":"if","locations":[{"start":{"line":163,"column":8},"end":{"line":202,"column":9}},{"start":{},"end":{}}],"line":163},"18":{"loc":{"start":{"line":167,"column":19},"end":{"line":167,"column":50}},"type":"binary-expr","locations":[{"start":{"line":167,"column":19},"end":{"line":167,"column":44}},{"start":{"line":167,"column":48},"end":{"line":167,"column":50}}],"line":167},"19":{"loc":{"start":{"line":169,"column":22},"end":{"line":169,"column":56}},"type":"binary-expr","locations":[{"start":{"line":169,"column":22},"end":{"line":169,"column":50}},{"start":{"line":169,"column":54},"end":{"line":169,"column":56}}],"line":169},"20":{"loc":{"start":{"line":170,"column":25},"end":{"line":170,"column":53}},"type":"binary-expr","locations":[{"start":{"line":170,"column":25},"end":{"line":170,"column":47}},{"start":{"line":170,"column":51},"end":{"line":170,"column":53}}],"line":170},"21":{"loc":{"start":{"line":223,"column":4},"end":{"line":223,"column":22}},"type":"if","locations":[{"start":{"line":223,"column":4},"end":{"line":223,"column":22}},{"start":{},"end":{}}],"line":223},"22":{"loc":{"start":{"line":230,"column":6},"end":{"line":237,"column":7}},"type":"if","locations":[{"start":{"line":230,"column":6},"end":{"line":237,"column":7}},{"start":{},"end":{}}],"line":230},"23":{"loc":{"start":{"line":234,"column":8},"end":{"line":236,"column":9}},"type":"if","locations":[{"start":{"line":234,"column":8},"end":{"line":236,"column":9}},{"start":{},"end":{}}],"line":234},"24":{"loc":{"start":{"line":248,"column":8},"end":{"line":261,"column":9}},"type":"if","locations":[{"start":{"line":248,"column":8},"end":{"line":261,"column":9}},{"start":{},"end":{}}],"line":248},"25":{"loc":{"start":{"line":254,"column":12},"end":{"line":254,"column":39}},"type":"if","locations":[{"start":{"line":254,"column":12},"end":{"line":254,"column":39}},{"start":{},"end":{}}],"line":254},"26":{"loc":{"start":{"line":257,"column":27},"end":{"line":257,"column":106}},"type":"cond-expr","locations":[{"start":{"line":257,"column":58},"end":{"line":257,"column":60}},{"start":{"line":257,"column":63},"end":{"line":257,"column":106}}],"line":257},"27":{"loc":{"start":{"line":257,"column":63},"end":{"line":257,"column":106}},"type":"binary-expr","locations":[{"start":{"line":257,"column":63},"end":{"line":257,"column":82}},{"start":{"line":257,"column":86},"end":{"line":257,"column":106}}],"line":257},"28":{"loc":{"start":{"line":258,"column":24},"end":{"line":258,"column":94}},"type":"cond-expr","locations":[{"start":{"line":258,"column":52},"end":{"line":258,"column":54}},{"start":{"line":258,"column":57},"end":{"line":258,"column":94}}],"line":258},"29":{"loc":{"start":{"line":258,"column":57},"end":{"line":258,"column":94}},"type":"binary-expr","locations":[{"start":{"line":258,"column":57},"end":{"line":258,"column":73}},{"start":{"line":258,"column":77},"end":{"line":258,"column":94}}],"line":258},"30":{"loc":{"start":{"line":273,"column":8},"end":{"line":275,"column":9}},"type":"if","locations":[{"start":{"line":273,"column":8},"end":{"line":275,"column":9}},{"start":{},"end":{}}],"line":273},"31":{"loc":{"start":{"line":286,"column":6},"end":{"line":288,"column":7}},"type":"if","locations":[{"start":{"line":286,"column":6},"end":{"line":288,"column":7}},{"start":{},"end":{}}],"line":286},"32":{"loc":{"start":{"line":327,"column":2},"end":{"line":329,"column":3}},"type":"if","locations":[{"start":{"line":327,"column":2},"end":{"line":329,"column":3}},{"start":{},"end":{}}],"line":327}},"s":{"0":1,"1":1,"2":1,"3":2,"4":2,"5":2,"6":2,"7":2,"8":1,"9":1,"10":1,"11":1,"12":0,"13":0,"14":1,"15":1,"16":1,"17":0,"18":0,"19":0,"20":0,"21":0,"22":0,"23":0,"24":0,"25":0,"26":0,"27":0,"28":0,"29":0,"30":0,"31":0,"32":0,"33":0,"34":0,"35":0,"36":0,"37":0,"38":1,"39":1,"40":2,"41":0,"42":0,"43":0,"44":0,"45":2,"46":0,"47":0,"48":0,"49":0,"50":0,"51":0,"52":0,"53":0,"54":0,"55":0,"56":0,"57":2,"58":0,"59":0,"60":0,"61":0,"62":0,"63":0,"64":0,"65":0,"66":0,"67":0,"68":0,"69":0,"70":0,"71":2,"72":0,"73":0,"74":0,"75":0,"76":0,"77":0,"78":2,"79":0,"80":0,"81":0,"82":0,"83":0,"84":0,"85":0,"86":0,"87":0,"88":0,"89":0,"90":2,"91":0,"92":0,"93":0,"94":0,"95":0,"96":0,"97":0,"98":0,"99":0,"100":0,"101":0,"102":0,"103":2,"104":0,"105":0,"106":0,"107":0,"108":0,"109":2,"110":0,"111":0,"112":0,"113":0,"114":0,"115":2,"116":0,"117":0,"118":0,"119":0,"120":2,"121":1,"122":2,"123":2,"124":0,"125":2},"f":{"0":2,"1":1,"2":1,"3":0,"4":1,"5":0,"6":0,"7":0,"8":0,"9":0,"10":0,"11":0,"12":0,"13":0,"14":0,"15":2},"b":{"0":[0,1],"1":[0,0],"2":[0,0],"3":[0,0],"4":[0,0],"5":[0,0],"6":[0,0],"7":[0,0],"8":[0,0],"9":[0,0],"10":[0,0],"11":[0,0],"12":[0,0],"13":[0,0],"14":[0,0],"15":[0,0],"16":[0,0],"17":[0,0],"18":[0,0],"19":[0,0],"20":[0,0],"21":[0,0],"22":[0,0],"23":[0,0],"24":[0,0],"25":[0,0],"26":[0,0],"27":[0,0],"28":[0,0],"29":[0,0],"30":[0,0],"31":[0,0],"32":[0,2]},"_coverageSchema":"1a1c01bbd47fc00a2c39e90264f33305004495a9","hash":"3792b89c1303af80b79154b895b340993ad27bdc"}
,"/home/gmsas95/Blytz/src/context/ThemeProvider.tsx": {"path":"/home/gmsas95/Blytz/src/context/ThemeProvider.tsx","statementMap":{"0":{"start":{"line":11,"column":21},"end":{"line":14,"column":2}},"1":{"start":{"line":17,"column":29},"end":{"line":28,"column":1}},"2":{"start":{"line":18,"column":22},"end":{"line":21,"column":3}},"3":{"start":{"line":20,"column":4},"end":{"line":20,"column":79}},"4":{"start":{"line":23,"column":2},"end":{"line":27,"column":4}},"5":{"start":{"line":31,"column":24},"end":{"line":31,"column":54}},"6":{"start":{"line":31,"column":30},"end":{"line":31,"column":54}}},"fnMap":{"0":{"name":"(anonymous_0)","decl":{"start":{"line":13,"column":15},"end":{"line":13,"column":16}},"loc":{"start":{"line":13,"column":21},"end":{"line":13,"column":23}},"line":13},"1":{"name":"(anonymous_1)","decl":{"start":{"line":17,"column":29},"end":{"line":17,"column":30}},"loc":{"start":{"line":17,"column":68},"end":{"line":28,"column":1}},"line":17},"2":{"name":"(anonymous_2)","decl":{"start":{"line":18,"column":22},"end":{"line":18,"column":23}},"loc":{"start":{"line":18,"column":28},"end":{"line":21,"column":3}},"line":18},"3":{"name":"(anonymous_3)","decl":{"start":{"line":31,"column":24},"end":{"line":31,"column":25}},"loc":{"start":{"line":31,"column":30},"end":{"line":31,"column":54}},"line":31}},"branchMap":{},"s":{"0":0,"1":0,"2":0,"3":0,"4":0,"5":0,"6":0},"f":{"0":0,"1":0,"2":0,"3":0},"b":{}}
,"/home/gmsas95/Blytz/src/hooks/useFirestore.ts": {"path":"/home/gmsas95/Blytz/src/hooks/useFirestore.ts","statementMap":{"0":{"start":{"line":3,"column":28},"end":{"line":5,"column":1}},"1":{"start":{"line":4,"column":2},"end":{"line":4,"column":27}}},"fnMap":{"0":{"name":"(anonymous_0)","decl":{"start":{"line":3,"column":28},"end":{"line":3,"column":29}},"loc":{"start":{"line":3,"column":34},"end":{"line":5,"column":1}},"line":3}},"branchMap":{},"s":{"0":0,"1":0},"f":{"0":0},"b":{}}
,"/home/gmsas95/Blytz/src/hooks/useLiveStream.ts": {"path":"/home/gmsas95/Blytz/src/hooks/useLiveStream.ts","statementMap":{"0":{"start":{"line":6,"column":18},"end":{"line":6,"column":19}},"1":{"start":{"line":8,"column":30},"end":{"line":74,"column":1}},"2":{"start":{"line":9,"column":40},"end":{"line":9,"column":66}},"3":{"start":{"line":10,"column":32},"end":{"line":10,"column":46}},"4":{"start":{"line":11,"column":40},"end":{"line":11,"column":55}},"5":{"start":{"line":12,"column":28},"end":{"line":12,"column":56}},"6":{"start":{"line":13,"column":32},"end":{"line":13,"column":94}},"7":{"start":{"line":14,"column":32},"end":{"line":14,"column":46}},"8":{"start":{"line":16,"column":23},"end":{"line":60,"column":8}},"9":{"start":{"line":17,"column":4},"end":{"line":21,"column":5}},"10":{"start":{"line":18,"column":6},"end":{"line":18,"column":23}},"11":{"start":{"line":20,"column":6},"end":{"line":20,"column":27}},"12":{"start":{"line":23,"column":4},"end":{"line":59,"column":5}},"13":{"start":{"line":24,"column":36},"end":{"line":24,"column":73}},"14":{"start":{"line":25,"column":14},"end":{"line":27,"column":25}},"15":{"start":{"line":29,"column":6},"end":{"line":31,"column":7}},"16":{"start":{"line":30,"column":8},"end":{"line":30,"column":40}},"17":{"start":{"line":33,"column":28},"end":{"line":33,"column":41}},"18":{"start":{"line":34,"column":39},"end":{"line":34,"column":41}},"19":{"start":{"line":36,"column":6},"end":{"line":44,"column":7}},"20":{"start":{"line":37,"column":27},"end":{"line":37,"column":65}},"21":{"start":{"line":38,"column":8},"end":{"line":43,"column":9}},"22":{"start":{"line":39,"column":30},"end":{"line":39,"column":79}},"23":{"start":{"line":40,"column":10},"end":{"line":40,"column":96}},"24":{"start":{"line":42,"column":10},"end":{"line":42,"column":78}},"25":{"start":{"line":46,"column":6},"end":{"line":48,"column":7}},"26":{"start":{"line":47,"column":8},"end":{"line":47,"column":26}},"27":{"start":{"line":50,"column":26},"end":{"line":50,"column":75}},"28":{"start":{"line":51,"column":6},"end":{"line":51,"column":30}},"29":{"start":{"line":53,"column":6},"end":{"line":53,"column":98}},"30":{"start":{"line":53,"column":36},"end":{"line":53,"column":96}},"31":{"start":{"line":55,"column":6},"end":{"line":55,"column":84}},"32":{"start":{"line":57,"column":6},"end":{"line":57,"column":24}},"33":{"start":{"line":58,"column":6},"end":{"line":58,"column":28}},"34":{"start":{"line":62,"column":2},"end":{"line":65,"column":21}},"35":{"start":{"line":64,"column":4},"end":{"line":64,"column":19}},"36":{"start":{"line":67,"column":19},"end":{"line":71,"column":51}},"37":{"start":{"line":68,"column":4},"end":{"line":70,"column":5}},"38":{"start":{"line":69,"column":6},"end":{"line":69,"column":28}},"39":{"start":{"line":73,"column":2},"end":{"line":73,"column":73}}},"fnMap":{"0":{"name":"(anonymous_0)","decl":{"start":{"line":8,"column":30},"end":{"line":8,"column":31}},"loc":{"start":{"line":8,"column":36},"end":{"line":74,"column":1}},"line":8},"1":{"name":"(anonymous_1)","decl":{"start":{"line":16,"column":35},"end":{"line":16,"column":36}},"loc":{"start":{"line":16,"column":115},"end":{"line":60,"column":3}},"line":16},"2":{"name":"(anonymous_2)","decl":{"start":{"line":53,"column":21},"end":{"line":53,"column":22}},"loc":{"start":{"line":53,"column":36},"end":{"line":53,"column":96}},"line":53},"3":{"name":"(anonymous_3)","decl":{"start":{"line":62,"column":12},"end":{"line":62,"column":13}},"loc":{"start":{"line":62,"column":18},"end":{"line":65,"column":3}},"line":62},"4":{"name":"(anonymous_4)","decl":{"start":{"line":67,"column":31},"end":{"line":67,"column":32}},"loc":{"start":{"line":67,"column":37},"end":{"line":71,"column":3}},"line":67}},"branchMap":{"0":{"loc":{"start":{"line":16,"column":42},"end":{"line":16,"column":110}},"type":"default-arg","locations":[{"start":{"line":16,"column":106},"end":{"line":16,"column":110}}],"line":16},"1":{"loc":{"start":{"line":17,"column":4},"end":{"line":21,"column":5}},"type":"if","locations":[{"start":{"line":17,"column":4},"end":{"line":21,"column":5}},{"start":{"line":19,"column":11},"end":{"line":21,"column":5}}],"line":17},"2":{"loc":{"start":{"line":29,"column":6},"end":{"line":31,"column":7}},"type":"if","locations":[{"start":{"line":29,"column":6},"end":{"line":31,"column":7}},{"start":{},"end":{}}],"line":29},"3":{"loc":{"start":{"line":40,"column":68},"end":{"line":40,"column":92}},"type":"binary-expr","locations":[{"start":{"line":40,"column":68},"end":{"line":40,"column":79}},{"start":{"line":40,"column":83},"end":{"line":40,"column":92}}],"line":40},"4":{"loc":{"start":{"line":46,"column":6},"end":{"line":48,"column":7}},"type":"if","locations":[{"start":{"line":46,"column":6},"end":{"line":48,"column":7}},{"start":{},"end":{}}],"line":46},"5":{"loc":{"start":{"line":53,"column":36},"end":{"line":53,"column":96}},"type":"cond-expr","locations":[{"start":{"line":53,"column":52},"end":{"line":53,"column":83}},{"start":{"line":53,"column":86},"end":{"line":53,"column":96}}],"line":53},"6":{"loc":{"start":{"line":55,"column":15},"end":{"line":55,"column":82}},"type":"cond-expr","locations":[{"start":{"line":55,"column":38},"end":{"line":55,"column":41}},{"start":{"line":55,"column":44},"end":{"line":55,"column":82}}],"line":55},"7":{"loc":{"start":{"line":68,"column":4},"end":{"line":70,"column":5}},"type":"if","locations":[{"start":{"line":68,"column":4},"end":{"line":70,"column":5}},{"start":{},"end":{}}],"line":68},"8":{"loc":{"start":{"line":68,"column":8},"end":{"line":68,"column":31}},"type":"binary-expr","locations":[{"start":{"line":68,"column":8},"end":{"line":68,"column":20}},{"start":{"line":68,"column":24},"end":{"line":68,"column":31}}],"line":68}},"s":{"0":1,"1":1,"2":2,"3":2,"4":2,"5":2,"6":2,"7":2,"8":2,"9":1,"10":1,"11":0,"12":1,"13":1,"14":0,"15":0,"16":0,"17":0,"18":0,"19":0,"20":0,"21":0,"22":0,"23":0,"24":0,"25":0,"26":0,"27":0,"28":0,"29":0,"30":0,"31":1,"32":1,"33":1,"34":2,"35":1,"36":2,"37":0,"38":0,"39":2},"f":{"0":2,"1":1,"2":0,"3":1,"4":0},"b":{"0":[1],"1":[1,0],"2":[0,0],"3":[0,0],"4":[0,0],"5":[0,0],"6":[1,0],"7":[0,0],"8":[0,0]},"_coverageSchema":"1a1c01bbd47fc00a2c39e90264f33305004495a9","hash":"ab90bf539190cf1b169c6f935a95db8404904aec"}
,"/home/gmsas95/Blytz/src/hooks/useStorage.ts": {"path":"/home/gmsas95/Blytz/src/hooks/useStorage.ts","statementMap":{"0":{"start":{"line":3,"column":26},"end":{"line":5,"column":1}},"1":{"start":{"line":4,"column":2},"end":{"line":4,"column":25}}},"fnMap":{"0":{"name":"(anonymous_0)","decl":{"start":{"line":3,"column":26},"end":{"line":3,"column":27}},"loc":{"start":{"line":3,"column":32},"end":{"line":5,"column":1}},"line":3}},"branchMap":{},"s":{"0":0,"1":0},"f":{"0":0},"b":{}}
,"/home/gmsas95/Blytz/src/navigation/AuthNavigator.tsx": {"path":"/home/gmsas95/Blytz/src/navigation/AuthNavigator.tsx","statementMap":{"0":{"start":{"line":19,"column":14},"end":{"line":19,"column":62}},"1":{"start":{"line":21,"column":29},"end":{"line":31,"column":1}},"2":{"start":{"line":22,"column":2},"end":{"line":30,"column":4}}},"fnMap":{"0":{"name":"(anonymous_0)","decl":{"start":{"line":21,"column":29},"end":{"line":21,"column":30}},"loc":{"start":{"line":21,"column":35},"end":{"line":31,"column":1}},"line":21}},"branchMap":{},"s":{"0":0,"1":0,"2":0},"f":{"0":0},"b":{}}
,"/home/gmsas95/Blytz/src/navigation/CheckoutNavigator.tsx": {"path":"/home/gmsas95/Blytz/src/navigation/CheckoutNavigator.tsx","statementMap":{"0":{"start":{"line":10,"column":14},"end":{"line":10,"column":42}},"1":{"start":{"line":12,"column":33},"end":{"line":24,"column":1}},"2":{"start":{"line":13,"column":2},"end":{"line":23,"column":4}}},"fnMap":{"0":{"name":"(anonymous_0)","decl":{"start":{"line":12,"column":33},"end":{"line":12,"column":34}},"loc":{"start":{"line":12,"column":39},"end":{"line":24,"column":1}},"line":12}},"branchMap":{},"s":{"0":0,"1":0,"2":0},"f":{"0":0},"b":{}}
,"/home/gmsas95/Blytz/src/navigation/HomeNavigator.tsx": {"path":"/home/gmsas95/Blytz/src/navigation/HomeNavigator.tsx","statementMap":{"0":{"start":{"line":6,"column":14},"end":{"line":6,"column":42}},"1":{"start":{"line":8,"column":29},"end":{"line":19,"column":1}},"2":{"start":{"line":9,"column":2},"end":{"line":18,"column":4}}},"fnMap":{"0":{"name":"(anonymous_0)","decl":{"start":{"line":8,"column":29},"end":{"line":8,"column":30}},"loc":{"start":{"line":8,"column":35},"end":{"line":19,"column":1}},"line":8}},"branchMap":{},"s":{"0":0,"1":0,"2":0},"f":{"0":0},"b":{}}
,"/home/gmsas95/Blytz/src/navigation/LiveStreamNavigator.tsx": {"path":"/home/gmsas95/Blytz/src/navigation/LiveStreamNavigator.tsx","statementMap":{"0":{"start":{"line":9,"column":14},"end":{"line":9,"column":42}},"1":{"start":{"line":11,"column":35},"end":{"line":24,"column":1}},"2":{"start":{"line":12,"column":2},"end":{"line":23,"column":4}}},"fnMap":{"0":{"name":"(anonymous_0)","decl":{"start":{"line":11,"column":35},"end":{"line":11,"column":36}},"loc":{"start":{"line":11,"column":41},"end":{"line":24,"column":1}},"line":11}},"branchMap":{},"s":{"0":0,"1":0,"2":0},"f":{"0":0},"b":{}}
,"/home/gmsas95/Blytz/src/navigation/LiveStreamTabNavigator.tsx": {"path":"/home/gmsas95/Blytz/src/navigation/LiveStreamTabNavigator.tsx","statementMap":{"0":{"start":{"line":8,"column":12},"end":{"line":8,"column":64}},"1":{"start":{"line":10,"column":38},"end":{"line":48,"column":1}},"2":{"start":{"line":11,"column":2},"end":{"line":47,"column":4}},"3":{"start":{"line":13,"column":35},"end":{"line":44,"column":7}},"4":{"start":{"line":18,"column":10},"end":{"line":20,"column":11}},"5":{"start":{"line":19,"column":12},"end":{"line":19,"column":65}},"6":{"start":{"line":22,"column":10},"end":{"line":28,"column":12}}},"fnMap":{"0":{"name":"(anonymous_0)","decl":{"start":{"line":10,"column":38},"end":{"line":10,"column":39}},"loc":{"start":{"line":10,"column":44},"end":{"line":48,"column":1}},"line":10},"1":{"name":"(anonymous_1)","decl":{"start":{"line":13,"column":21},"end":{"line":13,"column":22}},"loc":{"start":{"line":13,"column":35},"end":{"line":44,"column":7}},"line":13},"2":{"name":"(anonymous_2)","decl":{"start":{"line":15,"column":20},"end":{"line":15,"column":21}},"loc":{"start":{"line":15,"column":42},"end":{"line":29,"column":9}},"line":15}},"branchMap":{"0":{"loc":{"start":{"line":18,"column":10},"end":{"line":20,"column":11}},"type":"if","locations":[{"start":{"line":18,"column":10},"end":{"line":20,"column":11}},{"start":{},"end":{}}],"line":18},"1":{"loc":{"start":{"line":19,"column":23},"end":{"line":19,"column":64}},"type":"cond-expr","locations":[{"start":{"line":19,"column":33},"end":{"line":19,"column":43}},{"start":{"line":19,"column":46},"end":{"line":19,"column":64}}],"line":19}},"s":{"0":0,"1":0,"2":0,"3":0,"4":0,"5":0,"6":0},"f":{"0":0,"1":0,"2":0},"b":{"0":[0,0],"1":[0,0]}}
,"/home/gmsas95/Blytz/src/navigation/MainNavigator.tsx": {"path":"/home/gmsas95/Blytz/src/navigation/MainNavigator.tsx","statementMap":{"0":{"start":{"line":12,"column":12},"end":{"line":12,"column":38}},"1":{"start":{"line":14,"column":32},"end":{"line":58,"column":1}},"2":{"start":{"line":15,"column":20},"end":{"line":15,"column":30}},"3":{"start":{"line":16,"column":23},"end":{"line":16,"column":32}},"4":{"start":{"line":18,"column":2},"end":{"line":57,"column":4}},"5":{"start":{"line":20,"column":37},"end":{"line":49,"column":7}},"6":{"start":{"line":24,"column":10},"end":{"line":41,"column":11}},"7":{"start":{"line":25,"column":12},"end":{"line":25,"column":57}},"8":{"start":{"line":26,"column":12},"end":{"line":26,"column":74}},"9":{"start":{"line":27,"column":17},"end":{"line":41,"column":11}},"10":{"start":{"line":28,"column":12},"end":{"line":28,"column":65}},"11":{"start":{"line":29,"column":12},"end":{"line":29,"column":74}},"12":{"start":{"line":30,"column":17},"end":{"line":41,"column":11}},"13":{"start":{"line":31,"column":12},"end":{"line":31,"column":75}},"14":{"start":{"line":32,"column":12},"end":{"line":32,"column":74}},"15":{"start":{"line":33,"column":17},"end":{"line":41,"column":11}},"16":{"start":{"line":34,"column":12},"end":{"line":34,"column":61}},"17":{"start":{"line":35,"column":12},"end":{"line":35,"column":74}},"18":{"start":{"line":36,"column":17},"end":{"line":41,"column":11}},"19":{"start":{"line":37,"column":12},"end":{"line":37,"column":69}},"20":{"start":{"line":38,"column":12},"end":{"line":40,"column":14}}},"fnMap":{"0":{"name":"(anonymous_0)","decl":{"start":{"line":14,"column":32},"end":{"line":14,"column":33}},"loc":{"start":{"line":14,"column":38},"end":{"line":58,"column":1}},"line":14},"1":{"name":"(anonymous_1)","decl":{"start":{"line":20,"column":21},"end":{"line":20,"column":22}},"loc":{"start":{"line":20,"column":37},"end":{"line":49,"column":7}},"line":20},"2":{"name":"(anonymous_2)","decl":{"start":{"line":21,"column":20},"end":{"line":21,"column":21}},"loc":{"start":{"line":21,"column":50},"end":{"line":42,"column":9}},"line":21}},"branchMap":{"0":{"loc":{"start":{"line":24,"column":10},"end":{"line":41,"column":11}},"type":"if","locations":[{"start":{"line":24,"column":10},"end":{"line":41,"column":11}},{"start":{"line":27,"column":17},"end":{"line":41,"column":11}}],"line":24},"1":{"loc":{"start":{"line":25,"column":23},"end":{"line":25,"column":56}},"type":"cond-expr","locations":[{"start":{"line":25,"column":33},"end":{"line":25,"column":39}},{"start":{"line":25,"column":42},"end":{"line":25,"column":56}}],"line":25},"2":{"loc":{"start":{"line":27,"column":17},"end":{"line":41,"column":11}},"type":"if","locations":[{"start":{"line":27,"column":17},"end":{"line":41,"column":11}},{"start":{"line":30,"column":17},"end":{"line":41,"column":11}}],"line":27},"3":{"loc":{"start":{"line":28,"column":23},"end":{"line":28,"column":64}},"type":"cond-expr","locations":[{"start":{"line":28,"column":33},"end":{"line":28,"column":43}},{"start":{"line":28,"column":46},"end":{"line":28,"column":64}}],"line":28},"4":{"loc":{"start":{"line":30,"column":17},"end":{"line":41,"column":11}},"type":"if","locations":[{"start":{"line":30,"column":17},"end":{"line":41,"column":11}},{"start":{"line":33,"column":17},"end":{"line":41,"column":11}}],"line":30},"5":{"loc":{"start":{"line":31,"column":23},"end":{"line":31,"column":74}},"type":"cond-expr","locations":[{"start":{"line":31,"column":33},"end":{"line":31,"column":48}},{"start":{"line":31,"column":51},"end":{"line":31,"column":74}}],"line":31},"6":{"loc":{"start":{"line":33,"column":17},"end":{"line":41,"column":11}},"type":"if","locations":[{"start":{"line":33,"column":17},"end":{"line":41,"column":11}},{"start":{"line":36,"column":17},"end":{"line":41,"column":11}}],"line":33},"7":{"loc":{"start":{"line":34,"column":23},"end":{"line":34,"column":60}},"type":"cond-expr","locations":[{"start":{"line":34,"column":33},"end":{"line":34,"column":41}},{"start":{"line":34,"column":44},"end":{"line":34,"column":60}}],"line":34},"8":{"loc":{"start":{"line":36,"column":17},"end":{"line":41,"column":11}},"type":"if","locations":[{"start":{"line":36,"column":17},"end":{"line":41,"column":11}},{"start":{},"end":{}}],"line":36},"9":{"loc":{"start":{"line":37,"column":23},"end":{"line":37,"column":68}},"type":"cond-expr","locations":[{"start":{"line":37,"column":33},"end":{"line":37,"column":45}},{"start":{"line":37,"column":48},"end":{"line":37,"column":68}}],"line":37},"10":{"loc":{"start":{"line":53,"column":7},"end":{"line":53,"column":75}},"type":"binary-expr","locations":[{"start":{"line":53,"column":7},"end":{"line":53,"column":15}},{"start":{"line":53,"column":19},"end":{"line":53,"column":75}}],"line":53}},"s":{"0":0,"1":0,"2":0,"3":0,"4":0,"5":0,"6":0,"7":0,"8":0,"9":0,"10":0,"11":0,"12":0,"13":0,"14":0,"15":0,"16":0,"17":0,"18":0,"19":0,"20":0},"f":{"0":0,"1":0,"2":0},"b":{"0":[0,0],"1":[0,0],"2":[0,0],"3":[0,0],"4":[0,0],"5":[0,0],"6":[0,0],"7":[0,0],"8":[0,0],"9":[0,0],"10":[0,0]}}
,"/home/gmsas95/Blytz/src/navigation/NotificationsNavigator.tsx": {"path":"/home/gmsas95/Blytz/src/navigation/NotificationsNavigator.tsx","statementMap":{"0":{"start":{"line":5,"column":14},"end":{"line":5,"column":42}},"1":{"start":{"line":7,"column":38},"end":{"line":13,"column":1}},"2":{"start":{"line":8,"column":2},"end":{"line":12,"column":4}}},"fnMap":{"0":{"name":"(anonymous_0)","decl":{"start":{"line":7,"column":38},"end":{"line":7,"column":39}},"loc":{"start":{"line":7,"column":44},"end":{"line":13,"column":1}},"line":7}},"branchMap":{},"s":{"0":0,"1":0,"2":0},"f":{"0":0},"b":{}}
,"/home/gmsas95/Blytz/src/navigation/ProductNavigator.tsx": {"path":"/home/gmsas95/Blytz/src/navigation/ProductNavigator.tsx","statementMap":{"0":{"start":{"line":5,"column":14},"end":{"line":5,"column":42}},"1":{"start":{"line":7,"column":32},"end":{"line":14,"column":1}},"2":{"start":{"line":8,"column":2},"end":{"line":13,"column":4}}},"fnMap":{"0":{"name":"(anonymous_0)","decl":{"start":{"line":7,"column":32},"end":{"line":7,"column":33}},"loc":{"start":{"line":7,"column":38},"end":{"line":14,"column":1}},"line":7}},"branchMap":{},"s":{"0":0,"1":0,"2":0},"f":{"0":0},"b":{}}
,"/home/gmsas95/Blytz/src/navigation/RootNavigator.tsx": {"path":"/home/gmsas95/Blytz/src/navigation/RootNavigator.tsx","statementMap":{"0":{"start":{"line":8,"column":18},"end":{"line":8,"column":46}},"1":{"start":{"line":10,"column":29},"end":{"line":26,"column":1}},"2":{"start":{"line":11,"column":27},"end":{"line":11,"column":36}},"3":{"start":{"line":13,"column":2},"end":{"line":25,"column":4}}},"fnMap":{"0":{"name":"(anonymous_0)","decl":{"start":{"line":10,"column":29},"end":{"line":10,"column":30}},"loc":{"start":{"line":10,"column":35},"end":{"line":26,"column":1}},"line":10}},"branchMap":{"0":{"loc":{"start":{"line":15,"column":7},"end":{"line":23,"column":7}},"type":"cond-expr","locations":[{"start":{"line":16,"column":8},"end":{"line":20,"column":9}},{"start":{"line":22,"column":8},"end":{"line":22,"column":66}}],"line":15},"1":{"loc":{"start":{"line":16,"column":8},"end":{"line":20,"column":9}},"type":"cond-expr","locations":[{"start":{"line":17,"column":10},"end":{"line":17,"column":72}},{"start":{"line":19,"column":10},"end":{"line":19,"column":68}}],"line":16}},"s":{"0":0,"1":0,"2":0,"3":0},"f":{"0":0},"b":{"0":[0,0],"1":[0,0]}}
[...]
,"/home/gmsas95/Blytz/src/screens/UserProfile/MyWinsScreen.tsx": {"path":"/home/gmsas95/Blytz/src/screens/UserProfile/MyWinsScreen.tsx","statementMap":{"0":{"start":{"line":21,"column":28},"end":{"line":43,"column":1}},"1":{"start":{"line":45,"column":28},"end":{"line":68,"column":1}},"2":{"start":{"line":46,"column":24},"end":{"line":55,"column":3}},"3":{"start":{"line":47,"column":4},"end":{"line":54,"column":11}},"4":{"start":{"line":57,"column":2},"end":{"line":67,"column":4}},"5":{"start":{"line":63,"column":30},"end":{"line":63,"column":37}},"6":{"start":{"line":70,"column":15},"end":{"line":94,"column":2}}},"fnMap":{"0":{"name":"(anonymous_0)","decl":{"start":{"line":45,"column":28},"end":{"line":45,"column":29}},"loc":{"start":{"line":45,"column":34},"end":{"line":68,"column":1}},"line":45},"1":{"name":"(anonymous_1)","decl":{"start":{"line":46,"column":24},"end":{"line":46,"column":25}},"loc":{"start":{"line":47,"column":4},"end":{"line":54,"column":11}},"line":47},"2":{"name":"(anonymous_2)","decl":{"start":{"line":63,"column":22},"end":{"line":63,"column":23}},"loc":{"start":{"line":63,"column":30},"end":{"line":63,"column":37}},"line":63}},"branchMap":{},"s":{"0":0,"1":0,"2":0,"3":0,"4":0,"5":0,"6":0},"f":{"0":0,"1":0,"2":0},"b":{}}
,"/home/gmsas95/Blytz/src/screens/UserProfile/SettingsScreen.tsx": {"path":"/home/gmsas95/Blytz/src/screens/UserProfile/SettingsScreen.tsx","statementMap":{"0":{"start":{"line":16,"column":21},"end":{"line":16,"column":36}},"1":{"start":{"line":17,"column":58},"end":{"line":17,"column":72}},"2":{"start":{"line":19,"column":2},"end":{"line":66,"column":4}},"3":{"start":{"line":28,"column":29},"end":{"line":28,"column":72}},"4":{"start":{"line":33,"column":29},"end":{"line":33,"column":75}},"5":{"start":{"line":69,"column":15},"end":{"line":94,"column":2}}},"fnMap":{"0":{"name":"SettingsScreen","decl":{"start":{"line":15,"column":24},"end":{"line":15,"column":38}},"loc":{"start":{"line":15,"column":41},"end":{"line":67,"column":1}},"line":15},"1":{"name":"(anonymous_1)","decl":{"start":{"line":28,"column":23},"end":{"line":28,"column":24}},"loc":{"start":{"line":28,"column":29},"end":{"line":28,"column":72}},"line":28},"2":{"name":"(anonymous_2)","decl":{"start":{"line":33,"column":23},"end":{"line":33,"column":24}},"loc":{"start":{"line":33,"column":29},"end":{"line":33,"column":75}},"line":33}},"branchMap":{},"s":{"0":0,"1":0,"2":0,"3":0,"4":0,"5":0},"f":{"0":0,"1":0,"2":0},"b":{}}
,"/home/gmsas95/Blytz/src/services/blytzPerformance.ts": {"path":"/home/gmsas95/Blytz/src/services/blytzPerformance.ts","statementMap":{"0":{"start":{"line":1,"column":25},"end":{"line":8,"column":1}},"1":{"start":{"line":3,"column":4},"end":{"line":6,"column":5}},"2":{"start":{"line":4,"column":6},"end":{"line":4,"column":73}}},"fnMap":{"0":{"name":"(anonymous_0)","decl":{"start":{"line":2,"column":8},"end":{"line":2,"column":9}},"loc":{"start":{"line":2,"column":14},"end":{"line":7,"column":3}},"line":2}},"branchMap":{"0":{"loc":{"start":{"line":3,"column":4},"end":{"line":6,"column":5}},"type":"if","locations":[{"start":{"line":3,"column":4},"end":{"line":6,"column":5}},{"start":{},"end":{}}],"line":3}},"s":{"0":0,"1":0,"2":0},"f":{"0":0},"b":{"0":[0,0]}}
,"/home/gmsas95/Blytz/src/services/fiuuPayment.ts": {"path":"/home/gmsas95/Blytz/src/services/fiuuPayment.ts","statementMap":{"0":{"start":{"line":3,"column":20},"end":{"line":9,"column":1}},"1":{"start":{"line":32,"column":19},"end":{"line":32,"column":36}},"2":{"start":{"line":33,"column":4},"end":{"line":33,"column":66}},"3":{"start":{"line":37,"column":4},"end":{"line":74,"column":5}},"4":{"start":{"line":38,"column":22},"end":{"line":49,"column":7}},"5":{"start":{"line":51,"column":23},"end":{"line":57,"column":8}},"6":{"start":{"line":59,"column":21},"end":{"line":59,"column":42}},"7":{"start":{"line":61,"column":6},"end":{"line":66,"column":8}},"8":{"start":{"line":68,"column":6},"end":{"line":73,"column":8}},"9":{"start":{"line":78,"column":4},"end":{"line":97,"column":5}},"10":{"start":{"line":79,"column":22},"end":{"line":83,"column":7}},"11":{"start":{"line":85,"column":23},"end":{"line":91,"column":8}},"12":{"start":{"line":93,"column":21},"end":{"line":93,"column":42}},"13":{"start":{"line":94,"column":6},"end":{"line":94,"column":36}},"14":{"start":{"line":96,"column":6},"end":{"line":96,"column":19}}},"fnMap":{"0":{"name":"(anonymous_0)","decl":{"start":{"line":30,"column":2},"end":{"line":30,"column":3}},"loc":{"start":{"line":30,"column":52},"end":{"line":34,"column":3}},"line":30},"1":{"name":"(anonymous_1)","decl":{"start":{"line":36,"column":2},"end":{"line":36,"column":3}},"loc":{"start":{"line":36,"column":80},"end":{"line":75,"column":3}},"line":36},"2":{"name":"(anonymous_2)","decl":{"start":{"line":77,"column":2},"end":{"line":77,"column":3}},"loc":{"start":{"line":77,"column":70},"end":{"line":98,"column":3}},"line":77}},"branchMap":{},"s":{"0":0,"1":0,"2":0,"3":0,"4":0,"5":0,"6":0,"7":0,"8":0,"9":0,"10":0,"11":0,"12":0,"13":0,"14":0},"f":{"0":0,"1":0,"2":0},"b":{}}
,"/home/gmsas95/Blytz/src/services/streaming.ts": {"path":"/home/gmsas95/Blytz/src/services/streaming.ts","statementMap":{"0":{"start":{"line":12,"column":23},"end":{"line":30,"column":1}},"1":{"start":{"line":15,"column":2},"end":{"line":15,"column":68}},"2":{"start":{"line":18,"column":2},"end":{"line":20,"column":3}},"3":{"start":{"line":19,"column":4},"end":{"line":19,"column":34}},"4":{"start":{"line":25,"column":2},"end":{"line":27,"column":3}},"5":{"start":{"line":26,"column":4},"end":{"line":26,"column":35}},"6":{"start":{"line":29,"column":2},"end":{"line":29,"column":14}},"7":{"start":{"line":32,"column":32},"end":{"line":34,"column":1}}},"fnMap":{"0":{"name":"(anonymous_0)","decl":{"start":{"line":12,"column":23},"end":{"line":12,"column":24}},"loc":{"start":{"line":14,"column":29},"end":{"line":30,"column":1}},"line":14}},"branchMap":{"0":{"loc":{"start":{"line":18,"column":2},"end":{"line":20,"column":3}},"type":"if","locations":[{"start":{"line":18,"column":2},"end":{"line":20,"column":3}},{"start":{},"end":{}}],"line":18},"1":{"loc":{"start":{"line":18,"column":6},"end":{"line":18,"column":60}},"type":"binary-expr","locations":[{"start":{"line":18,"column":6},"end":{"line":18,"column":34}},{"start":{"line":18,"column":38},"end":{"line":18,"column":60}}],"line":18},"2":{"loc":{"start":{"line":25,"column":2},"end":{"line":27,"column":3}},"type":"if","locations":[{"start":{"line":25,"column":2},"end":{"line":27,"column":3}},{"start":{},"end":{}}],"line":25}},"s":{"0":1,"1":0,"2":0,"3":0,"4":0,"5":0,"6":0,"7":1},"f":{"0":0},"b":{"0":[0,0],"1":[0,0],"2":[0,0]},"_coverageSchema":"1a1c01bbd47fc00a2c39e90264f33305004495a9","hash":"4d21f31abbf388f310bc9d55d803e5a3b3819ad7"}
,"/home/gmsas95/Blytz/src/services/firebase/auth.ts": {"path":"/home/gmsas95/Blytz/src/services/firebase/auth.ts","statementMap":{"0":{"start":{"line":3,"column":28},"end":{"line":18,"column":1}},"1":{"start":{"line":5,"column":4},"end":{"line":5,"column":60}},"2":{"start":{"line":7,"column":4},"end":{"line":7,"column":56}},"3":{"start":{"line":9,"column":4},"end":{"line":9,"column":42}},"4":{"start":{"line":10,"column":17},"end":{"line":10,"column":35}},"5":{"start":{"line":13,"column":7},"end":{"line":13,"column":44}},"6":{"start":{"line":17,"column":7},"end":{"line":17,"column":34}}},"fnMap":{"0":{"name":"(anonymous_0)","decl":{"start":{"line":4,"column":34},"end":{"line":4,"column":35}},"loc":{"start":{"line":5,"column":4},"end":{"line":5,"column":60}},"line":5},"1":{"name":"(anonymous_1)","decl":{"start":{"line":6,"column":30},"end":{"line":6,"column":31}},"loc":{"start":{"line":7,"column":4},"end":{"line":7,"column":56}},"line":7},"2":{"name":"(anonymous_2)","decl":{"start":{"line":8,"column":26},"end":{"line":8,"column":27}},"loc":{"start":{"line":9,"column":4},"end":{"line":9,"column":42}},"line":9},"3":{"name":"(anonymous_3)","decl":{"start":{"line":10,"column":11},"end":{"line":10,"column":12}},"loc":{"start":{"line":10,"column":17},"end":{"line":10,"column":35}},"line":10},"4":{"name":"(anonymous_4)","decl":{"start":{"line":11,"column":22},"end":{"line":11,"column":23}},"loc":{"start":{"line":13,"column":7},"end":{"line":13,"column":44}},"line":13},"5":{"name":"(anonymous_5)","decl":{"start":{"line":14,"column":17},"end":{"line":14,"column":18}},"loc":{"start":{"line":17,"column":7},"end":{"line":17,"column":34}},"line":17}},"branchMap":{},"s":{"0":0,"1":0,"2":0,"3":0,"4":0,"5":0,"6":0},"f":{"0":0,"1":0,"2":0,"3":0,"4":0,"5":0},"b":{}}
,"/home/gmsas95/Blytz/src/services/firebase/firebase.ts": {"path":"/home/gmsas95/Blytz/src/services/firebase/firebase.ts","statementMap":{"0":{"start":{"line":11,"column":12},"end":{"line":11,"column":26}}},"fnMap":{},"branchMap":{},"s":{"0":0},"f":{},"b":{}}
,"/home/gmsas95/Blytz/src/services/firebase/firestore.ts": {"path":"/home/gmsas95/Blytz/src/services/firebase/firestore.ts","statementMap":{"0":{"start":{"line":11,"column":33},"end":{"line":21,"column":1}}},"fnMap":{},"branchMap":{},"s":{"0":0},"f":{},"b":{}}
,"/home/gmsas95/Blytz/src/services/firebase/functions.ts": {"path":"/home/gmsas95/Blytz/src/services/firebase/functions.ts","statementMap":{"0":{"start":{"line":3,"column":33},"end":{"line":3,"column":44}}},"fnMap":{},"branchMap":{},"s":{"0":0},"f":{},"b":{}}
,"/home/gmsas95/Blytz/src/services/firebase/storage.ts": {"path":"/home/gmsas95/Blytz/src/services/firebase/storage.ts","statementMap":{"0":{"start":{"line":9,"column":31},"end":{"line":28,"column":1}},"1":{"start":{"line":14,"column":2},"end":{"line":27,"column":3}},"2":{"start":{"line":15,"column":22},"end":{"line":15,"column":58}},"3":{"start":{"line":18,"column":4},"end":{"line":18,"column":33}},"4":{"start":{"line":21,"column":16},"end":{"line":21,"column":48}},"5":{"start":{"line":23,"column":4},"end":{"line":23,"column":15}},"6":{"start":{"line":25,"column":4},"end":{"line":25,"column":65}},"7":{"start":{"line":26,"column":4},"end":{"line":26,"column":16}},"8":{"start":{"line":30,"column":33},"end":{"line":38,"column":1}},"9":{"start":{"line":31,"column":2},"end":{"line":37,"column":3}},"10":{"start":{"line":32,"column":22},"end":{"line":32,"column":41}},"11":{"start":{"line":33,"column":4},"end":{"line":33,"column":29}},"12":{"start":{"line":35,"column":4},"end":{"line":35,"column":66}},"13":{"start":{"line":36,"column":4},"end":{"line":36,"column":16}},"14":{"start":{"line":40,"column":32},"end":{"line":43,"column":1}},"15":{"start":{"line":41,"column":20},"end":{"line":41,"column":40}},"16":{"start":{"line":42,"column":2},"end":{"line":42,"column":42}},"17":{"start":{"line":45,"column":32},"end":{"line":49,"column":1}},"18":{"start":{"line":46,"column":20},"end":{"line":46,"column":30}},"19":{"start":{"line":47,"column":23},"end":{"line":47,"column":66}},"20":{"start":{"line":48,"column":2},"end":{"line":48,"column":62}},"21":{"start":{"line":51,"column":35},"end":{"line":62,"column":1}},"22":{"start":{"line":54,"column":2},"end":{"line":61,"column":3}},"23":{"start":{"line":55,"column":27},"end":{"line":55,"column":97}},"24":{"start":{"line":55,"column":45},"end":{"line":55,"column":96}},"25":{"start":{"line":56,"column":17},"end":{"line":56,"column":50}},"26":{"start":{"line":57,"column":4},"end":{"line":57,"column":16}},"27":{"start":{"line":59,"column":4},"end":{"line":59,"column":60}},"28":{"start":{"line":60,"column":4},"end":{"line":60,"column":16}},"29":{"start":{"line":64,"column":31},"end":{"line":64,"column":40}}},"fnMap":{"0":{"name":"(anonymous_0)","decl":{"start":{"line":9,"column":31},"end":{"line":9,"column":32}},"loc":{"start":{"line":13,"column":22},"end":{"line":28,"column":1}},"line":13},"1":{"name":"(anonymous_1)","decl":{"start":{"line":30,"column":33},"end":{"line":30,"column":34}},"loc":{"start":{"line":30,"column":72},"end":{"line":38,"column":1}},"line":30},"2":{"name":"(anonymous_2)","decl":{"start":{"line":40,"column":32},"end":{"line":40,"column":33}},"loc":{"start":{"line":40,"column":57},"end":{"line":43,"column":1}},"line":40},"3":{"name":"(anonymous_3)","decl":{"start":{"line":45,"column":32},"end":{"line":45,"column":33}},"loc":{"start":{"line":45,"column":79},"end":{"line":49,"column":1}},"line":45},"4":{"name":"(anonymous_4)","decl":{"start":{"line":51,"column":35},"end":{"line":51,"column":36}},"loc":{"start":{"line":53,"column":24},"end":{"line":62,"column":1}},"line":53},"5":{"name":"(anonymous_5)","decl":{"start":{"line":55,"column":37},"end":{"line":55,"column":38}},"loc":{"start":{"line":55,"column":45},"end":{"line":55,"column":96}},"line":55}},"branchMap":{"0":{"loc":{"start":{"line":42,"column":9},"end":{"line":42,"column":41}},"type":"cond-expr","locations":[{"start":{"line":42,"column":21},"end":{"line":42,"column":36}},{"start":{"line":42,"column":39},"end":{"line":42,"column":41}}],"line":42}},"s":{"0":0,"1":0,"2":0,"3":0,"4":0,"5":0,"6":0,"7":0,"8":0,"9":0,"10":0,"11":0,"12":0,"13":0,"14":0,"15":0,"16":0,"17":0,"18":0,"19":0,"20":0,"21":0,"22":0,"23":0,"24":0,"25":0,"26":0,"27":0,"28":0,"29":0},"f":{"0":0,"1":0,"2":0,"3":0,"4":0,"5":0},"b":{"0":[0,0]}}
,"/home/gmsas95/Blytz/src/services/logistics/shipping.ts": {"path":"/home/gmsas95/Blytz/src/services/logistics/shipping.ts","statementMap":{"0":{"start":{"line":1,"column":32},"end":{"line":24,"column":1}},"1":{"start":{"line":7,"column":2},"end":{"line":9,"column":4}},"2":{"start":{"line":10,"column":2},"end":{"line":23,"column":4}}},"fnMap":{"0":{"name":"(anonymous_0)","decl":{"start":{"line":1,"column":32},"end":{"line":1,"column":33}},"loc":{"start":{"line":5,"column":5},"end":{"line":24,"column":1}},"line":5}},"branchMap":{},"s":{"0":0,"1":0,"2":0},"f":{"0":0},"b":{}}
,"/home/gmsas95/Blytz/src/services/notifications/pushNotifications.ts": {"path":"/home/gmsas95/Blytz/src/services/notifications/pushNotifications.ts","statementMap":{"0":{"start":{"line":5,"column":21},"end":{"line":5,"column":58}},"1":{"start":{"line":7,"column":4},"end":{"line":8,"column":60}},"2":{"start":{"line":10,"column":2},"end":{"line":13,"column":3}},"3":{"start":{"line":11,"column":4},"end":{"line":11,"column":53}},"4":{"start":{"line":12,"column":4},"end":{"line":12,"column":18}},"5":{"start":{"line":17,"column":19},"end":{"line":17,"column":47}},"6":{"start":{"line":18,"column":2},"end":{"line":21,"column":3}},"7":{"start":{"line":20,"column":4},"end":{"line":20,"column":43}},"8":{"start":{"line":25,"column":2},"end":{"line":31,"column":5}},"9":{"start":{"line":26,"column":4},"end":{"line":26,"column":57}},"10":{"start":{"line":27,"column":4},"end":{"line":30,"column":6}},"11":{"start":{"line":33,"column":2},"end":{"line":39,"column":5}},"12":{"start":{"line":34,"column":4},"end":{"line":37,"column":6}},"13":{"start":{"line":41,"column":2},"end":{"line":51,"column":7}},"14":{"start":{"line":44,"column":6},"end":{"line":50,"column":7}},"15":{"start":{"line":45,"column":8},"end":{"line":48,"column":10}}},"fnMap":{"0":{"name":"requestUserPermission","decl":{"start":{"line":4,"column":22},"end":{"line":4,"column":43}},"loc":{"start":{"line":4,"column":46},"end":{"line":14,"column":1}},"line":4},"1":{"name":"getFcmToken","decl":{"start":{"line":16,"column":22},"end":{"line":16,"column":33}},"loc":{"start":{"line":16,"column":36},"end":{"line":22,"column":1}},"line":16},"2":{"name":"listenForMessages","decl":{"start":{"line":24,"column":16},"end":{"line":24,"column":33}},"loc":{"start":{"line":24,"column":36},"end":{"line":52,"column":1}},"line":24},"3":{"name":"(anonymous_3)","decl":{"start":{"line":25,"column":24},"end":{"line":25,"column":25}},"loc":{"start":{"line":25,"column":47},"end":{"line":31,"column":3}},"line":25},"4":{"name":"(anonymous_4)","decl":{"start":{"line":33,"column":38},"end":{"line":33,"column":39}},"loc":{"start":{"line":33,"column":55},"end":{"line":39,"column":3}},"line":33},"5":{"name":"(anonymous_5)","decl":{"start":{"line":43,"column":10},"end":{"line":43,"column":11}},"loc":{"start":{"line":43,"column":27},"end":{"line":51,"column":5}},"line":43}},"branchMap":{"0":{"loc":{"start":{"line":7,"column":4},"end":{"line":8,"column":60}},"type":"binary-expr","locations":[{"start":{"line":7,"column":4},"end":{"line":7,"column":59}},{"start":{"line":8,"column":4},"end":{"line":8,"column":60}}],"line":7},"1":{"loc":{"start":{"line":10,"column":2},"end":{"line":13,"column":3}},"type":"if","locations":[{"start":{"line":10,"column":2},"end":{"line":13,"column":3}},{"start":{},"end":{}}],"line":10},"2":{"loc":{"start":{"line":18,"column":2},"end":{"line":21,"column":3}},"type":"if","locations":[{"start":{"line":18,"column":2},"end":{"line":21,"column":3}},{"start":{"line":19,"column":9},"end":{"line":21,"column":3}}],"line":18},"3":{"loc":{"start":{"line":28,"column":6},"end":{"line":28,"column":56}},"type":"binary-expr","locations":[{"start":{"line":28,"column":6},"end":{"line":28,"column":39}},{"start":{"line":28,"column":43},"end":{"line":28,"column":56}}],"line":28},"4":{"loc":{"start":{"line":29,"column":6},"end":{"line":29,"column":67}},"type":"binary-expr","locations":[{"start":{"line":29,"column":6},"end":{"line":29,"column":38}},{"start":{"line":29,"column":42},"end":{"line":29,"column":67}}],"line":29},"5":{"loc":{"start":{"line":44,"column":6},"end":{"line":50,"column":7}},"type":"if","locations":[{"start":{"line":44,"column":6},"end":{"line":50,"column":7}},{"start":{},"end":{}}],"line":44}},"s":{"0":0,"1":0,"2":0,"3":0,"4":0,"5":0,"6":0,"7":0,"8":0,"9":0,"10":0,"11":0,"12":0,"13":0,"14":0,"15":0},"f":{"0":0,"1":0,"2":0,"3":0,"4":0,"5":0},"b":{"0":[0,0],"1":[0,0],"2":[0,0],"3":[0,0],"4":[0,0],"5":[0,0]}}
,"/home/gmsas95/Blytz/src/services/payments/curlec.ts": {"path":"/home/gmsas95/Blytz/src/services/payments/curlec.ts","statementMap":{"0":{"start":{"line":4,"column":29},"end":{"line":6,"column":1}}},"fnMap":{},"branchMap":{},"s":{"0":0},"f":{},"b":{}}
,"/home/gmsas95/Blytz/src/utils/responsive.ts": {"path":"/home/gmsas95/Blytz/src/utils/responsive.ts","statementMap":{"0":{"start":{"line":4,"column":27},"end":{"line":4,"column":30}},"1":{"start":{"line":5,"column":28},"end":{"line":5,"column":31}},"2":{"start":{"line":7,"column":51},"end":{"line":7,"column":75}},"3":{"start":{"line":9,"column":14},"end":{"line":9,"column":73}},"4":{"start":{"line":9,"column":32},"end":{"line":9,"column":73}},"5":{"start":{"line":10,"column":22},"end":{"line":11,"column":45}},"6":{"start":{"line":11,"column":2},"end":{"line":11,"column":45}},"7":{"start":{"line":12,"column":22},"end":{"line":13,"column":38}},"8":{"start":{"line":13,"column":2},"end":{"line":13,"column":38}}},"fnMap":{"0":{"name":"(anonymous_0)","decl":{"start":{"line":9,"column":14},"end":{"line":9,"column":15}},"loc":{"start":{"line":9,"column":32},"end":{"line":9,"column":73}},"line":9},"1":{"name":"(anonymous_1)","decl":{"start":{"line":10,"column":22},"end":{"line":10,"column":23}},"loc":{"start":{"line":11,"column":2},"end":{"line":11,"column":45}},"line":11},"2":{"name":"(anonymous_2)","decl":{"start":{"line":12,"column":22},"end":{"line":12,"column":23}},"loc":{"start":{"line":13,"column":2},"end":{"line":13,"column":38}},"line":13}},"branchMap":{"0":{"loc":{"start":{"line":12,"column":37},"end":{"line":12,"column":49}},"type":"default-arg","locations":[{"start":{"line":12,"column":46},"end":{"line":12,"column":49}}],"line":12}},"s":{"0":0,"1":0,"2":0,"3":0,"4":0,"5":0,"6":0,"7":0,"8":0},"f":{"0":0,"1":0,"2":0},"b":{"0":[0]}}
}
