TN:
SF:src/components/AuctionCard.tsx
FN:32,AuctionCard
FN:37,(anonymous_1)
FNF:2
FNH:0
FNDA:0,AuctionCard
FNDA:0,(anonymous_1)
DA:37,0
DA:40,0
DA:42,0
DA:43,0
DA:44,0
DA:46,0
DA:47,0
DA:53,0
DA:55,0
DA:56,0
DA:57,0
DA:58,0
DA:59,0
DA:60,0
DA:62,0
DA:63,0
DA:64,0
DA:65,0
DA:66,0
DA:68,0
DA:75,0
LF:21
LH:0
BRDA:40,0,0,0
BRDA:40,0,1,0
BRDA:46,1,0,0
BRDA:46,1,1,0
BRDA:55,2,0,0
BRDA:55,2,1,0
BRDA:57,3,0,0
BRDA:57,3,1,0
BRDA:59,4,0,0
BRDA:59,4,1,0
BRDA:60,5,0,0
BRDA:60,5,1,0
BRDA:62,6,0,0
BRDA:62,6,1,0
BRDA:63,7,0,0
BRDA:63,7,1,0
BRDA:65,8,0,0
BRDA:65,8,1,0
BRDA:85,9,0,0
BRDA:85,9,1,0
BRDA:92,10,0,0
BRDA:92,10,1,0
BRDA:96,11,0,0
BRDA:96,11,1,0
BRDA:96,11,2,0
BRDA:104,12,0,0
BRDA:104,12,1,0
BRF:27
BRH:0
end_of_record
TN:
SF:src/components/LiveBadge.tsx
FN:18,LiveBadge
FNF:1
FNH:0
FNDA:0,LiveBadge
DA:19,0
LF:1
LH:0
BRF:0
BRH:0
end_of_record
TN:
SF:src/components/Auth/SocialButton.tsx
FN:11,(anonymous_0)
FNF:1
FNH:0
FNDA:0,(anonymous_0)
DA:11,0
DA:12,0
DA:13,0
DA:14,0
DA:16,0
DA:36,0
LF:6
LH:0
BRDA:13,0,0,0
BRDA:13,0,1,0
BRDA:14,1,0,0
BRDA:14,1,1,0
BRF:4
BRH:0
end_of_record
TN:
SF:src/components/Home/BidPrice.tsx
FN:9,BidPrice
FNF:1
FNH:0
FNDA:0,BidPrice
DA:10,0
DA:11,0
DA:14,0
DA:23,0
LF:4
LH:0
BRDA:10,0,0,0
BRDA:10,0,1,0
BRF:2
BRH:0
end_of_record
TN:
SF:src/components/Home/LiveBadge.tsx
FN:5,LiveBadge
FNF:1
FNH:0
FNDA:0,LiveBadge
DA:6,0
DA:14,0
LF:2
LH:0
BRF:0
BRH:0
end_of_record
TN:
SF:src/components/Home/LiveStreamItem.tsx
FN:27,LiveStreamItem
FNF:1
FNH:0
FNDA:0,LiveStreamItem
DA:11,0
DA:38,0
DA:63,0
LF:3
LH:0
BRDA:33,0,0,0
BRF:1
BRH:0
end_of_record
TN:
SF:src/components/Home/SellerInfo.tsx
FN:11,SellerInfo
FNF:1
FNH:0
FNDA:0,SellerInfo
DA:12,0
DA:23,0
LF:2
LH:0
BRF:0
BRH:0
end_of_record
TN:
SF:src/components/Home/ViewerCount.tsx
FN:9,ViewerCount
FNF:1
FNH:0
FNDA:0,ViewerCount
DA:10,0
DA:17,0
LF:2
LH:0
BRF:0
BRH:0
end_of_record
TN:
SF:src/components/Home/ViewerStats.tsx
FN:11,ViewerStats
FNF:1
FNH:0
FNDA:0,ViewerStats
DA:12,0
DA:34,0
LF:2
LH:0
BRF:0
BRH:0
end_of_record
TN:
SF:src/components/LiveStream/viewer/BidOverlayComponent.tsx
FN:4,(anonymous_0)
FNF:1
FNH:0
FNDA:0,(anonymous_0)
DA:4,0
DA:5,0
DA:15,0
LF:3
LH:0
BRF:0
BRH:0
end_of_record
TN:
SF:src/components/LiveStream/viewer/BiddingComponent.tsx
FN:12,(anonymous_0)
FN:20,(anonymous_1)
FNF:2
FNH:0
FNDA:0,(anonymous_0)
FNDA:0,(anonymous_1)
DA:12,0
DA:17,0
DA:18,0
DA:20,0
DA:21,0
DA:24,0
DA:36,0
LF:7
LH:0
BRDA:17,0,0,0
BRDA:17,0,1,0
BRF:2
BRH:0
end_of_record
TN:
SF:src/components/LiveStream/viewer/LiveChatComponent.tsx
FN:4,(anonymous_0)
FNF:1
FNH:0
FNDA:0,(anonymous_0)
DA:4,0
DA:5,0
DA:14,0
LF:3
LH:0
BRF:0
BRH:0
end_of_record
TN:
SF:src/components/LiveStream/viewer/LiveStreamItem.tsx
FN:13,(anonymous_0)
FN:16,(anonymous_1)
FN:22,(anonymous_2)
FN:35,(anonymous_3)
FNF:4
FNH:0
FNDA:0,(anonymous_0)
FNDA:0,(anonymous_1)
FNDA:0,(anonymous_2)
FNDA:0,(anonymous_3)
DA:11,0
DA:13,0
DA:14,0
DA:16,0
DA:17,0
DA:22,0
DA:23,0
DA:27,0
DA:35,0
DA:117,0
LF:10
LH:0
BRDA:29,0,0,0
BRDA:29,0,1,0
BRF:2
BRH:0
end_of_record
TN:
SF:src/components/LiveStream/viewer/ProductCarouselComponent.tsx
FN:4,(anonymous_0)
FNF:1
FNH:0
FNDA:0,(anonymous_0)
DA:4,0
DA:5,0
DA:30,0
LF:3
LH:0
BRF:0
BRH:0
end_of_record
TN:
SF:src/components/LiveStream/viewer/ReactionComponent.tsx
FN:4,(anonymous_0)
FNF:1
FNH:0
FNDA:0,(anonymous_0)
DA:4,0
DA:5,0
DA:20,0
LF:3
LH:0
BRF:0
BRH:0
end_of_record
TN:
SF:src/components/LiveStream/viewer/components/ActionRowComponent.tsx
FN:15,(anonymous_0)
FNF:1
FNH:0
FNDA:0,(anonymous_0)
DA:15,0
DA:22,0
DA:39,0
LF:3
LH:0
BRDA:16,0,0,0
BRF:1
BRH:0
end_of_record
TN:
SF:src/components/LiveStream/viewer/components/ChatSectionComponent.tsx
FN:14,(anonymous_0)
FN:22,(anonymous_1)
FNF:2
FNH:0
FNDA:0,(anonymous_0)
FNDA:0,(anonymous_1)
DA:14,0
DA:20,0
DA:23,0
DA:31,0
LF:4
LH:0
BRDA:15,0,0,0
BRF:1
BRH:0
end_of_record
TN:
SF:src/components/LiveStream/viewer/components/HeaderComponent.tsx
FN:15,(anonymous_0)
FNF:1
FNH:0
FNDA:0,(anonymous_0)
DA:15,0
DA:23,0
DA:48,0
LF:3
LH:0
BRDA:17,0,0,0
BRDA:18,1,0,0
BRDA:19,2,0,0
BRF:3
BRH:0
end_of_record
TN:
SF:src/components/LiveStream/viewer/components/ProductInfoComponent.tsx
FN:11,(anonymous_0)
FNF:1
FNH:0
FNDA:0,(anonymous_0)
DA:11,0
DA:17,0
DA:33,0
LF:3
LH:0
BRF:0
BRH:0
end_of_record
TN:
SF:src/components/LiveStream/viewer/components/SideToolbarComponent.tsx
FN:11,(anonymous_0)
FNF:1
FNH:0
FNDA:0,(anonymous_0)
DA:11,0
DA:16,0
DA:34,0
LF:3
LH:0
BRF:0
BRH:0
end_of_record
TN:
SF:src/components/Payment/FiuuPaymentButton.tsx
FN:16,(anonymous_0)
FN:28,(anonymous_1)
FN:52,(anonymous_2)
FNF:3
FNH:0
FNDA:0,(anonymous_0)
FNDA:0,(anonymous_1)
FNDA:0,(anonymous_2)
DA:16,0
DA:26,0
DA:28,0
DA:29,0
DA:31,0
DA:32,0
DA:43,0
DA:45,0
DA:47,0
DA:49,0
DA:52,0
DA:56,0
DA:59,0
DA:61,0
DA:65,0
LF:15
LH:0
BRDA:45,0,0,0
BRDA:45,0,1,0
BRDA:47,1,0,0
BRDA:47,1,1,0
BRDA:56,2,0,0
BRDA:56,2,1,0
BRDA:59,3,0,0
BRDA:59,3,1,0
BRDA:71,4,0,0
BRDA:71,4,1,0
BRF:10
BRH:0
end_of_record
TN:
SF:src/components/UserProfile/ProfileHeader.tsx
FN:14,ProfileHeader
FN:28,(anonymous_1)
FNF:2
FNH:0
FNDA:0,ProfileHeader
FNDA:0,(anonymous_1)
DA:20,0
DA:22,0
DA:28,0
DA:62,0
LF:4
LH:0
BRDA:16,0,0,0
BRDA:25,1,0,0
BRDA:25,1,1,0
BRDA:47,2,0,0
BRDA:47,2,1,0
BRF:5
BRH:0
end_of_record
TN:
SF:src/components/debug/EnvVerification.tsx
FN:5,(anonymous_0)
FN:6,(anonymous_1)
FNF:2
FNH:0
FNDA:0,(anonymous_0)
FNDA:0,(anonymous_1)
DA:5,0
DA:6,0
DA:7,0
DA:8,0
DA:9,0
DA:13,0
DA:14,0
DA:18,0
DA:21,0
LF:9
LH:0
BRF:0
BRH:0
end_of_record
TN:
SF:src/components/shared/Button.tsx
FN:10,(anonymous_0)
FNF:1
FNH:1
FNDA:2,(anonymous_0)
DA:10,1
DA:11,2
DA:18,1
LF:3
LH:3
BRF:0
BRH:0
end_of_record
TN:
SF:src/components/shared/ScreenWrapper.tsx
FN:9,(anonymous_0)
FNF:1
FNH:0
FNDA:0,(anonymous_0)
DA:9,0
DA:10,0
DA:17,0
LF:3
LH:0
BRF:0
BRH:0
end_of_record
TN:
SF:src/config/constants.ts
FN:14,(anonymous_0)
FNF:1
FNH:0
FNDA:0,(anonymous_0)
DA:1,0
DA:14,0
DA:15,0
LF:3
LH:0
BRDA:15,0,0,0
BRDA:15,0,1,0
BRF:2
BRH:0
end_of_record
TN:
SF:src/config/env.ts
FNF:0
FNH:0
DA:15,0
LF:1
LH:0
BRDA:16,0,0,0
BRDA:16,0,1,0
BRDA:17,1,0,0
BRDA:17,1,1,0
BRDA:18,2,0,0
BRDA:18,2,1,0
BRDA:19,3,0,0
BRDA:19,3,1,0
BRDA:21,4,0,0
BRDA:21,4,1,0
BRDA:22,5,0,0
BRDA:22,5,1,0
BRDA:23,6,0,0
BRDA:23,6,1,0
BRDA:24,7,0,0
BRDA:24,7,1,0
BRDA:25,8,0,0
BRDA:25,8,1,0
BRF:18
BRH:0
end_of_record
TN:
SF:src/config/i18n.ts
FNF:0
FNH:0
DA:5,0
LF:1
LH:0
BRF:0
BRH:0
end_of_record
TN:
SF:src/config/theme.ts
FNF:0
FNH:0
DA:1,0
DA:16,0
DA:24,0
DA:94,0
DA:102,0
LF:5
LH:0
BRF:0
BRH:0
end_of_record
TN:
SF:src/context/AuctionContext.tsx
FN:48,(anonymous_0)
FN:51,(anonymous_1)
FN:69,(anonymous_2)
FN:94,(anonymous_3)
FN:102,(anonymous_4)
FN:112,(anonymous_5)
FN:116,(anonymous_6)
FN:132,(anonymous_7)
FNF:8
FNH:0
FNDA:0,(anonymous_0)
FNDA:0,(anonymous_1)
FNDA:0,(anonymous_2)
FNDA:0,(anonymous_3)
FNDA:0,(anonymous_4)
FNDA:0,(anonymous_5)
FNDA:0,(anonymous_6)
FNDA:0,(anonymous_7)
DA:46,0
DA:48,0
DA:51,0
DA:52,0
DA:53,0
DA:57,0
DA:58,0
DA:60,0
DA:63,0
DA:64,0
DA:68,0
DA:70,0
DA:71,0
DA:72,0
DA:78,0
DA:82,0
DA:86,0
DA:87,0
DA:93,0
DA:99,0
DA:100,0
DA:103,0
DA:104,0
DA:107,0
DA:109,0
DA:113,0
DA:116,0
DA:121,0
DA:127,0
DA:132,0
DA:133,0
DA:134,0
DA:135,0
DA:137,0
LF:34
LH:0
BRDA:57,0,0,0
BRDA:57,0,1,0
BRDA:103,1,0,0
BRDA:103,1,1,0
BRDA:134,2,0,0
BRDA:134,2,1,0
BRF:6
BRH:0
end_of_record
TN:
SF:src/context/AuthContext.tsx
FN:37,(anonymous_0)
FN:45,(anonymous_1)
FN:46,(anonymous_2)
FN:61,(anonymous_3)
FN:109,(anonymous_4)
FN:112,(anonymous_5)
FN:122,(anonymous_6)
FN:155,(anonymous_7)
FN:211,(anonymous_8)
FN:222,(anonymous_9)
FN:244,(anonymous_10)
FN:253,(anonymous_11)
FN:270,(anonymous_12)
FN:283,(anonymous_13)
FN:294,(anonymous_14)
FN:325,(anonymous_15)
FNF:16
FNH:5
FNDA:2,(anonymous_0)
FNDA:1,(anonymous_1)
FNDA:1,(anonymous_2)
FNDA:0,(anonymous_3)
FNDA:1,(anonymous_4)
FNDA:0,(anonymous_5)
FNDA:0,(anonymous_6)
FNDA:0,(anonymous_7)
FNDA:0,(anonymous_8)
FNDA:0,(anonymous_9)
FNDA:0,(anonymous_10)
FNDA:0,(anonymous_11)
FNDA:0,(anonymous_12)
FNDA:0,(anonymous_13)
FNDA:0,(anonymous_14)
FNDA:2,(anonymous_15)
DA:34,1
DA:35,1
DA:37,1
DA:40,2
DA:41,2
DA:42,2
DA:43,2
DA:45,2
DA:46,1
DA:47,1
DA:48,1
DA:49,1
DA:50,0
DA:53,0
DA:55,1
DA:59,1
DA:61,1
DA:62,0
DA:63,0
DA:65,0
DA:66,0
DA:69,0
DA:70,0
DA:71,0
DA:73,0
DA:80,0
DA:83,0
DA:84,0
DA:87,0
DA:89,0
DA:90,0
DA:97,0
DA:98,0
DA:101,0
DA:102,0
DA:103,0
DA:104,0
DA:106,0
DA:109,1
DA:112,2
DA:113,0
DA:114,0
DA:115,0
DA:117,0
DA:121,2
DA:123,0
DA:124,0
DA:125,0
DA:130,0
DA:131,0
DA:132,0
DA:135,0
DA:143,0
DA:144,0
DA:147,0
DA:148,0
DA:154,2
DA:156,0
DA:157,0
DA:158,0
DA:163,0
DA:165,0
DA:173,0
DA:174,0
DA:177,0
DA:197,0
DA:198,0
DA:201,0
DA:204,0
DA:205,0
DA:211,2
DA:212,0
DA:213,0
DA:214,0
DA:215,0
DA:216,0
DA:218,0
DA:222,2
DA:223,0
DA:225,0
DA:227,0
DA:228,0
DA:230,0
DA:232,0
DA:233,0
DA:234,0
DA:235,0
DA:239,0
DA:243,2
DA:245,0
DA:246,0
DA:247,0
DA:248,0
DA:249,0
DA:250,0
DA:251,0
DA:253,0
DA:254,0
DA:255,0
DA:263,0
DA:269,2
DA:271,0
DA:272,0
DA:273,0
DA:274,0
DA:277,0
DA:283,2
DA:284,0
DA:285,0
DA:286,0
DA:287,0
DA:290,0
DA:294,2
DA:295,0
DA:296,0
DA:297,0
DA:299,0
DA:303,2
DA:325,1
DA:326,2
DA:327,2
DA:328,0
DA:330,2
LF:123
LH:30
BRDA:49,0,0,0
BRDA:49,0,1,1
BRDA:62,1,0,0
BRDA:62,1,1,0
BRDA:69,2,0,0
BRDA:69,2,1,0
BRDA:75,3,0,0
BRDA:75,3,1,0
BRDA:76,4,0,0
BRDA:76,4,1,0
BRDA:77,5,0,0
BRDA:77,5,1,0
BRDA:78,6,0,0
BRDA:78,6,1,0
BRDA:92,7,0,0
BRDA:92,7,1,0
BRDA:93,8,0,0
BRDA:93,8,1,0
BRDA:94,9,0,0
BRDA:94,9,1,0
BRDA:95,10,0,0
BRDA:95,10,1,0
BRDA:130,11,0,0
BRDA:130,11,1,0
BRDA:131,12,0,0
BRDA:131,12,1,0
BRDA:137,13,0,0
BRDA:137,13,1,0
BRDA:138,14,0,0
BRDA:138,14,1,0
BRDA:139,15,0,0
BRDA:139,15,1,0
BRDA:140,16,0,0
BRDA:140,16,1,0
BRDA:163,17,0,0
BRDA:163,17,1,0
BRDA:167,18,0,0
BRDA:167,18,1,0
BRDA:169,19,0,0
BRDA:169,19,1,0
BRDA:170,20,0,0
BRDA:170,20,1,0
BRDA:223,21,0,0
BRDA:223,21,1,0
BRDA:230,22,0,0
BRDA:230,22,1,0
BRDA:234,23,0,0
BRDA:234,23,1,0
BRDA:248,24,0,0
BRDA:248,24,1,0
BRDA:254,25,0,0
BRDA:254,25,1,0
BRDA:257,26,0,0
BRDA:257,26,1,0
BRDA:257,27,0,0
BRDA:257,27,1,0
BRDA:258,28,0,0
BRDA:258,28,1,0
BRDA:258,29,0,0
BRDA:258,29,1,0
BRDA:273,30,0,0
BRDA:273,30,1,0
BRDA:286,31,0,0
BRDA:286,31,1,0
BRDA:327,32,0,0
BRDA:327,32,1,2
BRF:66
BRH:2
end_of_record
TN:
SF:src/context/ThemeProvider.tsx
FN:13,(anonymous_0)
FN:17,(anonymous_1)
FN:18,(anonymous_2)
FN:31,(anonymous_3)
FNF:4
FNH:0
FNDA:0,(anonymous_0)
FNDA:0,(anonymous_1)
FNDA:0,(anonymous_2)
FNDA:0,(anonymous_3)
DA:11,0
DA:17,0
DA:18,0
DA:20,0
DA:23,0
DA:31,0
LF:6
LH:0
BRF:0
BRH:0
end_of_record
TN:
SF:src/hooks/useFirestore.ts
FN:3,(anonymous_0)
FNF:1
FNH:0
FNDA:0,(anonymous_0)
DA:3,0
DA:4,0
LF:2
LH:0
BRF:0
BRH:0
end_of_record
TN:
SF:src/hooks/useLiveStream.ts
FN:8,(anonymous_0)
FN:16,(anonymous_1)
FN:53,(anonymous_2)
FN:62,(anonymous_3)
FN:67,(anonymous_4)
FNF:5
FNH:3
FNDA:2,(anonymous_0)
FNDA:1,(anonymous_1)
FNDA:0,(anonymous_2)
FNDA:1,(anonymous_3)
FNDA:0,(anonymous_4)
DA:6,1
DA:8,1
DA:9,2
DA:10,2
DA:11,2
DA:12,2
DA:13,2
DA:14,2
DA:16,2
DA:17,1
DA:18,1
DA:20,0
DA:23,1
DA:24,1
DA:25,0
DA:29,0
DA:30,0
DA:33,0
DA:34,0
DA:36,0
DA:37,0
DA:38,0
DA:39,0
DA:40,0
DA:42,0
DA:46,0
DA:47,0
DA:50,0
DA:51,0
DA:53,0
DA:55,1
DA:57,1
DA:58,1
DA:62,2
DA:64,1
DA:67,2
DA:68,0
DA:69,0
DA:73,2
LF:39
LH:20
BRDA:16,0,0,1
BRDA:17,1,0,1
BRDA:17,1,1,0
BRDA:29,2,0,0
BRDA:29,2,1,0
BRDA:40,3,0,0
BRDA:40,3,1,0
BRDA:46,4,0,0
BRDA:46,4,1,0
BRDA:53,5,0,0
BRDA:53,5,1,0
BRDA:55,6,0,1
BRDA:55,6,1,0
BRDA:68,7,0,0
BRDA:68,7,1,0
BRDA:68,8,0,0
BRDA:68,8,1,0
BRF:17
BRH:3
end_of_record
TN:
SF:src/hooks/useStorage.ts
FN:3,(anonymous_0)
FNF:1
FNH:0
FNDA:0,(anonymous_0)
DA:3,0
DA:4,0
LF:2
LH:0
BRF:0
BRH:0
end_of_record
TN:
SF:src/navigation/AuthNavigator.tsx
FN:21,(anonymous_0)
FNF:1
FNH:0
FNDA:0,(anonymous_0)
DA:19,0
DA:21,0
DA:22,0
LF:3
LH:0
BRF:0
BRH:0
end_of_record
TN:
SF:src/navigation/CheckoutNavigator.tsx
FN:12,(anonymous_0)
FNF:1
FNH:0
FNDA:0,(anonymous_0)
DA:10,0
DA:12,0
DA:13,0
LF:3
LH:0
BRF:0
BRH:0
end_of_record
TN:
SF:src/navigation/HomeNavigator.tsx
FN:8,(anonymous_0)
FNF:1
FNH:0
FNDA:0,(anonymous_0)
DA:6,0
DA:8,0
DA:9,0
LF:3
LH:0
BRF:0
BRH:0
end_of_record
TN:
SF:src/navigation/LiveStreamNavigator.tsx
FN:11,(anonymous_0)
FNF:1
FNH:0
FNDA:0,(anonymous_0)
DA:9,0
DA:11,0
DA:12,0
LF:3
LH:0
BRF:0
BRH:0
end_of_record
TN:
SF:src/navigation/LiveStreamTabNavigator.tsx
FN:10,(anonymous_0)
FN:13,(anonymous_1)
FN:15,(anonymous_2)
FNF:3
FNH:0
FNDA:0,(anonymous_0)
FNDA:0,(anonymous_1)
FNDA:0,(anonymous_2)
DA:8,0
DA:10,0
DA:11,0
DA:13,0
DA:18,0
DA:19,0
DA:22,0
LF:7
LH:0
BRDA:18,0,0,0
BRDA:18,0,1,0
BRDA:19,1,0,0
BRDA:19,1,1,0
BRF:4
BRH:0
end_of_record
TN:
SF:src/navigation/MainNavigator.tsx
FN:14,(anonymous_0)
FN:20,(anonymous_1)
FN:21,(anonymous_2)
FNF:3
FNH:0
FNDA:0,(anonymous_0)
FNDA:0,(anonymous_1)
FNDA:0,(anonymous_2)
DA:12,0
DA:14,0
DA:15,0
DA:16,0
DA:18,0
DA:20,0
DA:24,0
DA:25,0
DA:26,0
DA:27,0
DA:28,0
DA:29,0
DA:30,0
DA:31,0
DA:32,0
DA:33,0
DA:34,0
DA:35,0
DA:36,0
DA:37,0
DA:38,0
LF:21
LH:0
BRDA:24,0,0,0
BRDA:24,0,1,0
BRDA:25,1,0,0
BRDA:25,1,1,0
BRDA:27,2,0,0
BRDA:27,2,1,0
BRDA:28,3,0,0
BRDA:28,3,1,0
BRDA:30,4,0,0
BRDA:30,4,1,0
BRDA:31,5,0,0
BRDA:31,5,1,0
BRDA:33,6,0,0
BRDA:33,6,1,0
BRDA:34,7,0,0
BRDA:34,7,1,0
BRDA:36,8,0,0
BRDA:36,8,1,0
BRDA:37,9,0,0
BRDA:37,9,1,0
BRDA:53,10,0,0
BRDA:53,10,1,0
BRF:22
BRH:0
end_of_record
TN:
SF:src/navigation/NotificationsNavigator.tsx
FN:7,(anonymous_0)
FNF:1
FNH:0
FNDA:0,(anonymous_0)
DA:5,0
DA:7,0
DA:8,0
LF:3
LH:0
BRF:0
BRH:0
end_of_record
TN:
SF:src/navigation/ProductNavigator.tsx
FN:7,(anonymous_0)
FNF:1
FNH:0
FNDA:0,(anonymous_0)
DA:5,0
DA:7,0
DA:8,0
LF:3
LH:0
BRF:0
BRH:0
end_of_record
TN:
SF:src/navigation/RootNavigator.tsx
FN:10,(anonymous_0)
FNF:1
FNH:0
FNDA:0,(anonymous_0)
DA:8,0
DA:10,0
DA:11,0
DA:13,0
LF:4
LH:0
BRDA:15,0,0,0
BRDA:15,0,1,0
BRDA:16,1,0,0
BRDA:16,1,1,0
BRF:4
BRH:0
end_of_record
TN:
SF:src/navigation/SellerNavigator.tsx
FN:36,(anonymous_0)
FN:39,(anonymous_1)
FN:40,(anonymous_2)
FN:71,(anonymous_3)
FNF:4
FNH:0
FNDA:0,(anonymous_0)
FNDA:0,(anonymous_1)
FNDA:0,(anonymous_2)
FNDA:0,(anonymous_3)
DA:33,0
DA:34,0
DA:36,0
DA:37,0
DA:39,0
DA:41,0
DA:43,0
DA:44,0
DA:45,0
DA:46,0
DA:47,0
DA:48,0
DA:49,0
DA:50,0
DA:51,0
DA:52,0
DA:55,0
DA:71,0
DA:72,0
LF:19
LH:0
BRDA:43,0,0,0
BRDA:43,0,1,0
BRDA:44,1,0,0
BRDA:44,1,1,0
BRDA:45,2,0,0
BRDA:45,2,1,0
BRDA:46,3,0,0
BRDA:46,3,1,0
BRDA:47,4,0,0
BRDA:47,4,1,0
BRDA:48,5,0,0
BRDA:48,5,1,0
BRDA:49,6,0,0
BRDA:49,6,1,0
BRDA:50,7,0,0
BRDA:50,7,1,0
BRDA:51,8,0,0
BRDA:51,8,1,0
BRDA:52,9,0,0
BRDA:52,9,1,0
BRF:20
BRH:0
end_of_record
TN:
SF:src/navigation/SellerProfileNavigator.tsx
FN:11,(anonymous_0)
FNF:1
FNH:0
FNDA:0,(anonymous_0)
DA:9,0
DA:11,0
DA:12,0
LF:3
LH:0
BRF:0
BRH:0
end_of_record
TN:
SF:src/navigation/UserProfileNavigator.tsx
FN:17,(anonymous_0)
FNF:1
FNH:0
FNDA:0,(anonymous_0)
DA:15,0
DA:17,0
DA:18,0
LF:3
LH:0
BRF:0
BRH:0
end_of_record
TN:
SF:src/screens/Auth/ForgotPasswordScreen.tsx
FN:33,ForgotPasswordScreen
FN:37,(anonymous_1)
FN:69,(anonymous_2)
FNF:3
FNH:0
FNDA:0,ForgotPasswordScreen
FNDA:0,(anonymous_1)
FNDA:0,(anonymous_2)
DA:34,0
DA:35,0
DA:37,0
DA:38,0
DA:39,0
DA:40,0
DA:42,0
DA:43,0
DA:44,0
DA:48,0
DA:50,0
DA:51,0
DA:52,0
DA:53,0
DA:54,0
DA:55,0
DA:57,0
DA:61,0
DA:69,0
DA:122,0
LF:20
LH:0
BRDA:38,0,0,0
BRDA:38,0,1,0
BRDA:52,1,0,0
BRDA:52,1,1,0
BRDA:54,2,0,0
BRDA:54,2,1,0
BRDA:64,3,0,0
BRDA:64,3,1,0
BRDA:110,4,0,0
BRDA:110,4,1,0
BRF:10
BRH:0
end_of_record
TN:
SF:src/screens/Auth/LoginScreen.tsx
FN:27,LoginScreen
FN:35,(anonymous_1)
FN:135,(anonymous_2)
FN:154,(anonymous_3)
FNF:4
FNH:0
FNDA:0,LoginScreen
FNDA:0,(anonymous_1)
FNDA:0,(anonymous_2)
FNDA:0,(anonymous_3)
DA:28,0
DA:29,0
DA:30,0
DA:31,0
DA:32,0
DA:33,0
DA:35,0
DA:36,0
DA:37,0
DA:41,0
DA:44,0
DA:45,0
DA:46,0
DA:48,0
DA:49,0
DA:50,0
DA:51,0
DA:53,0
DA:54,0
DA:56,0
DA:57,0
DA:59,0
DA:60,0
DA:62,0
DA:63,0
DA:65,0
DA:66,0
DA:68,0
DA:70,0
DA:71,0
DA:73,0
DA:75,0
DA:79,0
DA:135,0
DA:154,0
DA:184,0
LF:36
LH:0
BRDA:36,0,0,0
BRDA:36,0,1,0
BRDA:36,1,0,0
BRDA:36,1,1,0
BRDA:49,2,0,0
BRDA:49,2,1,0
BRDA:49,3,0,0
BRDA:49,3,1,0
BRDA:51,4,0,0
BRDA:51,4,1,0
BRDA:51,4,2,0
BRDA:51,4,3,0
BRDA:51,4,4,0
BRDA:51,4,5,0
BRDA:68,5,0,0
BRDA:68,5,1,0
BRDA:70,6,0,0
BRDA:70,6,1,0
BRDA:71,7,0,0
BRDA:71,7,1,0
BRDA:82,8,0,0
BRDA:82,8,1,0
BRDA:144,9,0,0
BRDA:144,9,1,0
BRF:24
BRH:0
end_of_record
TN:
SF:src/screens/Auth/OnboardingScreens.tsx
FN:34,OnboardingScreens
FN:70,(anonymous_1)
FN:85,(anonymous_2)
FN:93,(anonymous_3)
FN:104,(anonymous_4)
FN:114,(anonymous_5)
FN:120,(anonymous_6)
FNF:7
FNH:0
FNDA:0,OnboardingScreens
FNDA:0,(anonymous_1)
FNDA:0,(anonymous_2)
FNDA:0,(anonymous_3)
FNDA:0,(anonymous_4)
FNDA:0,(anonymous_5)
FNDA:0,(anonymous_6)
DA:20,0
DA:39,0
DA:40,0
DA:66,0
DA:67,0
DA:68,0
DA:70,0
DA:71,0
DA:72,0
DA:77,0
DA:78,0
DA:80,0
DA:85,0
DA:86,0
DA:87,0
DA:89,0
DA:93,0
DA:94,0
DA:95,0
DA:96,0
DA:99,0
DA:105,0
DA:114,0
DA:121,0
DA:164,0
LF:25
LH:0
BRDA:71,0,0,0
BRDA:71,0,1,0
BRDA:77,1,0,0
BRDA:77,1,1,0
BRDA:86,2,0,0
BRDA:86,2,1,0
BRDA:127,3,0,0
BRDA:127,3,1,0
BRDA:148,4,0,0
BRDA:148,4,1,0
BRDA:154,5,0,0
BRDA:154,5,1,0
BRF:12
BRH:0
end_of_record
TN:
SF:src/screens/Auth/SellerSignupScreen.tsx
FN:23,(anonymous_0)
FN:54,(anonymous_1)
FN:55,(anonymous_2)
FN:58,(anonymous_3)
FN:59,(anonymous_4)
FN:65,(anonymous_5)
FN:66,(anonymous_6)
FN:72,(anonymous_7)
FN:92,(anonymous_8)
FN:108,(anonymous_9)
FN:124,(anonymous_10)
FN:132,(anonymous_11)
FN:133,(anonymous_12)
FN:136,(anonymous_13)
FN:157,(anonymous_14)
FN:166,(anonymous_15)
FN:176,(anonymous_16)
FN:183,(anonymous_17)
FN:191,(anonymous_18)
FN:206,(anonymous_19)
FN:217,(anonymous_20)
FN:228,(anonymous_21)
FN:234,(anonymous_22)
FN:244,(anonymous_23)
FN:255,(anonymous_24)
FN:265,(anonymous_25)
FN:271,(anonymous_26)
FN:279,(anonymous_27)
FN:287,(anonymous_28)
FN:297,(anonymous_29)
FN:305,(anonymous_30)
FN:318,(anonymous_31)
FN:324,(anonymous_32)
FN:334,(anonymous_33)
FN:345,(anonymous_34)
FN:355,(anonymous_35)
FN:372,(anonymous_36)
FN:380,(anonymous_37)
FN:432,(anonymous_38)
FNF:39
FNH:0
FNDA:0,(anonymous_0)
FNDA:0,(anonymous_1)
FNDA:0,(anonymous_2)
FNDA:0,(anonymous_3)
FNDA:0,(anonymous_4)
FNDA:0,(anonymous_5)
FNDA:0,(anonymous_6)
FNDA:0,(anonymous_7)
FNDA:0,(anonymous_8)
FNDA:0,(anonymous_9)
FNDA:0,(anonymous_10)
FNDA:0,(anonymous_11)
FNDA:0,(anonymous_12)
FNDA:0,(anonymous_13)
FNDA:0,(anonymous_14)
FNDA:0,(anonymous_15)
FNDA:0,(anonymous_16)
FNDA:0,(anonymous_17)
FNDA:0,(anonymous_18)
FNDA:0,(anonymous_19)
FNDA:0,(anonymous_20)
FNDA:0,(anonymous_21)
FNDA:0,(anonymous_22)
FNDA:0,(anonymous_23)
FNDA:0,(anonymous_24)
FNDA:0,(anonymous_25)
FNDA:0,(anonymous_26)
FNDA:0,(anonymous_27)
FNDA:0,(anonymous_28)
FNDA:0,(anonymous_29)
FNDA:0,(anonymous_30)
FNDA:0,(anonymous_31)
FNDA:0,(anonymous_32)
FNDA:0,(anonymous_33)
FNDA:0,(anonymous_34)
FNDA:0,(anonymous_35)
FNDA:0,(anonymous_36)
FNDA:0,(anonymous_37)
FNDA:0,(anonymous_38)
DA:23,0
DA:24,0
DA:25,0
DA:27,0
DA:51,0
DA:52,0
DA:54,0
DA:55,0
DA:58,0
DA:59,0
DA:65,0
DA:66,0
DA:72,0
DA:73,0
DA:74,0
DA:75,0
DA:77,0
DA:78,0
DA:79,0
DA:81,0
DA:82,0
DA:83,0
DA:85,0
DA:86,0
DA:87,0
DA:89,0
DA:92,0
DA:93,0
DA:94,0
DA:95,0
DA:97,0
DA:98,0
DA:99,0
DA:101,0
DA:102,0
DA:103,0
DA:105,0
DA:108,0
DA:109,0
DA:110,0
DA:111,0
DA:113,0
DA:114,0
DA:115,0
DA:117,0
DA:118,0
DA:119,0
DA:121,0
DA:124,0
DA:125,0
DA:126,0
DA:127,0
DA:128,0
DA:132,0
DA:133,0
DA:136,0
DA:137,0
DA:139,0
DA:140,0
DA:141,0
DA:153,0
DA:154,0
DA:157,0
DA:160,0
DA:162,0
DA:166,0
DA:167,0
DA:176,0
DA:184,0
DA:191,0
DA:206,0
DA:217,0
DA:228,0
DA:234,0
DA:235,0
DA:244,0
DA:255,0
DA:265,0
DA:271,0
DA:279,0
DA:287,0
DA:297,0
DA:305,0
DA:318,0
DA:324,0
DA:325,0
DA:334,0
DA:345,0
DA:355,0
DA:368,0
DA:372,0
DA:381,0
DA:432,0
LF:93
LH:0
BRDA:61,0,0,0
BRDA:61,0,1,0
BRDA:68,1,0,0
BRDA:68,1,1,0
BRDA:73,2,0,0
BRDA:73,2,1,0
BRDA:77,3,0,0
BRDA:77,3,1,0
BRDA:81,4,0,0
BRDA:81,4,1,0
BRDA:85,5,0,0
BRDA:85,5,1,0
BRDA:93,6,0,0
BRDA:93,6,1,0
BRDA:97,7,0,0
BRDA:97,7,1,0
BRDA:101,8,0,0
BRDA:101,8,1,0
BRDA:109,9,0,0
BRDA:109,9,1,0
BRDA:113,10,0,0
BRDA:113,10,1,0
BRDA:117,11,0,0
BRDA:117,11,1,0
BRDA:125,12,0,0
BRDA:125,12,1,0
BRDA:125,13,0,0
BRDA:125,13,1,0
BRDA:127,14,0,0
BRDA:127,14,1,0
BRDA:127,15,0,0
BRDA:127,15,1,0
BRDA:137,16,0,0
BRDA:137,16,1,0
BRDA:187,17,0,0
BRDA:187,17,1,0
BRDA:384,18,0,0
BRDA:384,18,1,0
BRDA:386,19,0,0
BRDA:386,19,1,0
BRDA:394,20,0,0
BRDA:394,20,1,0
BRDA:394,21,0,0
BRDA:394,21,1,0
BRDA:402,22,0,0
BRDA:402,22,1,0
BRDA:403,23,0,0
BRDA:403,23,1,0
BRDA:404,24,0,0
BRDA:404,24,1,0
BRDA:419,25,0,0
BRDA:419,25,1,0
BRDA:422,26,0,0
BRDA:422,26,1,0
BRDA:425,27,0,0
BRDA:425,27,1,0
BRF:56
BRH:0
end_of_record
TN:
SF:src/screens/Auth/SignupScreen.tsx
FN:20,SignupScreen
FN:30,(anonymous_1)
FN:167,(anonymous_2)
FNF:3
FNH:0
FNDA:0,SignupScreen
FNDA:0,(anonymous_1)
FNDA:0,(anonymous_2)
DA:21,0
DA:22,0
DA:23,0
DA:24,0
DA:25,0
DA:26,0
DA:27,0
DA:28,0
DA:30,0
DA:31,0
DA:32,0
DA:36,0
DA:39,0
DA:40,0
DA:44,0
DA:47,0
DA:48,0
DA:49,0
DA:52,0
DA:53,0
DA:54,0
DA:57,0
DA:58,0
DA:60,0
DA:64,0
DA:167,0
DA:177,0
LF:27
LH:0
BRDA:31,0,0,0
BRDA:31,0,1,0
BRDA:31,1,0,0
BRDA:31,1,1,0
BRDA:31,1,2,0
BRDA:31,1,3,0
BRDA:39,2,0,0
BRDA:39,2,1,0
BRDA:47,3,0,0
BRDA:47,3,1,0
BRDA:57,4,0,0
BRDA:57,4,1,0
BRDA:67,5,0,0
BRDA:67,5,1,0
BRDA:157,6,0,0
BRDA:157,6,1,0
BRF:16
BRH:0
end_of_record
TN:
SF:src/screens/Checkout/CheckoutScreen.tsx
FN:69,CheckoutScreen
FN:89,(anonymous_1)
FN:90,(anonymous_2)
FN:116,(anonymous_3)
FN:137,(anonymous_4)
FN:151,(anonymous_5)
FN:159,(anonymous_6)
FN:163,(anonymous_7)
FN:167,(anonymous_8)
FN:191,(anonymous_9)
FN:196,(anonymous_10)
FN:200,(anonymous_11)
FN:343,(anonymous_12)
FN:347,(anonymous_13)
FNF:14
FNH:0
FNDA:0,CheckoutScreen
FNDA:0,(anonymous_1)
FNDA:0,(anonymous_2)
FNDA:0,(anonymous_3)
FNDA:0,(anonymous_4)
FNDA:0,(anonymous_5)
FNDA:0,(anonymous_6)
FNDA:0,(anonymous_7)
FNDA:0,(anonymous_8)
FNDA:0,(anonymous_9)
FNDA:0,(anonymous_10)
FNDA:0,(anonymous_11)
FNDA:0,(anonymous_12)
FNDA:0,(anonymous_13)
DA:70,0
DA:71,0
DA:73,0
DA:75,0
DA:76,0
DA:78,0
DA:79,0
DA:80,0
DA:82,0
DA:83,0
DA:84,0
DA:85,0
DA:87,0
DA:89,0
DA:90,0
DA:91,0
DA:92,0
DA:93,0
DA:96,0
DA:98,0
DA:100,0
DA:102,0
DA:103,0
DA:104,0
DA:105,0
DA:108,0
DA:111,0
DA:116,0
DA:118,0
DA:121,0
DA:127,0
DA:128,0
DA:132,0
DA:137,0
DA:139,0
DA:142,0
DA:144,0
DA:148,0
DA:151,0
DA:152,0
DA:153,0
DA:154,0
DA:159,0
DA:160,0
DA:163,0
DA:164,0
DA:167,0
DA:168,0
DA:169,0
DA:170,0
DA:173,0
DA:174,0
DA:175,0
DA:178,0
DA:179,0
DA:180,0
DA:183,0
DA:186,0
DA:187,0
DA:191,0
DA:192,0
DA:193,0
DA:196,0
DA:200,0
DA:203,0
DA:207,0
DA:208,0
DA:215,0
DA:216,0
DA:224,0
DA:225,0
DA:226,0
DA:227,0
DA:228,0
DA:230,0
DA:344,0
DA:347,0
LF:77
LH:0
BRDA:91,0,0,0
BRDA:91,0,1,0
BRDA:91,1,0,0
BRDA:91,1,1,0
BRDA:102,2,0,0
BRDA:102,2,1,0
BRDA:111,3,0,0
BRDA:111,3,1,0
BRDA:112,4,0,0
BRDA:112,4,1,0
BRDA:116,5,0,0
BRDA:116,5,1,0
BRDA:132,6,0,0
BRDA:132,6,1,0
BRDA:133,7,0,0
BRDA:133,7,1,0
BRDA:137,8,0,0
BRDA:137,8,1,0
BRDA:152,9,0,0
BRDA:152,9,1,0
BRDA:168,10,0,0
BRDA:168,10,1,0
BRDA:173,11,0,0
BRDA:173,11,1,0
BRDA:178,12,0,0
BRDA:178,12,1,0
BRDA:186,13,0,0
BRDA:186,13,1,0
BRDA:207,14,0,0
BRDA:207,14,1,0
BRDA:215,15,0,0
BRDA:215,15,1,0
BRDA:215,16,0,0
BRDA:215,16,1,0
BRDA:224,17,0,0
BRDA:224,17,1,0
BRDA:226,18,0,0
BRDA:226,18,1,0
BRDA:259,19,0,0
BRDA:259,19,1,0
BRDA:271,20,0,0
BRDA:271,20,1,0
BRDA:298,21,0,0
BRDA:298,21,1,0
BRDA:304,22,0,0
BRDA:304,22,1,0
BRDA:314,23,0,0
BRDA:314,23,1,0
BRDA:318,24,0,0
BRDA:318,24,1,0
BRDA:346,25,0,0
BRDA:346,25,1,0
BRDA:350,26,0,0
BRDA:350,26,1,0
BRDA:355,27,0,0
BRDA:355,27,1,0
BRDA:411,28,0,0
BRDA:411,28,1,0
BRF:58
BRH:0
end_of_record
TN:
SF:src/screens/Checkout/OrderConfirmationScreen.tsx
FN:4,(anonymous_0)
FNF:1
FNH:0
FNDA:0,(anonymous_0)
DA:4,0
DA:5,0
LF:2
LH:0
BRF:0
BRH:0
end_of_record
TN:
SF:src/screens/Checkout/OrderSummaryScreen.tsx
FN:4,(anonymous_0)
FNF:1
FNH:0
FNDA:0,(anonymous_0)
DA:4,0
DA:5,0
LF:2
LH:0
BRF:0
BRH:0
end_of_record
TN:
SF:src/screens/Checkout/PaymentMethodScreen.tsx
FN:6,PaymentMethodScreen
FN:12,(anonymous_1)
FNF:2
FNH:0
FNDA:0,PaymentMethodScreen
FNDA:0,(anonymous_1)
DA:7,0
DA:9,0
DA:12,0
LF:3
LH:0
BRF:0
BRH:0
end_of_record
TN:
SF:src/screens/Checkout/ShippingAddressScreen.tsx
FN:18,ShippingAddressScreen
FN:36,(anonymous_1)
FN:37,(anonymous_2)
FN:63,(anonymous_3)
FN:119,(anonymous_4)
FN:131,(anonymous_5)
FN:143,(anonymous_6)
FN:153,(anonymous_7)
FN:181,(anonymous_8)
FN:202,(anonymous_9)
FN:205,(anonymous_10)
FNF:11
FNH:0
FNDA:0,ShippingAddressScreen
FNDA:0,(anonymous_1)
FNDA:0,(anonymous_2)
FNDA:0,(anonymous_3)
FNDA:0,(anonymous_4)
FNDA:0,(anonymous_5)
FNDA:0,(anonymous_6)
FNDA:0,(anonymous_7)
FNDA:0,(anonymous_8)
FNDA:0,(anonymous_9)
FNDA:0,(anonymous_10)
DA:19,0
DA:20,0
DA:21,0
DA:23,0
DA:24,0
DA:25,0
DA:27,0
DA:28,0
DA:29,0
DA:30,0
DA:31,0
DA:32,0
DA:33,0
DA:34,0
DA:36,0
DA:37,0
DA:38,0
DA:39,0
DA:40,0
DA:41,0
DA:43,0
DA:44,0
DA:45,0
DA:46,0
DA:49,0
DA:50,0
DA:51,0
DA:56,0
DA:60,0
DA:63,0
DA:64,0
DA:65,0
DA:66,0
DA:68,0
DA:77,0
DA:78,0
DA:81,0
DA:82,0
DA:83,0
DA:96,0
DA:97,0
DA:99,0
DA:100,0
DA:103,0
DA:104,0
DA:107,0
DA:108,0
DA:109,0
DA:111,0
DA:112,0
DA:113,0
DA:115,0
DA:119,0
DA:120,0
DA:121,0
DA:122,0
DA:123,0
DA:124,0
DA:125,0
DA:126,0
DA:127,0
DA:128,0
DA:131,0
DA:132,0
DA:133,0
DA:134,0
DA:135,0
DA:136,0
DA:137,0
DA:138,0
DA:139,0
DA:140,0
DA:143,0
DA:144,0
DA:145,0
DA:154,0
DA:155,0
DA:156,0
DA:157,0
DA:158,0
DA:159,0
DA:160,0
DA:161,0
DA:163,0
DA:164,0
DA:165,0
DA:170,0
DA:178,0
DA:181,0
DA:203,0
DA:205,0
LF:91
LH:0
BRDA:38,0,0,0
BRDA:38,0,1,0
BRDA:43,1,0,0
BRDA:43,1,1,0
BRDA:45,2,0,0
BRDA:45,2,1,0
BRDA:64,3,0,0
BRDA:64,3,1,0
BRDA:68,4,0,0
BRDA:68,4,1,0
BRDA:69,5,0,0
BRDA:69,5,1,0
BRDA:69,5,2,0
BRDA:69,5,3,0
BRDA:69,5,4,0
BRDA:69,5,5,0
BRDA:69,5,6,0
BRDA:84,6,0,0
BRDA:84,6,1,0
BRDA:93,7,0,0
BRDA:93,7,1,0
BRDA:97,8,0,0
BRDA:97,8,1,0
BRDA:108,9,0,0
BRDA:108,9,1,0
BRDA:123,10,0,0
BRDA:123,10,1,0
BRDA:144,11,0,0
BRDA:144,11,1,0
BRDA:144,12,0,0
BRDA:144,12,1,0
BRDA:160,13,0,0
BRDA:160,13,1,0
BRDA:190,14,0,0
BRDA:190,14,1,0
BRDA:191,15,0,0
BRDA:191,15,1,0
BRDA:197,16,0,0
BRDA:197,16,1,0
BRDA:197,16,2,0
BRDA:216,17,0,0
BRDA:216,17,1,0
BRDA:291,18,0,0
BRDA:291,18,1,0
BRDA:295,19,0,0
BRDA:295,19,1,0
BRF:46
BRH:0
end_of_record
TN:
SF:src/screens/Home/DiscoverScreen.tsx
FN:37,DiscoverScreen
FN:54,(anonymous_1)
FN:75,(anonymous_2)
FN:95,(anonymous_3)
FN:119,(anonymous_4)
FN:131,(anonymous_5)
FN:132,(anonymous_6)
FN:135,(anonymous_7)
FN:152,(anonymous_8)
FN:168,(anonymous_9)
FN:169,(anonymous_10)
FN:172,(anonymous_11)
FNF:12
FNH:0
FNDA:0,DiscoverScreen
FNDA:0,(anonymous_1)
FNDA:0,(anonymous_2)
FNDA:0,(anonymous_3)
FNDA:0,(anonymous_4)
FNDA:0,(anonymous_5)
FNDA:0,(anonymous_6)
FNDA:0,(anonymous_7)
FNDA:0,(anonymous_8)
FNDA:0,(anonymous_9)
FNDA:0,(anonymous_10)
FNDA:0,(anonymous_11)
DA:25,0
DA:26,0
DA:27,0
DA:29,0
DA:31,0
DA:32,0
DA:35,0
DA:38,0
DA:40,0
DA:41,0
DA:42,0
DA:43,0
DA:44,0
DA:45,0
DA:47,0
DA:48,0
DA:54,0
DA:55,0
DA:57,0
DA:58,0
DA:59,0
DA:61,0
DA:63,0
DA:65,0
DA:67,0
DA:70,0
DA:71,0
DA:75,0
DA:76,0
DA:77,0
DA:78,0
DA:79,0
DA:82,0
DA:83,0
DA:85,0
DA:87,0
DA:89,0
DA:91,0
DA:95,0
DA:96,0
DA:99,0
DA:105,0
DA:119,0
DA:131,0
DA:133,0
DA:135,0
DA:152,0
DA:168,0
DA:170,0
DA:172,0
LF:50
LH:0
BRDA:57,0,0,0
BRDA:57,0,1,0
BRDA:76,1,0,0
BRDA:76,1,1,0
BRDA:99,2,0,0
BRDA:99,2,1,0
BRDA:101,3,0,0
BRDA:101,3,1,0
BRDA:117,4,0,0
BRDA:117,4,1,0
BRDA:134,5,0,0
BRDA:134,5,1,0
BRDA:139,6,0,0
BRDA:139,6,1,0
BRDA:149,7,0,0
BRDA:149,7,1,0
BRDA:151,8,0,0
BRDA:151,8,1,0
BRDA:157,9,0,0
BRDA:157,9,1,0
BRDA:161,10,0,0
BRDA:161,10,1,0
BRDA:182,11,0,0
BRDA:182,11,1,0
BRDA:190,12,0,0
BRDA:190,12,1,0
BRDA:192,13,0,0
BRDA:192,13,1,0
BRF:28
BRH:0
end_of_record
TN:
SF:src/screens/Home/HomeScreen.tsx
FN:155,HomeScreen
FN:161,(anonymous_1)
FN:167,(anonymous_2)
FN:174,(anonymous_3)
FN:177,(anonymous_4)
FN:182,(anonymous_5)
FN:189,(anonymous_6)
FN:207,(anonymous_7)
FN:210,(anonymous_8)
FN:214,(anonymous_9)
FN:220,(anonymous_10)
FN:282,(anonymous_11)
FN:294,(anonymous_12)
FN:312,(anonymous_13)
FNF:14
FNH:0
FNDA:0,HomeScreen
FNDA:0,(anonymous_1)
FNDA:0,(anonymous_2)
FNDA:0,(anonymous_3)
FNDA:0,(anonymous_4)
FNDA:0,(anonymous_5)
FNDA:0,(anonymous_6)
FNDA:0,(anonymous_7)
FNDA:0,(anonymous_8)
FNDA:0,(anonymous_9)
FNDA:0,(anonymous_10)
FNDA:0,(anonymous_11)
FNDA:0,(anonymous_12)
FNDA:0,(anonymous_13)
DA:27,0
DA:71,0
DA:146,0
DA:156,0
DA:157,0
DA:158,0
DA:159,0
DA:161,0
DA:162,0
DA:163,0
DA:165,0
DA:168,0
DA:174,0
DA:175,0
DA:177,0
DA:178,0
DA:182,0
DA:187,0
DA:190,0
DA:207,0
DA:208,0
DA:210,0
DA:214,0
DA:215,0
DA:220,0
DA:240,0
DA:282,0
DA:294,0
DA:312,0
DA:323,0
LF:30
LH:0
BRDA:162,0,0,0
BRDA:162,0,1,0
BRDA:218,1,0,0
BRDA:218,1,1,0
BRDA:225,2,0,0
BRDA:225,2,1,0
BRDA:233,3,0,0
BRDA:233,3,1,0
BRF:8
BRH:0
end_of_record
TN:
SF:src/screens/LiveStream/seller/LiveStreamHostScreen.tsx
FN:4,(anonymous_0)
FNF:1
FNH:0
FNDA:0,(anonymous_0)
DA:4,0
DA:5,0
DA:12,0
LF:3
LH:0
BRF:0
BRH:0
end_of_record
TN:
SF:src/screens/LiveStream/seller/ScheduleStreamScreen.tsx
FN:4,(anonymous_0)
FNF:1
FNH:0
FNDA:0,(anonymous_0)
DA:4,0
DA:5,0
DA:12,0
LF:3
LH:0
BRF:0
BRH:0
end_of_record
TN:
SF:src/screens/LiveStream/viewer/LiveStreamViewerScreen.tsx
FN:8,(anonymous_0)
FN:12,(anonymous_1)
FN:21,(anonymous_2)
FN:64,(anonymous_3)
FN:65,(anonymous_4)
FNF:5
FNH:0
FNDA:0,(anonymous_0)
FNDA:0,(anonymous_1)
FNDA:0,(anonymous_2)
FNDA:0,(anonymous_3)
FNDA:0,(anonymous_4)
DA:8,0
DA:9,0
DA:10,0
DA:12,0
DA:13,0
DA:14,0
DA:15,0
DA:16,0
DA:21,0
DA:22,0
DA:23,0
DA:30,0
DA:31,0
DA:41,0
DA:42,0
DA:51,0
DA:52,0
DA:61,0
DA:64,0
DA:65,0
DA:80,0
LF:21
LH:0
BRDA:13,0,0,0
BRDA:13,0,1,0
BRDA:15,1,0,0
BRDA:15,1,1,0
BRDA:15,2,0,0
BRDA:15,2,1,0
BRDA:22,3,0,0
BRDA:22,3,1,0
BRDA:30,4,0,0
BRDA:30,4,1,0
BRDA:41,5,0,0
BRDA:41,5,1,0
BRDA:51,6,0,0
BRDA:51,6,1,0
BRDA:51,7,0,0
BRDA:51,7,1,0
BRF:16
BRH:0
end_of_record
TN:
SF:src/screens/LiveStream/viewer/PreviousStreamsScreen.tsx
FN:4,(anonymous_0)
FNF:1
FNH:0
FNDA:0,(anonymous_0)
DA:4,0
DA:5,0
DA:12,0
LF:3
LH:0
BRF:0
BRH:0
end_of_record
TN:
SF:src/screens/LiveStream/viewer/StreamEndedScreen.tsx
FN:4,(anonymous_0)
FNF:1
FNH:0
FNDA:0,(anonymous_0)
DA:4,0
DA:5,0
DA:12,0
LF:3
LH:0
BRF:0
BRH:0
end_of_record
TN:
SF:src/screens/LiveStream/viewer/components/HeaderOverlay.tsx
FN:21,(anonymous_0)
FN:28,(anonymous_1)
FNF:2
FNH:0
FNDA:0,(anonymous_0)
FNDA:0,(anonymous_1)
DA:21,0
DA:28,0
DA:29,0
DA:30,0
DA:31,0
DA:32,0
DA:34,0
DA:37,0
DA:75,0
LF:9
LH:0
BRDA:24,0,0,0
BRDA:29,1,0,0
BRDA:29,1,1,0
BRDA:31,2,0,0
BRDA:31,2,1,0
BRDA:42,3,0,0
BRDA:42,3,1,0
BRDA:48,4,0,0
BRDA:48,4,1,0
BRDA:50,5,0,0
BRDA:50,5,1,0
BRDA:56,6,0,0
BRDA:56,6,1,0
BRF:13
BRH:0
end_of_record
TN:
SF:src/screens/LiveStream/viewer/components/SideToolbar.tsx
FN:17,(anonymous_0)
FN:28,(anonymous_1)
FNF:2
FNH:0
FNDA:0,(anonymous_0)
FNDA:0,(anonymous_1)
DA:17,0
DA:22,0
DA:28,0
DA:33,0
DA:54,0
LF:5
LH:0
BRF:0
BRH:0
end_of_record
TN:
SF:src/screens/LiveStream/viewer/components/FooterOverlay/ActionRow.tsx
FN:14,(anonymous_0)
FN:23,(anonymous_1)
FNF:2
FNH:0
FNDA:0,(anonymous_0)
FNDA:0,(anonymous_1)
DA:14,0
DA:21,0
DA:23,0
DA:24,0
DA:25,0
DA:26,0
DA:30,0
DA:51,0
LF:8
LH:0
BRDA:19,0,0,0
BRDA:24,1,0,0
BRDA:24,1,1,0
BRF:3
BRH:0
end_of_record
TN:
SF:src/screens/LiveStream/viewer/components/FooterOverlay/ChatSection.tsx
FN:10,(anonymous_0)
FN:25,(anonymous_1)
FNF:2
FNH:0
FNDA:0,(anonymous_0)
FNDA:0,(anonymous_1)
DA:10,0
DA:15,0
DA:19,0
DA:26,0
DA:38,0
LF:5
LH:0
BRDA:12,0,0,0
BRF:1
BRH:0
end_of_record
TN:
SF:src/screens/LiveStream/viewer/components/FooterOverlay/FooterOverlay.tsx
FN:27,(anonymous_0)
FNF:1
FNH:0
FNDA:0,(anonymous_0)
DA:27,0
DA:45,0
DA:68,0
LF:3
LH:0
BRF:0
BRH:0
end_of_record
TN:
SF:src/screens/LiveStream/viewer/components/FooterOverlay/ProductInfo.tsx
FN:11,(anonymous_0)
FN:17,(anonymous_1)
FN:21,(anonymous_2)
FNF:3
FNH:0
FNDA:0,(anonymous_0)
FNDA:0,(anonymous_1)
FNDA:0,(anonymous_2)
DA:11,0
DA:17,0
DA:18,0
DA:21,0
DA:22,0
DA:23,0
DA:26,0
DA:44,0
LF:8
LH:0
BRDA:22,0,0,0
BRDA:22,0,1,0
BRF:2
BRH:0
end_of_record
TN:
SF:src/screens/Notifications/NotificationsScreen.tsx
FN:25,(anonymous_0)
FN:33,(anonymous_1)
FN:37,(anonymous_2)
FN:53,(anonymous_3)
FN:69,(anonymous_4)
FN:79,(anonymous_5)
FN:80,(anonymous_6)
FN:89,(anonymous_7)
FN:95,(anonymous_8)
FN:97,(anonymous_9)
FN:107,(anonymous_10)
FN:108,(anonymous_11)
FN:115,(anonymous_12)
FN:121,(anonymous_13)
FN:142,(anonymous_14)
FN:163,(anonymous_15)
FN:184,(anonymous_16)
FN:203,(anonymous_17)
FN:233,(anonymous_18)
FN:236,(anonymous_19)
FN:279,(anonymous_20)
FN:293,(anonymous_21)
FN:331,(anonymous_22)
FN:353,(anonymous_23)
FNF:24
FNH:0
FNDA:0,(anonymous_0)
FNDA:0,(anonymous_1)
FNDA:0,(anonymous_2)
FNDA:0,(anonymous_3)
FNDA:0,(anonymous_4)
FNDA:0,(anonymous_5)
FNDA:0,(anonymous_6)
FNDA:0,(anonymous_7)
FNDA:0,(anonymous_8)
FNDA:0,(anonymous_9)
FNDA:0,(anonymous_10)
FNDA:0,(anonymous_11)
FNDA:0,(anonymous_12)
FNDA:0,(anonymous_13)
FNDA:0,(anonymous_14)
FNDA:0,(anonymous_15)
FNDA:0,(anonymous_16)
FNDA:0,(anonymous_17)
FNDA:0,(anonymous_18)
FNDA:0,(anonymous_19)
FNDA:0,(anonymous_20)
FNDA:0,(anonymous_21)
FNDA:0,(anonymous_22)
FNDA:0,(anonymous_23)
DA:25,0
DA:26,0
DA:27,0
DA:28,0
DA:29,0
DA:30,0
DA:31,0
DA:33,0
DA:34,0
DA:37,0
DA:38,0
DA:40,0
DA:41,0
DA:42,0
DA:44,0
DA:50,0
DA:51,0
DA:53,0
DA:54,0
DA:61,0
DA:63,0
DA:65,0
DA:69,0
DA:70,0
DA:71,0
DA:72,0
DA:74,0
DA:79,0
DA:80,0
DA:81,0
DA:85,0
DA:89,0
DA:90,0
DA:91,0
DA:92,0
DA:94,0
DA:95,0
DA:97,0
DA:98,0
DA:99,0
DA:105,0
DA:107,0
DA:108,0
DA:111,0
DA:115,0
DA:116,0
DA:117,0
DA:118,0
DA:121,0
DA:122,0
DA:124,0
DA:126,0
DA:128,0
DA:130,0
DA:132,0
DA:134,0
DA:136,0
DA:138,0
DA:142,0
DA:143,0
DA:145,0
DA:147,0
DA:149,0
DA:151,0
DA:153,0
DA:155,0
DA:157,0
DA:159,0
DA:163,0
DA:164,0
DA:166,0
DA:168,0
DA:170,0
DA:172,0
DA:174,0
DA:176,0
DA:178,0
DA:180,0
DA:184,0
DA:185,0
DA:186,0
DA:187,0
DA:188,0
DA:189,0
DA:191,0
DA:192,0
DA:193,0
DA:194,0
DA:195,0
DA:196,0
DA:203,0
DA:204,0
DA:207,0
DA:208,0
DA:210,0
DA:212,0
DA:213,0
DA:215,0
DA:217,0
DA:218,0
DA:220,0
DA:222,0
DA:223,0
DA:225,0
DA:227,0
DA:232,0
DA:233,0
DA:236,0
DA:238,0
DA:239,0
DA:250,0
DA:279,0
DA:293,0
DA:332,0
DA:333,0
DA:335,0
DA:353,0
LF:117
LH:0
BRDA:38,0,0,0
BRDA:38,0,1,0
BRDA:57,1,0,0
BRDA:57,1,1,0
BRDA:81,2,0,0
BRDA:81,2,1,0
BRDA:122,3,0,0
BRDA:122,3,1,0
BRDA:122,3,2,0
BRDA:122,3,3,0
BRDA:122,3,4,0
BRDA:122,3,5,0
BRDA:122,3,6,0
BRDA:122,3,7,0
BRDA:143,4,0,0
BRDA:143,4,1,0
BRDA:143,4,2,0
BRDA:143,4,3,0
BRDA:143,4,4,0
BRDA:143,4,5,0
BRDA:143,4,6,0
BRDA:143,4,7,0
BRDA:164,5,0,0
BRDA:164,5,1,0
BRDA:164,5,2,0
BRDA:164,5,3,0
BRDA:164,5,4,0
BRDA:164,5,5,0
BRDA:164,5,6,0
BRDA:164,5,7,0
BRDA:191,6,0,0
BRDA:191,6,1,0
BRDA:192,7,0,0
BRDA:192,7,1,0
BRDA:193,8,0,0
BRDA:193,8,1,0
BRDA:194,9,0,0
BRDA:194,9,1,0
BRDA:195,10,0,0
BRDA:195,10,1,0
BRDA:207,11,0,0
BRDA:207,11,1,0
BRDA:210,12,0,0
BRDA:210,12,1,0
BRDA:210,12,2,0
BRDA:210,12,3,0
BRDA:212,13,0,0
BRDA:212,13,1,0
BRDA:217,14,0,0
BRDA:217,14,1,0
BRDA:222,15,0,0
BRDA:222,15,1,0
BRDA:232,16,0,0
BRDA:232,16,1,0
BRDA:238,17,0,0
BRDA:238,17,1,0
BRDA:261,18,0,0
BRDA:261,18,1,0
BRDA:275,19,0,0
BRDA:275,19,1,0
BRDA:282,20,0,0
BRDA:282,20,1,0
BRDA:289,21,0,0
BRDA:289,21,1,0
BRDA:296,22,0,0
BRDA:296,22,1,0
BRDA:315,23,0,0
BRDA:315,23,1,0
BRDA:321,24,0,0
BRDA:321,24,1,0
BRDA:324,25,0,0
BRDA:324,25,1,0
BRDA:339,26,0,0
BRDA:339,26,1,0
BRDA:349,27,0,0
BRDA:349,27,1,0
BRDA:351,28,0,0
BRDA:351,28,1,0
BRDA:383,29,0,0
BRDA:383,29,1,0
BRDA:396,30,0,0
BRDA:396,30,1,0
BRDA:402,31,0,0
BRDA:402,31,1,0
BRDA:410,32,0,0
BRDA:410,32,1,0
BRF:86
BRH:0
end_of_record
TN:
SF:src/screens/Orders/SellerOrdersScreen.tsx
FN:12,(anonymous_0)
FN:34,(anonymous_1)
FN:42,(anonymous_2)
FNF:3
FNH:0
FNDA:0,(anonymous_0)
FNDA:0,(anonymous_1)
FNDA:0,(anonymous_2)
DA:12,0
DA:13,0
DA:15,0
DA:22,0
DA:35,0
DA:42,0
LF:6
LH:0
BRDA:38,0,0,0
BRDA:38,0,1,0
BRDA:46,1,0,0
BRDA:46,1,1,0
BRF:4
BRH:0
end_of_record
TN:
SF:src/screens/Other/AboutAppScreen.tsx
FN:4,(anonymous_0)
FNF:1
FNH:0
FNDA:0,(anonymous_0)
DA:4,0
DA:5,0
LF:2
LH:0
BRF:0
BRH:0
end_of_record
TN:
SF:src/screens/Other/HelpSupportScreen.tsx
FN:4,(anonymous_0)
FNF:1
FNH:0
FNDA:0,(anonymous_0)
DA:4,0
DA:5,0
LF:2
LH:0
BRF:0
BRH:0
end_of_record
TN:
SF:src/screens/Other/PrivacyPolicyScreen.tsx
FN:4,(anonymous_0)
FNF:1
FNH:0
FNDA:0,(anonymous_0)
DA:4,0
DA:5,0
LF:2
LH:0
BRF:0
BRH:0
end_of_record
TN:
SF:src/screens/Other/TermsAndConditionsScreen.tsx
FN:4,(anonymous_0)
FNF:1
FNH:0
FNDA:0,(anonymous_0)
DA:4,0
DA:5,0
LF:2
LH:0
BRF:0
BRH:0
end_of_record
TN:
SF:src/screens/Product/ProductDetailScreen.tsx
FN:30,ProductDetailScreen
FN:44,(anonymous_1)
FN:45,(anonymous_2)
FN:73,(anonymous_3)
FN:74,(anonymous_4)
FN:97,(anonymous_5)
FN:139,(anonymous_6)
FN:148,(anonymous_7)
FN:154,(anonymous_8)
FN:206,(anonymous_9)
FN:217,(anonymous_10)
FN:276,(anonymous_11)
FN:307,(anonymous_12)
FN:351,(anonymous_13)
FN:353,(anonymous_14)
FN:376,(anonymous_15)
FN:390,(anonymous_16)
FN:404,(anonymous_17)
FNF:18
FNH:0
FNDA:0,ProductDetailScreen
FNDA:0,(anonymous_1)
FNDA:0,(anonymous_2)
FNDA:0,(anonymous_3)
FNDA:0,(anonymous_4)
FNDA:0,(anonymous_5)
FNDA:0,(anonymous_6)
FNDA:0,(anonymous_7)
FNDA:0,(anonymous_8)
FNDA:0,(anonymous_9)
FNDA:0,(anonymous_10)
FNDA:0,(anonymous_11)
FNDA:0,(anonymous_12)
FNDA:0,(anonymous_13)
FNDA:0,(anonymous_14)
FNDA:0,(anonymous_15)
FNDA:0,(anonymous_16)
FNDA:0,(anonymous_17)
DA:28,0
DA:31,0
DA:32,0
DA:33,0
DA:35,0
DA:36,0
DA:37,0
DA:38,0
DA:39,0
DA:40,0
DA:42,0
DA:44,0
DA:45,0
DA:46,0
DA:47,0
DA:48,0
DA:50,0
DA:51,0
DA:52,0
DA:53,0
DA:56,0
DA:58,0
DA:59,0
DA:61,0
DA:65,0
DA:68,0
DA:69,0
DA:70,0
DA:72,0
DA:74,0
DA:75,0
DA:76,0
DA:77,0
DA:80,0
DA:81,0
DA:82,0
DA:84,0
DA:85,0
DA:86,0
DA:87,0
DA:88,0
DA:89,0
DA:90,0
DA:91,0
DA:93,0
DA:94,0
DA:97,0
DA:98,0
DA:99,0
DA:100,0
DA:103,0
DA:104,0
DA:106,0
DA:107,0
DA:108,0
DA:109,0
DA:110,0
DA:112,0
DA:115,0
DA:116,0
DA:119,0
DA:122,0
DA:124,0
DA:125,0
DA:126,0
DA:128,0
DA:130,0
DA:133,0
DA:134,0
DA:137,0
DA:139,0
DA:140,0
DA:141,0
DA:142,0
DA:148,0
DA:149,0
DA:150,0
DA:151,0
DA:154,0
DA:157,0
DA:160,0
DA:161,0
DA:162,0
DA:163,0
DA:166,0
DA:168,0
DA:178,0
DA:179,0
DA:186,0
DA:187,0
DA:194,0
DA:207,0
DA:218,0
DA:277,0
DA:308,0
DA:351,0
DA:354,0
DA:377,0
DA:390,0
DA:404,0
LF:100
LH:0
BRDA:50,0,0,0
BRDA:50,0,1,0
BRDA:75,1,0,0
BRDA:75,1,1,0
BRDA:84,2,0,0
BRDA:84,2,1,0
BRDA:84,3,0,0
BRDA:84,3,1,0
BRDA:88,4,0,0
BRDA:88,4,1,0
BRDA:88,5,0,0
BRDA:88,5,1,0
BRDA:93,6,0,0
BRDA:93,6,1,0
BRDA:98,7,0,0
BRDA:98,7,1,0
BRDA:106,8,0,0
BRDA:106,8,1,0
BRDA:108,9,0,0
BRDA:108,9,1,0
BRDA:125,10,0,0
BRDA:125,10,1,0
BRDA:140,11,0,0
BRDA:140,11,1,0
BRDA:157,12,0,0
BRDA:157,12,1,0
BRDA:160,13,0,0
BRDA:160,13,1,0
BRDA:162,14,0,0
BRDA:162,14,1,0
BRDA:178,15,0,0
BRDA:178,15,1,0
BRDA:186,16,0,0
BRDA:186,16,1,0
BRDA:221,17,0,0
BRDA:221,17,1,0
BRDA:227,18,0,0
BRDA:227,18,1,0
BRDA:231,19,0,0
BRDA:231,19,1,0
BRDA:237,20,0,0
BRDA:237,20,1,0
BRDA:249,21,0,0
BRDA:249,21,1,0
BRDA:249,22,0,0
BRDA:249,22,1,0
BRDA:249,22,2,0
BRDA:252,23,0,0
BRDA:252,23,1,0
BRDA:290,24,0,0
BRDA:290,24,1,0
BRDA:344,25,0,0
BRDA:344,25,1,0
BRDA:344,25,2,0
BRDA:373,26,0,0
BRDA:373,26,1,0
BRDA:386,27,0,0
BRDA:386,27,1,0
BRF:58
BRH:0
end_of_record
TN:
SF:src/screens/Product/ProductListScreen.tsx
FN:4,(anonymous_0)
FNF:1
FNH:0
FNDA:0,(anonymous_0)
DA:4,0
DA:5,0
LF:2
LH:0
BRF:0
BRH:0
end_of_record
TN:
SF:src/screens/Products/AddProductScreen.tsx
FN:14,(anonymous_0)
FN:25,(anonymous_1)
FN:33,(anonymous_2)
FN:46,(anonymous_3)
FN:57,(anonymous_4)
FN:68,(anonymous_5)
FN:79,(anonymous_6)
FN:89,(anonymous_7)
FNF:8
FNH:0
FNDA:0,(anonymous_0)
FNDA:0,(anonymous_1)
FNDA:0,(anonymous_2)
FNDA:0,(anonymous_3)
FNDA:0,(anonymous_4)
FNDA:0,(anonymous_5)
FNDA:0,(anonymous_6)
FNDA:0,(anonymous_7)
DA:14,0
DA:15,0
DA:16,0
DA:25,0
DA:26,0
DA:29,0
DA:33,0
DA:46,0
DA:57,0
DA:68,0
DA:79,0
DA:89,0
LF:12
LH:0
BRF:0
BRH:0
end_of_record
TN:
SF:src/screens/Products/MyProductsScreen.tsx
FN:18,(anonymous_0)
FN:29,(anonymous_1)
FN:40,(anonymous_2)
FNF:3
FNH:0
FNDA:0,(anonymous_0)
FNDA:0,(anonymous_1)
FNDA:0,(anonymous_2)
DA:18,0
DA:19,0
DA:22,0
DA:29,0
DA:40,0
LF:5
LH:0
BRF:0
BRH:0
end_of_record
TN:
SF:src/screens/Seller/BusinessDocumentsScreen.tsx
FN:4,(anonymous_0)
FNF:1
FNH:0
FNDA:0,(anonymous_0)
DA:4,0
DA:5,0
DA:13,0
LF:3
LH:0
BRF:0
BRH:0
end_of_record
TN:
SF:src/screens/Seller/EditSellerProfileScreen.tsx
FN:4,(anonymous_0)
FNF:1
FNH:0
FNDA:0,(anonymous_0)
DA:4,0
DA:5,0
DA:13,0
LF:3
LH:0
BRF:0
BRH:0
end_of_record
TN:
SF:src/screens/Seller/SellerDashboardScreen.tsx
FN:25,(anonymous_0)
FN:32,(anonymous_1)
FN:87,(anonymous_2)
FN:91,(anonymous_3)
FN:97,(anonymous_4)
FN:116,(anonymous_5)
FN:174,(anonymous_6)
FN:253,(anonymous_7)
FN:259,(anonymous_8)
FN:265,(anonymous_9)
FN:271,(anonymous_10)
FN:290,(anonymous_11)
FNF:12
FNH:0
FNDA:0,(anonymous_0)
FNDA:0,(anonymous_1)
FNDA:0,(anonymous_2)
FNDA:0,(anonymous_3)
FNDA:0,(anonymous_4)
FNDA:0,(anonymous_5)
FNDA:0,(anonymous_6)
FNDA:0,(anonymous_7)
FNDA:0,(anonymous_8)
FNDA:0,(anonymous_9)
FNDA:0,(anonymous_10)
FNDA:0,(anonymous_11)
DA:25,0
DA:26,0
DA:27,0
DA:28,0
DA:29,0
DA:30,0
DA:32,0
DA:33,0
DA:34,0
DA:35,0
DA:38,0
DA:79,0
DA:81,0
DA:83,0
DA:87,0
DA:88,0
DA:91,0
DA:92,0
DA:93,0
DA:94,0
DA:97,0
DA:103,0
DA:116,0
DA:122,0
DA:135,0
DA:136,0
DA:144,0
DA:145,0
DA:152,0
DA:154,0
DA:174,0
DA:253,0
DA:259,0
DA:265,0
DA:290,0
LF:35
LH:0
BRDA:40,0,0,0
BRDA:40,0,1,0
BRDA:41,1,0,0
BRDA:41,1,1,0
BRDA:42,2,0,0
BRDA:42,2,1,0
BRDA:43,3,0,0
BRDA:43,3,1,0
BRDA:44,4,0,0
BRDA:44,4,1,0
BRDA:49,5,0,0
BRDA:49,5,1,0
BRDA:56,6,0,0
BRDA:56,6,1,0
BRDA:57,7,0,0
BRDA:57,7,1,0
BRDA:58,8,0,0
BRDA:58,8,1,0
BRDA:59,9,0,0
BRDA:59,9,1,0
BRDA:60,10,0,0
BRDA:60,10,1,0
BRDA:61,11,0,0
BRDA:61,11,1,0
BRDA:62,12,0,0
BRDA:62,12,1,0
BRDA:63,13,0,0
BRDA:63,13,1,0
BRDA:64,14,0,0
BRDA:64,14,1,0
BRDA:65,15,0,0
BRDA:65,15,1,0
BRDA:66,16,0,0
BRDA:66,16,1,0
BRDA:135,17,0,0
BRDA:135,17,1,0
BRDA:135,18,0,0
BRDA:135,18,1,0
BRDA:144,19,0,0
BRDA:144,19,1,0
BRDA:184,20,0,0
BRDA:184,20,1,0
BRDA:187,21,0,0
BRDA:187,21,1,0
BRDA:189,22,0,0
BRDA:189,22,1,0
BRDA:192,23,0,0
BRDA:192,23,1,0
BRDA:194,24,0,0
BRDA:194,24,1,0
BRF:50
BRH:0
end_of_record
TN:
SF:src/screens/Seller/SellerProfileScreen.tsx
FN:21,(anonymous_0)
FN:25,(anonymous_1)
FN:186,(anonymous_2)
FN:197,(anonymous_3)
FNF:4
FNH:0
FNDA:0,(anonymous_0)
FNDA:0,(anonymous_1)
FNDA:0,(anonymous_2)
FNDA:0,(anonymous_3)
DA:21,0
DA:22,0
DA:23,0
DA:25,0
DA:26,0
DA:27,0
DA:29,0
DA:33,0
DA:34,0
DA:41,0
DA:186,0
DA:197,0
LF:12
LH:0
BRDA:33,0,0,0
BRDA:33,0,1,0
BRDA:61,1,0,0
BRDA:61,1,1,0
BRDA:64,2,0,0
BRDA:64,2,1,0
BRDA:66,3,0,0
BRDA:66,3,1,0
BRDA:69,4,0,0
BRDA:69,4,1,0
BRDA:71,5,0,0
BRDA:71,5,1,0
BRDA:107,6,0,0
BRDA:107,6,1,0
BRDA:117,7,0,0
BRDA:117,7,1,0
BRF:16
BRH:0
end_of_record
TN:
SF:src/screens/SellerProfile/FollowedSellersScreen.tsx
FN:4,(anonymous_0)
FNF:1
FNH:0
FNDA:0,(anonymous_0)
DA:4,0
DA:5,0
LF:2
LH:0
BRF:0
BRH:0
end_of_record
TN:
SF:src/screens/SellerProfile/SellerDashboardScreen.tsx
FN:4,(anonymous_0)
FNF:1
FNH:0
FNDA:0,(anonymous_0)
DA:4,0
DA:5,0
LF:2
LH:0
BRF:0
BRH:0
end_of_record
TN:
SF:src/screens/SellerProfile/SellerProfileScreen.tsx
FN:27,(anonymous_0)
FN:57,(anonymous_1)
FN:74,(anonymous_2)
FN:75,(anonymous_3)
FN:78,(anonymous_4)
FN:79,(anonymous_5)
FN:85,(anonymous_6)
FN:86,(anonymous_7)
FN:92,(anonymous_8)
FN:124,(anonymous_9)
FN:155,(anonymous_10)
FN:187,(anonymous_11)
FN:191,(anonymous_12)
FN:237,(anonymous_13)
FN:251,(anonymous_14)
FN:268,(anonymous_15)
FN:288,(anonymous_16)
FN:294,(anonymous_17)
FN:301,(anonymous_18)
FN:307,(anonymous_19)
FN:315,(anonymous_20)
FN:322,(anonymous_21)
FN:354,(anonymous_22)
FN:370,(anonymous_23)
FN:386,(anonymous_24)
FNF:25
FNH:0
FNDA:0,(anonymous_0)
FNDA:0,(anonymous_1)
FNDA:0,(anonymous_2)
FNDA:0,(anonymous_3)
FNDA:0,(anonymous_4)
FNDA:0,(anonymous_5)
FNDA:0,(anonymous_6)
FNDA:0,(anonymous_7)
FNDA:0,(anonymous_8)
FNDA:0,(anonymous_9)
FNDA:0,(anonymous_10)
FNDA:0,(anonymous_11)
FNDA:0,(anonymous_12)
FNDA:0,(anonymous_13)
FNDA:0,(anonymous_14)
FNDA:0,(anonymous_15)
FNDA:0,(anonymous_16)
FNDA:0,(anonymous_17)
FNDA:0,(anonymous_18)
FNDA:0,(anonymous_19)
FNDA:0,(anonymous_20)
FNDA:0,(anonymous_21)
FNDA:0,(anonymous_22)
FNDA:0,(anonymous_23)
FNDA:0,(anonymous_24)
DA:27,0
DA:28,0
DA:29,0
DA:31,0
DA:32,0
DA:33,0
DA:35,0
DA:54,0
DA:55,0
DA:57,0
DA:58,0
DA:59,0
DA:70,0
DA:74,0
DA:75,0
DA:78,0
DA:79,0
DA:85,0
DA:86,0
DA:92,0
DA:93,0
DA:94,0
DA:95,0
DA:96,0
DA:97,0
DA:100,0
DA:107,0
DA:108,0
DA:109,0
DA:110,0
DA:113,0
DA:114,0
DA:117,0
DA:118,0
DA:120,0
DA:124,0
DA:125,0
DA:127,0
DA:128,0
DA:129,0
DA:130,0
DA:132,0
DA:142,0
DA:143,0
DA:145,0
DA:146,0
DA:148,0
DA:149,0
DA:151,0
DA:155,0
DA:156,0
DA:157,0
DA:168,0
DA:170,0
DA:173,0
DA:174,0
DA:182,0
DA:187,0
DA:191,0
DA:237,0
DA:251,0
DA:268,0
DA:288,0
DA:294,0
DA:301,0
DA:307,0
DA:315,0
DA:322,0
DA:354,0
DA:370,0
DA:386,0
LF:71
LH:0
BRDA:58,0,0,0
BRDA:58,0,1,0
BRDA:64,1,0,0
BRDA:64,1,1,0
BRDA:70,2,0,0
BRDA:70,2,1,0
BRDA:81,3,0,0
BRDA:81,3,1,0
BRDA:88,4,0,0
BRDA:88,4,1,0
BRDA:95,5,0,0
BRDA:95,5,1,0
BRDA:107,6,0,0
BRDA:107,6,1,0
BRDA:107,7,0,0
BRDA:107,7,1,0
BRDA:125,8,0,0
BRDA:125,8,1,0
BRDA:156,9,0,0
BRDA:156,9,1,0
BRDA:162,10,0,0
BRDA:162,10,1,0
BRDA:168,11,0,0
BRDA:168,11,1,0
BRDA:173,12,0,0
BRDA:173,12,1,0
BRDA:192,13,0,0
BRDA:192,13,1,0
BRDA:204,14,0,0
BRDA:204,14,1,0
BRDA:210,15,0,0
BRDA:210,15,1,0
BRDA:215,16,0,0
BRDA:215,16,1,0
BRDA:222,17,0,0
BRDA:222,17,1,0
BRDA:233,18,0,0
BRDA:233,18,1,0
BRDA:247,19,0,0
BRDA:247,19,1,0
BRDA:257,20,0,0
BRDA:257,20,1,0
BRDA:264,21,0,0
BRDA:264,21,1,0
BRDA:283,22,0,0
BRDA:283,22,1,0
BRDA:330,23,0,0
BRDA:330,23,1,0
BRDA:350,24,0,0
BRDA:350,24,1,0
BRDA:359,25,0,0
BRDA:359,25,1,0
BRDA:366,26,0,0
BRDA:366,26,1,0
BRDA:375,27,0,0
BRDA:375,27,1,0
BRDA:382,28,0,0
BRDA:382,28,1,0
BRDA:391,29,0,0
BRDA:391,29,1,0
BRDA:402,30,0,0
BRDA:402,30,1,0
BRDA:405,31,0,0
BRDA:405,31,1,0
BRDA:407,32,0,0
BRDA:407,32,1,0
BRDA:410,33,0,0
BRDA:410,33,1,0
BRDA:412,34,0,0
BRDA:412,34,1,0
BRDA:415,35,0,0
BRDA:415,35,1,0
BRDA:423,36,0,0
BRDA:423,36,1,0
BRDA:436,37,0,0
BRDA:436,37,1,0
BRF:76
BRH:0
end_of_record
TN:
SF:src/screens/Streams/CreateStreamScreen.tsx
FN:14,(anonymous_0)
FN:23,(anonymous_1)
FN:31,(anonymous_2)
FN:44,(anonymous_3)
FN:55,(anonymous_4)
FN:62,(anonymous_5)
FN:70,(anonymous_6)
FNF:7
FNH:0
FNDA:0,(anonymous_0)
FNDA:0,(anonymous_1)
FNDA:0,(anonymous_2)
FNDA:0,(anonymous_3)
FNDA:0,(anonymous_4)
FNDA:0,(anonymous_5)
FNDA:0,(anonymous_6)
DA:14,0
DA:15,0
DA:16,0
DA:23,0
DA:24,0
DA:27,0
DA:31,0
DA:44,0
DA:55,0
DA:63,0
DA:70,0
LF:11
LH:0
BRDA:66,0,0,0
BRDA:66,0,1,0
BRF:2
BRH:0
end_of_record
TN:
SF:src/screens/Streams/MyStreamsScreen.tsx
FN:19,(anonymous_0)
FN:30,(anonymous_1)
FN:41,(anonymous_2)
FNF:3
FNH:0
FNDA:0,(anonymous_0)
FNDA:0,(anonymous_1)
FNDA:0,(anonymous_2)
DA:19,0
DA:20,0
DA:23,0
DA:30,0
DA:41,0
LF:5
LH:0
BRF:0
BRH:0
end_of_record
TN:
SF:src/screens/UserProfile/ChangePasswordScreen.tsx
FN:21,ChangePasswordScreen
FN:28,(anonymous_1)
FNF:2
FNH:0
FNDA:0,ChangePasswordScreen
FNDA:0,(anonymous_1)
DA:22,0
DA:23,0
DA:24,0
DA:25,0
DA:26,0
DA:28,0
DA:29,0
DA:30,0
DA:31,0
DA:34,0
DA:35,0
DA:36,0
DA:39,0
DA:40,0
DA:41,0
DA:44,0
DA:46,0
DA:47,0
DA:49,0
DA:50,0
DA:51,0
DA:53,0
DA:54,0
DA:55,0
DA:56,0
DA:58,0
DA:59,0
DA:61,0
DA:62,0
DA:63,0
DA:64,0
DA:65,0
DA:66,0
DA:67,0
DA:68,0
DA:70,0
DA:72,0
DA:75,0
DA:76,0
DA:80,0
DA:126,0
LF:41
LH:0
BRDA:29,0,0,0
BRDA:29,0,1,0
BRDA:29,1,0,0
BRDA:29,1,1,0
BRDA:29,1,2,0
BRDA:34,2,0,0
BRDA:34,2,1,0
BRDA:39,3,0,0
BRDA:39,3,1,0
BRDA:46,4,0,0
BRDA:46,4,1,0
BRDA:46,5,0,0
BRDA:46,5,1,0
BRDA:61,6,0,0
BRDA:61,6,1,0
BRDA:61,7,0,0
BRDA:61,7,1,0
BRDA:63,8,0,0
BRDA:63,8,1,0
BRDA:65,9,0,0
BRDA:65,9,1,0
BRDA:67,10,0,0
BRDA:67,10,1,0
BRDA:115,11,0,0
BRDA:115,11,1,0
BRF:25
BRH:0
end_of_record
TN:
SF:src/screens/UserProfile/EditProfileScreen.tsx
FN:16,EditProfileScreen
FN:23,(anonymous_1)
FNF:2
FNH:0
FNDA:0,EditProfileScreen
FNDA:0,(anonymous_1)
DA:17,0
DA:18,0
DA:19,0
DA:20,0
DA:21,0
DA:23,0
DA:24,0
DA:25,0
DA:26,0
DA:28,0
DA:29,0
DA:31,0
DA:33,0
DA:37,0
DA:77,0
LF:15
LH:0
BRDA:19,0,0,0
BRDA:19,0,1,0
BRDA:62,1,0,0
BRDA:62,1,1,0
BRF:4
BRH:0
end_of_record
TN:
SF:src/screens/UserProfile/MyBidsScreen.tsx
FN:45,(anonymous_0)
FN:46,(anonymous_1)
FN:72,(anonymous_2)
FNF:3
FNH:0
FNDA:0,(anonymous_0)
FNDA:0,(anonymous_1)
FNDA:0,(anonymous_2)
DA:21,0
DA:45,0
DA:46,0
DA:47,0
DA:66,0
DA:72,0
DA:79,0
LF:7
LH:0
BRDA:57,0,0,0
BRDA:57,0,1,0
BRF:2
BRH:0
end_of_record
TN:
SF:src/screens/UserProfile/MyOrdersScreen.tsx
FN:45,MyOrdersScreen
FN:46,(anonymous_1)
FN:63,(anonymous_2)
FNF:3
FNH:0
FNDA:0,MyOrdersScreen
FNDA:0,(anonymous_1)
FNDA:0,(anonymous_2)
DA:21,0
DA:46,0
DA:47,0
DA:57,0
DA:63,0
DA:70,0
LF:6
LH:0
BRF:0
BRH:0
end_of_record
TN:
SF:src/screens/UserProfile/MyProfileScreen.tsx
FN:24,MyProfileScreen
FN:36,(anonymous_1)
FN:38,(anonymous_2)
FN:50,(anonymous_3)
FN:53,(anonymous_4)
FN:58,(anonymous_5)
FN:64,(anonymous_6)
FN:138,(anonymous_7)
FN:172,(anonymous_8)
FN:242,(anonymous_9)
FN:246,(anonymous_10)
FNF:11
FNH:0
FNDA:0,MyProfileScreen
FNDA:0,(anonymous_1)
FNDA:0,(anonymous_2)
FNDA:0,(anonymous_3)
FNDA:0,(anonymous_4)
FNDA:0,(anonymous_5)
FNDA:0,(anonymous_6)
FNDA:0,(anonymous_7)
FNDA:0,(anonymous_8)
FNDA:0,(anonymous_9)
FNDA:0,(anonymous_10)
DA:25,0
DA:26,0
DA:27,0
DA:28,0
DA:36,0
DA:38,0
DA:40,0
DA:47,0
DA:50,0
DA:51,0
DA:53,0
DA:54,0
DA:58,0
DA:59,0
DA:65,0
DA:66,0
DA:68,0
DA:75,0
DA:123,0
DA:124,0
DA:132,0
DA:133,0
DA:138,0
DA:146,0
DA:154,0
DA:155,0
DA:157,0
DA:160,0
DA:172,0
DA:243,0
DA:246,0
DA:295,0
LF:32
LH:0
BRDA:82,0,0,0
BRDA:82,0,1,0
BRDA:90,1,0,0
BRDA:90,1,1,0
BRDA:98,2,0,0
BRDA:98,2,1,0
BRDA:123,3,0,0
BRDA:123,3,1,0
BRDA:132,4,0,0
BRDA:132,4,1,0
BRDA:154,5,0,0
BRDA:154,5,1,0
BRDA:155,6,0,0
BRDA:155,6,1,0
BRDA:157,7,0,0
BRDA:157,7,1,0
BRDA:203,8,0,0
BRDA:203,8,1,0
BRDA:258,9,0,0
BRDA:258,9,1,0
BRF:20
BRH:0
end_of_record
TN:
SF:src/screens/UserProfile/MyWinsScreen.tsx
FN:45,(anonymous_0)
FN:46,(anonymous_1)
FN:63,(anonymous_2)
FNF:3
FNH:0
FNDA:0,(anonymous_0)
FNDA:0,(anonymous_1)
FNDA:0,(anonymous_2)
DA:21,0
DA:45,0
DA:46,0
DA:47,0
DA:57,0
DA:63,0
DA:70,0
LF:7
LH:0
BRF:0
BRH:0
end_of_record
TN:
SF:src/screens/UserProfile/SettingsScreen.tsx
FN:15,SettingsScreen
FN:28,(anonymous_1)
FN:33,(anonymous_2)
FNF:3
FNH:0
FNDA:0,SettingsScreen
FNDA:0,(anonymous_1)
FNDA:0,(anonymous_2)
DA:16,0
DA:17,0
DA:19,0
DA:28,0
DA:33,0
DA:69,0
LF:6
LH:0
BRF:0
BRH:0
end_of_record
TN:
SF:src/services/blytzPerformance.ts
FN:2,(anonymous_0)
FNF:1
FNH:0
FNDA:0,(anonymous_0)
DA:1,0
DA:3,0
DA:4,0
LF:3
LH:0
BRDA:3,0,0,0
BRDA:3,0,1,0
BRF:2
BRH:0
end_of_record
TN:
SF:src/services/fiuuPayment.ts
FN:30,(anonymous_0)
FN:36,(anonymous_1)
FN:77,(anonymous_2)
FNF:3
FNH:0
FNDA:0,(anonymous_0)
FNDA:0,(anonymous_1)
FNDA:0,(anonymous_2)
DA:3,0
DA:32,0
DA:33,0
DA:37,0
DA:38,0
DA:51,0
DA:59,0
DA:61,0
DA:68,0
DA:78,0
DA:79,0
DA:85,0
DA:93,0
DA:94,0
DA:96,0
LF:15
LH:0
BRF:0
BRH:0
end_of_record
TN:
SF:src/services/streaming.ts
FN:12,(anonymous_0)
FNF:1
FNH:0
FNDA:0,(anonymous_0)
DA:12,1
DA:15,0
DA:18,0
DA:19,0
DA:25,0
DA:26,0
DA:29,0
DA:32,1
LF:8
LH:2
BRDA:18,0,0,0
BRDA:18,0,1,0
BRDA:18,1,0,0
BRDA:18,1,1,0
BRDA:25,2,0,0
BRDA:25,2,1,0
BRF:6
BRH:0
end_of_record
TN:
SF:src/services/firebase/auth.ts
FN:4,(anonymous_0)
FN:6,(anonymous_1)
FN:8,(anonymous_2)
FN:10,(anonymous_3)
FN:11,(anonymous_4)
FN:14,(anonymous_5)
FNF:6
FNH:0
FNDA:0,(anonymous_0)
FNDA:0,(anonymous_1)
FNDA:0,(anonymous_2)
FNDA:0,(anonymous_3)
FNDA:0,(anonymous_4)
FNDA:0,(anonymous_5)
DA:3,0
DA:5,0
DA:7,0
DA:9,0
DA:10,0
DA:13,0
DA:17,0
LF:7
LH:0
BRF:0
BRH:0
end_of_record
TN:
SF:src/services/firebase/firebase.ts
FNF:0
FNH:0
DA:11,0
LF:1
LH:0
BRF:0
BRH:0
end_of_record
TN:
SF:src/services/firebase/firestore.ts
FNF:0
FNH:0
DA:11,0
LF:1
LH:0
BRF:0
BRH:0
end_of_record
TN:
SF:src/services/firebase/functions.ts
FNF:0
FNH:0
DA:3,0
LF:1
LH:0
BRF:0
BRH:0
end_of_record
TN:
SF:src/services/firebase/storage.ts
FN:9,(anonymous_0)
FN:30,(anonymous_1)
FN:40,(anonymous_2)
FN:45,(anonymous_3)
FN:51,(anonymous_4)
FN:55,(anonymous_5)
FNF:6
FNH:0
FNDA:0,(anonymous_0)
FNDA:0,(anonymous_1)
FNDA:0,(anonymous_2)
FNDA:0,(anonymous_3)
FNDA:0,(anonymous_4)
FNDA:0,(anonymous_5)
DA:9,0
DA:14,0
DA:15,0
DA:18,0
DA:21,0
DA:23,0
DA:25,0
DA:26,0
DA:30,0
DA:31,0
DA:32,0
DA:33,0
DA:35,0
DA:36,0
DA:40,0
DA:41,0
DA:42,0
DA:45,0
DA:46,0
DA:47,0
DA:48,0
DA:51,0
DA:54,0
DA:55,0
DA:56,0
DA:57,0
DA:59,0
DA:60,0
DA:64,0
LF:29
LH:0
BRDA:42,0,0,0
BRDA:42,0,1,0
BRF:2
BRH:0
end_of_record
TN:
SF:src/services/logistics/shipping.ts
FN:1,(anonymous_0)
FNF:1
FNH:0
FNDA:0,(anonymous_0)
DA:1,0
DA:7,0
DA:10,0
LF:3
LH:0
BRF:0
BRH:0
end_of_record
TN:
SF:src/services/notifications/pushNotifications.ts
FN:4,requestUserPermission
FN:16,getFcmToken
FN:24,listenForMessages
FN:25,(anonymous_3)
FN:33,(anonymous_4)
FN:43,(anonymous_5)
FNF:6
FNH:0
FNDA:0,requestUserPermission
FNDA:0,getFcmToken
FNDA:0,listenForMessages
FNDA:0,(anonymous_3)
FNDA:0,(anonymous_4)
FNDA:0,(anonymous_5)
DA:5,0
DA:7,0
DA:10,0
DA:11,0
DA:12,0
DA:17,0
DA:18,0
DA:20,0
DA:25,0
DA:26,0
DA:27,0
DA:33,0
DA:34,0
DA:41,0
DA:44,0
DA:45,0
LF:16
LH:0
BRDA:7,0,0,0
BRDA:7,0,1,0
BRDA:10,1,0,0
BRDA:10,1,1,0
BRDA:18,2,0,0
BRDA:18,2,1,0
BRDA:28,3,0,0
BRDA:28,3,1,0
BRDA:29,4,0,0
BRDA:29,4,1,0
BRDA:44,5,0,0
BRDA:44,5,1,0
BRF:12
BRH:0
end_of_record
TN:
SF:src/services/payments/curlec.ts
FNF:0
FNH:0
DA:4,0
LF:1
LH:0
BRF:0
BRH:0
end_of_record
TN:
SF:src/utils/responsive.ts
FN:9,(anonymous_0)
FN:10,(anonymous_1)
FN:12,(anonymous_2)
FNF:3
FNH:0
FNDA:0,(anonymous_0)
FNDA:0,(anonymous_1)
FNDA:0,(anonymous_2)
DA:4,0
DA:5,0
DA:7,0
DA:9,0
DA:10,0
DA:11,0
DA:12,0
DA:13,0
LF:8
LH:0
BRDA:12,0,0,0
BRF:1
BRH:0
end_of_record
